PARAFILE=mpiwini8.pnm, PROTOCOL=MPI, NODES= 6
TABLE NO.     1: Importance Sampling assisted by MAP Estimation: Goal Function=FINAL VALUE OF OBJECTIVE FUNCTION: Problem=1 Subproblem=0 Superproblem1=0 Iteration1=0 Superproblem2=0 Iteration2=0
 ITERATION            0
 STARTING SUBJECTS          1 TO      417 ON MANAGER: OK
 STARTING SUBJECTS        418 TO      834 ON WORKER1: OK
 STARTING SUBJECTS        835 TO     1251 ON WORKER2: OK
 STARTING SUBJECTS       1252 TO     1668 ON WORKER3: OK
 STARTING SUBJECTS       1669 TO     2084 ON WORKER4: OK
 STARTING SUBJECTS       2085 TO     2500 ON WORKER5: OK
 COLLECTING SUBJECTS        1 TO      417 ON MANAGER
 COLLECTING SUBJECTS      418 TO      834 ON WORKER1
 COLLECTING SUBJECTS      835 TO     1251 ON WORKER2
 COLLECTING SUBJECTS     1252 TO     1668 ON WORKER3
 COLLECTING SUBJECTS     1669 TO     2084 ON WORKER4
 COLLECTING SUBJECTS     2085 TO     2500 ON WORKER5
 ITERATION            0
 STARTING SUBJECTS          1 TO      417 ON MANAGER: OK
 STARTING SUBJECTS        418 TO      834 ON WORKER1: OK
 STARTING SUBJECTS        835 TO     1251 ON WORKER2: OK
 STARTING SUBJECTS       1252 TO     1668 ON WORKER3: OK
 STARTING SUBJECTS       1669 TO     2084 ON WORKER4: OK
 STARTING SUBJECTS       2085 TO     2500 ON WORKER5: OK
 COLLECTING SUBJECTS        1 TO      417 ON MANAGER
 COLLECTING SUBJECTS      835 TO     1251 ON WORKER2
 COLLECTING SUBJECTS     1669 TO     2084 ON WORKER4
 COLLECTING SUBJECTS      418 TO      834 ON WORKER1
 COLLECTING SUBJECTS     1252 TO     1668 ON WORKER3
 COLLECTING SUBJECTS     2085 TO     2500 ON WORKER5
 Total Load   Time for this  Iteration  (DDD:HH:MM:SS.DD) 000:00:00:02.52
 Total Comp.  Time for this  Iteration  (DDD:HH:MM:SS.DD) 000:00:00:50.91
 Accum. Load  Time among all Iterations (DDD:HH:MM:SS.DD) 000:00:00:02.52
 Accum. Comp. Time among all Iterations (DDD:HH:MM:SS.DD) 000:00:00:50.91
 
 ITERATION            1
 STARTING SUBJECTS          1 TO      433 ON MANAGER: OK
 STARTING SUBJECTS        434 TO      839 ON WORKER1: OK
 STARTING SUBJECTS        840 TO     1258 ON WORKER2: OK
 STARTING SUBJECTS       1259 TO     1671 ON WORKER3: OK
 STARTING SUBJECTS       1672 TO     2089 ON WORKER4: OK
 STARTING SUBJECTS       2090 TO     2500 ON WORKER5: OK
 COLLECTING SUBJECTS        1 TO      433 ON MANAGER
 COLLECTING SUBJECTS     1672 TO     2089 ON WORKER4
 COLLECTING SUBJECTS     2090 TO     2500 ON WORKER5
 COLLECTING SUBJECTS      434 TO      839 ON WORKER1
 COLLECTING SUBJECTS      840 TO     1258 ON WORKER2
 COLLECTING SUBJECTS     1259 TO     1671 ON WORKER3
 ITERATION            1
 STARTING SUBJECTS          1 TO      433 ON MANAGER: OK
 STARTING SUBJECTS        434 TO      839 ON WORKER1: OK
 STARTING SUBJECTS        840 TO     1258 ON WORKER2: OK
 STARTING SUBJECTS       1259 TO     1671 ON WORKER3: OK
 STARTING SUBJECTS       1672 TO     2089 ON WORKER4: OK
 STARTING SUBJECTS       2090 TO     2500 ON WORKER5: OK
 COLLECTING SUBJECTS        1 TO      433 ON MANAGER
 COLLECTING SUBJECTS      434 TO      839 ON WORKER1
 COLLECTING SUBJECTS      840 TO     1258 ON WORKER2
 COLLECTING SUBJECTS     1259 TO     1671 ON WORKER3
 COLLECTING SUBJECTS     1672 TO     2089 ON WORKER4
 COLLECTING SUBJECTS     2090 TO     2500 ON WORKER5
 Total Load   Time for this  Iteration  (DDD:HH:MM:SS.DD) 000:00:00:01.76
 Total Comp.  Time for this  Iteration  (DDD:HH:MM:SS.DD) 000:00:00:49.32
 Accum. Load  Time among all Iterations (DDD:HH:MM:SS.DD) 000:00:00:04.28
 Accum. Comp. Time among all Iterations (DDD:HH:MM:SS.DD) 000:00:01:40.23
 
 ITERATION            2
 STARTING SUBJECTS          1 TO      419 ON MANAGER: OK
 STARTING SUBJECTS        420 TO      833 ON WORKER1: OK
 STARTING SUBJECTS        834 TO     1246 ON WORKER2: OK
 STARTING SUBJECTS       1247 TO     1657 ON WORKER3: OK
 STARTING SUBJECTS       1658 TO     2090 ON WORKER4: OK
 STARTING SUBJECTS       2091 TO     2500 ON WORKER5: OK
 COLLECTING SUBJECTS        1 TO      419 ON MANAGER
 COLLECTING SUBJECTS      420 TO      833 ON WORKER1
 COLLECTING SUBJECTS     1247 TO     1657 ON WORKER3
 COLLECTING SUBJECTS      834 TO     1246 ON WORKER2
 COLLECTING SUBJECTS     2091 TO     2500 ON WORKER5
 COLLECTING SUBJECTS     1658 TO     2090 ON WORKER4
 ITERATION            2
 STARTING SUBJECTS          1 TO      419 ON MANAGER: OK
 STARTING SUBJECTS        420 TO      833 ON WORKER1: OK
 STARTING SUBJECTS        834 TO     1246 ON WORKER2: OK
 STARTING SUBJECTS       1247 TO     1657 ON WORKER3: OK
 STARTING SUBJECTS       1658 TO     2090 ON WORKER4: OK
 STARTING SUBJECTS       2091 TO     2500 ON WORKER5: OK
 COLLECTING SUBJECTS        1 TO      419 ON MANAGER
 COLLECTING SUBJECTS      834 TO     1246 ON WORKER2
 COLLECTING SUBJECTS     1247 TO     1657 ON WORKER3
 COLLECTING SUBJECTS     1658 TO     2090 ON WORKER4
 COLLECTING SUBJECTS     2091 TO     2500 ON WORKER5
 COLLECTING SUBJECTS      420 TO      833 ON WORKER1
 Total Load   Time for this  Iteration  (DDD:HH:MM:SS.DD) 000:00:00:01.09
 Total Comp.  Time for this  Iteration  (DDD:HH:MM:SS.DD) 000:00:00:48.38
 Accum. Load  Time among all Iterations (DDD:HH:MM:SS.DD) 000:00:00:05.37
 Accum. Comp. Time among all Iterations (DDD:HH:MM:SS.DD) 000:00:02:28.61
 
 ITERATION            3
 STARTING SUBJECTS          1 TO      421 ON MANAGER: OK
 STARTING SUBJECTS        422 TO      841 ON WORKER1: OK
 STARTING SUBJECTS        842 TO     1260 ON WORKER2: OK
 STARTING SUBJECTS       1261 TO     1671 ON WORKER3: OK
 STARTING SUBJECTS       1672 TO     2095 ON WORKER4: OK
 STARTING SUBJECTS       2096 TO     2500 ON WORKER5: OK
 COLLECTING SUBJECTS        1 TO      421 ON MANAGER
 COLLECTING SUBJECTS     1672 TO     2095 ON WORKER4
 COLLECTING SUBJECTS     1261 TO     1671 ON WORKER3
 COLLECTING SUBJECTS     2096 TO     2500 ON WORKER5
 COLLECTING SUBJECTS      842 TO     1260 ON WORKER2
 COLLECTING SUBJECTS      422 TO      841 ON WORKER1
 ITERATION            3
 STARTING SUBJECTS          1 TO      421 ON MANAGER: OK
 STARTING SUBJECTS        422 TO      841 ON WORKER1: OK
 STARTING SUBJECTS        842 TO     1260 ON WORKER2: OK
 STARTING SUBJECTS       1261 TO     1671 ON WORKER3: OK
 STARTING SUBJECTS       1672 TO     2095 ON WORKER4: OK
 STARTING SUBJECTS       2096 TO     2500 ON WORKER5: OK
 COLLECTING SUBJECTS        1 TO      421 ON MANAGER
 COLLECTING SUBJECTS     1261 TO     1671 ON WORKER3
 COLLECTING SUBJECTS      842 TO     1260 ON WORKER2
 COLLECTING SUBJECTS      422 TO      841 ON WORKER1
 COLLECTING SUBJECTS     1672 TO     2095 ON WORKER4
 COLLECTING SUBJECTS     2096 TO     2500 ON WORKER5
 Total Load   Time for this  Iteration  (DDD:HH:MM:SS.DD) 000:00:00:00.50
 Total Comp.  Time for this  Iteration  (DDD:HH:MM:SS.DD) 000:00:00:47.53
 Accum. Load  Time among all Iterations (DDD:HH:MM:SS.DD) 000:00:00:05.87
 Accum. Comp. Time among all Iterations (DDD:HH:MM:SS.DD) 000:00:03:16.15
 
 ITERATION            4
 STARTING SUBJECTS          1 TO      431 ON MANAGER: OK
 STARTING SUBJECTS        432 TO      831 ON WORKER1: OK
 STARTING SUBJECTS        832 TO     1246 ON WORKER2: OK
 STARTING SUBJECTS       1247 TO     1675 ON WORKER3: OK
 STARTING SUBJECTS       1676 TO     2101 ON WORKER4: OK
 STARTING SUBJECTS       2102 TO     2500 ON WORKER5: OK
 COLLECTING SUBJECTS        1 TO      431 ON MANAGER
 COLLECTING SUBJECTS      432 TO      831 ON WORKER1
 COLLECTING SUBJECTS      832 TO     1246 ON WORKER2
 COLLECTING SUBJECTS     2102 TO     2500 ON WORKER5
 COLLECTING SUBJECTS     1247 TO     1675 ON WORKER3
 COLLECTING SUBJECTS     1676 TO     2101 ON WORKER4
 ITERATION            4
 STARTING SUBJECTS          1 TO      431 ON MANAGER: OK
 STARTING SUBJECTS        432 TO      831 ON WORKER1: OK
 STARTING SUBJECTS        832 TO     1246 ON WORKER2: OK
 STARTING SUBJECTS       1247 TO     1675 ON WORKER3: OK
 STARTING SUBJECTS       1676 TO     2101 ON WORKER4: OK
 STARTING SUBJECTS       2102 TO     2500 ON WORKER5: OK
 COLLECTING SUBJECTS        1 TO      431 ON MANAGER
 COLLECTING SUBJECTS      832 TO     1246 ON WORKER2
 COLLECTING SUBJECTS     2102 TO     2500 ON WORKER5
 COLLECTING SUBJECTS     1676 TO     2101 ON WORKER4
 COLLECTING SUBJECTS      432 TO      831 ON WORKER1
 COLLECTING SUBJECTS     1247 TO     1675 ON WORKER3
 Total Load   Time for this  Iteration  (DDD:HH:MM:SS.DD) 000:00:00:00.72
 Total Comp.  Time for this  Iteration  (DDD:HH:MM:SS.DD) 000:00:00:47.91
 Accum. Load  Time among all Iterations (DDD:HH:MM:SS.DD) 000:00:00:06.59
 Accum. Comp. Time among all Iterations (DDD:HH:MM:SS.DD) 000:00:04:04.06
 
 ITERATION            5
 STARTING SUBJECTS          1 TO      436 ON MANAGER: OK
 STARTING SUBJECTS        437 TO      839 ON WORKER1: OK
 STARTING SUBJECTS        840 TO     1258 ON WORKER2: OK
 STARTING SUBJECTS       1259 TO     1673 ON WORKER3: OK
 STARTING SUBJECTS       1674 TO     2092 ON WORKER4: OK
 STARTING SUBJECTS       2093 TO     2500 ON WORKER5: OK
 COLLECTING SUBJECTS        1 TO      436 ON MANAGER
 COLLECTING SUBJECTS      437 TO      839 ON WORKER1
 COLLECTING SUBJECTS     1674 TO     2092 ON WORKER4
 COLLECTING SUBJECTS     2093 TO     2500 ON WORKER5
 COLLECTING SUBJECTS     1259 TO     1673 ON WORKER3
 COLLECTING SUBJECTS      840 TO     1258 ON WORKER2
 ITERATION            5
 STARTING SUBJECTS          1 TO      436 ON MANAGER: OK
 STARTING SUBJECTS        437 TO      839 ON WORKER1: OK
 STARTING SUBJECTS        840 TO     1258 ON WORKER2: OK
 STARTING SUBJECTS       1259 TO     1673 ON WORKER3: OK
 STARTING SUBJECTS       1674 TO     2092 ON WORKER4: OK
 STARTING SUBJECTS       2093 TO     2500 ON WORKER5: OK
 COLLECTING SUBJECTS        1 TO      436 ON MANAGER
 COLLECTING SUBJECTS      840 TO     1258 ON WORKER2
 COLLECTING SUBJECTS     1259 TO     1673 ON WORKER3
 COLLECTING SUBJECTS     1674 TO     2092 ON WORKER4
 COLLECTING SUBJECTS     2093 TO     2500 ON WORKER5
 COLLECTING SUBJECTS      437 TO      839 ON WORKER1
 Total Load   Time for this  Iteration  (DDD:HH:MM:SS.DD) 000:00:00:01.36
 Total Comp.  Time for this  Iteration  (DDD:HH:MM:SS.DD) 000:00:00:48.14
 Accum. Load  Time among all Iterations (DDD:HH:MM:SS.DD) 000:00:00:07.95
 Accum. Comp. Time among all Iterations (DDD:HH:MM:SS.DD) 000:00:04:52.20
 
 ITERATION            6
 STARTING SUBJECTS          1 TO      426 ON MANAGER: OK
 STARTING SUBJECTS        427 TO      835 ON WORKER1: OK
 STARTING SUBJECTS        836 TO     1252 ON WORKER2: OK
 STARTING SUBJECTS       1253 TO     1657 ON WORKER3: OK
 STARTING SUBJECTS       1658 TO     2089 ON WORKER4: OK
 STARTING SUBJECTS       2090 TO     2500 ON WORKER5: OK
 COLLECTING SUBJECTS        1 TO      426 ON MANAGER
 COLLECTING SUBJECTS      836 TO     1252 ON WORKER2
 COLLECTING SUBJECTS     1253 TO     1657 ON WORKER3
 COLLECTING SUBJECTS     1658 TO     2089 ON WORKER4
 COLLECTING SUBJECTS     2090 TO     2500 ON WORKER5
 COLLECTING SUBJECTS      427 TO      835 ON WORKER1
 ITERATION            6
 STARTING SUBJECTS          1 TO      426 ON MANAGER: OK
 STARTING SUBJECTS        427 TO      835 ON WORKER1: OK
 STARTING SUBJECTS        836 TO     1252 ON WORKER2: OK
 STARTING SUBJECTS       1253 TO     1657 ON WORKER3: OK
 STARTING SUBJECTS       1658 TO     2089 ON WORKER4: OK
 STARTING SUBJECTS       2090 TO     2500 ON WORKER5: OK
 COLLECTING SUBJECTS        1 TO      426 ON MANAGER
 COLLECTING SUBJECTS     1253 TO     1657 ON WORKER3
 COLLECTING SUBJECTS      427 TO      835 ON WORKER1
 COLLECTING SUBJECTS     2090 TO     2500 ON WORKER5
 COLLECTING SUBJECTS     1658 TO     2089 ON WORKER4
 COLLECTING SUBJECTS      836 TO     1252 ON WORKER2
 Total Load   Time for this  Iteration  (DDD:HH:MM:SS.DD) 000:00:00:01.37
 Total Comp.  Time for this  Iteration  (DDD:HH:MM:SS.DD) 000:00:00:47.35
 Accum. Load  Time among all Iterations (DDD:HH:MM:SS.DD) 000:00:00:09.32
 Accum. Comp. Time among all Iterations (DDD:HH:MM:SS.DD) 000:00:05:39.55
 
 ITERATION            7
 STARTING SUBJECTS          1 TO      420 ON MANAGER: OK
 STARTING SUBJECTS        421 TO      828 ON WORKER1: OK
 STARTING SUBJECTS        829 TO     1245 ON WORKER2: OK
 STARTING SUBJECTS       1246 TO     1662 ON WORKER3: OK
 STARTING SUBJECTS       1663 TO     2093 ON WORKER4: OK
 STARTING SUBJECTS       2094 TO     2500 ON WORKER5: OK
 COLLECTING SUBJECTS        1 TO      420 ON MANAGER
 COLLECTING SUBJECTS     1663 TO     2093 ON WORKER4
 COLLECTING SUBJECTS     2094 TO     2500 ON WORKER5
 COLLECTING SUBJECTS      421 TO      828 ON WORKER1
 COLLECTING SUBJECTS      829 TO     1245 ON WORKER2
 COLLECTING SUBJECTS     1246 TO     1662 ON WORKER3
 ITERATION            7
 STARTING SUBJECTS          1 TO      420 ON MANAGER: OK
 STARTING SUBJECTS        421 TO      828 ON WORKER1: OK
 STARTING SUBJECTS        829 TO     1245 ON WORKER2: OK
 STARTING SUBJECTS       1246 TO     1662 ON WORKER3: OK
 STARTING SUBJECTS       1663 TO     2093 ON WORKER4: OK
 STARTING SUBJECTS       2094 TO     2500 ON WORKER5: OK
 COLLECTING SUBJECTS        1 TO      420 ON MANAGER
 COLLECTING SUBJECTS      829 TO     1245 ON WORKER2
 COLLECTING SUBJECTS     1246 TO     1662 ON WORKER3
 COLLECTING SUBJECTS      421 TO      828 ON WORKER1
 COLLECTING SUBJECTS     1663 TO     2093 ON WORKER4
 COLLECTING SUBJECTS     2094 TO     2500 ON WORKER5
 Total Load   Time for this  Iteration  (DDD:HH:MM:SS.DD) 000:00:00:01.06
 Total Comp.  Time for this  Iteration  (DDD:HH:MM:SS.DD) 000:00:00:47.72
 Accum. Load  Time among all Iterations (DDD:HH:MM:SS.DD) 000:00:00:10.39
 Accum. Comp. Time among all Iterations (DDD:HH:MM:SS.DD) 000:00:06:27.27
 
 ITERATION            8
 STARTING SUBJECTS          1 TO      416 ON MANAGER: OK
 STARTING SUBJECTS        417 TO      824 ON WORKER1: OK
 STARTING SUBJECTS        825 TO     1243 ON WORKER2: OK
 STARTING SUBJECTS       1244 TO     1666 ON WORKER3: OK
 STARTING SUBJECTS       1667 TO     2092 ON WORKER4: OK
 STARTING SUBJECTS       2093 TO     2500 ON WORKER5: OK
 COLLECTING SUBJECTS        1 TO      416 ON MANAGER
 COLLECTING SUBJECTS     1244 TO     1666 ON WORKER3
 COLLECTING SUBJECTS     1667 TO     2092 ON WORKER4
 COLLECTING SUBJECTS     2093 TO     2500 ON WORKER5
 COLLECTING SUBJECTS      825 TO     1243 ON WORKER2
 COLLECTING SUBJECTS      417 TO      824 ON WORKER1
 ITERATION            8
 STARTING SUBJECTS          1 TO      416 ON MANAGER: OK
 STARTING SUBJECTS        417 TO      824 ON WORKER1: OK
 STARTING SUBJECTS        825 TO     1243 ON WORKER2: OK
 STARTING SUBJECTS       1244 TO     1666 ON WORKER3: OK
 STARTING SUBJECTS       1667 TO     2092 ON WORKER4: OK
 STARTING SUBJECTS       2093 TO     2500 ON WORKER5: OK
 COLLECTING SUBJECTS        1 TO      416 ON MANAGER
 COLLECTING SUBJECTS      417 TO      824 ON WORKER1
 COLLECTING SUBJECTS     1244 TO     1666 ON WORKER3
 COLLECTING SUBJECTS     1667 TO     2092 ON WORKER4
 COLLECTING SUBJECTS     2093 TO     2500 ON WORKER5
 COLLECTING SUBJECTS      825 TO     1243 ON WORKER2
 Total Load   Time for this  Iteration  (DDD:HH:MM:SS.DD) 000:00:00:00.59
 Total Comp.  Time for this  Iteration  (DDD:HH:MM:SS.DD) 000:00:00:47.42
 Accum. Load  Time among all Iterations (DDD:HH:MM:SS.DD) 000:00:00:10.98
 Accum. Comp. Time among all Iterations (DDD:HH:MM:SS.DD) 000:00:07:14.69
 
 ITERATION            9
 STARTING SUBJECTS          1 TO      424 ON MANAGER: OK
 STARTING SUBJECTS        425 TO      825 ON WORKER1: OK
 STARTING SUBJECTS        826 TO     1234 ON WORKER2: OK
 STARTING SUBJECTS       1235 TO     1659 ON WORKER3: OK
 STARTING SUBJECTS       1660 TO     2087 ON WORKER4: OK
 STARTING SUBJECTS       2088 TO     2500 ON WORKER5: OK
 COLLECTING SUBJECTS        1 TO      424 ON MANAGER
 COLLECTING SUBJECTS      425 TO      825 ON WORKER1
 COLLECTING SUBJECTS      826 TO     1234 ON WORKER2
 COLLECTING SUBJECTS     1660 TO     2087 ON WORKER4
 COLLECTING SUBJECTS     2088 TO     2500 ON WORKER5
 COLLECTING SUBJECTS     1235 TO     1659 ON WORKER3
 ITERATION            9
 STARTING SUBJECTS          1 TO      424 ON MANAGER: OK
 STARTING SUBJECTS        425 TO      825 ON WORKER1: OK
 STARTING SUBJECTS        826 TO     1234 ON WORKER2: OK
 STARTING SUBJECTS       1235 TO     1659 ON WORKER3: OK
 STARTING SUBJECTS       1660 TO     2087 ON WORKER4: OK
 STARTING SUBJECTS       2088 TO     2500 ON WORKER5: OK
 COLLECTING SUBJECTS        1 TO      424 ON MANAGER
 COLLECTING SUBJECTS      826 TO     1234 ON WORKER2
 COLLECTING SUBJECTS      425 TO      825 ON WORKER1
 COLLECTING SUBJECTS     1235 TO     1659 ON WORKER3
 COLLECTING SUBJECTS     2088 TO     2500 ON WORKER5
 COLLECTING SUBJECTS     1660 TO     2087 ON WORKER4
 Total Load   Time for this  Iteration  (DDD:HH:MM:SS.DD) 000:00:00:00.96
 Total Comp.  Time for this  Iteration  (DDD:HH:MM:SS.DD) 000:00:00:47.44
 Accum. Load  Time among all Iterations (DDD:HH:MM:SS.DD) 000:00:00:11.94
 Accum. Comp. Time among all Iterations (DDD:HH:MM:SS.DD) 000:00:08:02.12
 
 ITERATION           10
 STARTING SUBJECTS          1 TO      423 ON MANAGER: OK
 STARTING SUBJECTS        424 TO      833 ON WORKER1: OK
 STARTING SUBJECTS        834 TO     1259 ON WORKER2: OK
 STARTING SUBJECTS       1260 TO     1670 ON WORKER3: OK
 STARTING SUBJECTS       1671 TO     2095 ON WORKER4: OK
 STARTING SUBJECTS       2096 TO     2500 ON WORKER5: OK
 COLLECTING SUBJECTS        1 TO      423 ON MANAGER
 COLLECTING SUBJECTS      834 TO     1259 ON WORKER2
 COLLECTING SUBJECTS     1260 TO     1670 ON WORKER3
 COLLECTING SUBJECTS     2096 TO     2500 ON WORKER5
 COLLECTING SUBJECTS      424 TO      833 ON WORKER1
 COLLECTING SUBJECTS     1671 TO     2095 ON WORKER4
 ITERATION           10
 STARTING SUBJECTS          1 TO      423 ON MANAGER: OK
 STARTING SUBJECTS        424 TO      833 ON WORKER1: OK
 STARTING SUBJECTS        834 TO     1259 ON WORKER2: OK
 STARTING SUBJECTS       1260 TO     1670 ON WORKER3: OK
 STARTING SUBJECTS       1671 TO     2095 ON WORKER4: OK
 STARTING SUBJECTS       2096 TO     2500 ON WORKER5: OK
 COLLECTING SUBJECTS        1 TO      423 ON MANAGER
 COLLECTING SUBJECTS     1671 TO     2095 ON WORKER4
 COLLECTING SUBJECTS     1260 TO     1670 ON WORKER3
 COLLECTING SUBJECTS     2096 TO     2500 ON WORKER5
 COLLECTING SUBJECTS      424 TO      833 ON WORKER1
 COLLECTING SUBJECTS      834 TO     1259 ON WORKER2
 Total Load   Time for this  Iteration  (DDD:HH:MM:SS.DD) 000:00:00:00.47
 Total Comp.  Time for this  Iteration  (DDD:HH:MM:SS.DD) 000:00:00:47.88
 Accum. Load  Time among all Iterations (DDD:HH:MM:SS.DD) 000:00:00:12.41
 Accum. Comp. Time among all Iterations (DDD:HH:MM:SS.DD) 000:00:08:50.00
 
 ITERATION           11
 STARTING SUBJECTS          1 TO      428 ON MANAGER: OK
 STARTING SUBJECTS        429 TO      834 ON WORKER1: OK
 STARTING SUBJECTS        835 TO     1252 ON WORKER2: OK
 STARTING SUBJECTS       1253 TO     1666 ON WORKER3: OK
 STARTING SUBJECTS       1667 TO     2094 ON WORKER4: OK
 STARTING SUBJECTS       2095 TO     2500 ON WORKER5: OK
 COLLECTING SUBJECTS        1 TO      428 ON MANAGER
 COLLECTING SUBJECTS      835 TO     1252 ON WORKER2
 COLLECTING SUBJECTS     1253 TO     1666 ON WORKER3
 COLLECTING SUBJECTS     1667 TO     2094 ON WORKER4
 COLLECTING SUBJECTS     2095 TO     2500 ON WORKER5
 COLLECTING SUBJECTS      429 TO      834 ON WORKER1
 ITERATION           11
 STARTING SUBJECTS          1 TO      428 ON MANAGER: OK
 STARTING SUBJECTS        429 TO      834 ON WORKER1: OK
 STARTING SUBJECTS        835 TO     1252 ON WORKER2: OK
 STARTING SUBJECTS       1253 TO     1666 ON WORKER3: OK
 STARTING SUBJECTS       1667 TO     2094 ON WORKER4: OK
 STARTING SUBJECTS       2095 TO     2500 ON WORKER5: OK
 COLLECTING SUBJECTS        1 TO      428 ON MANAGER
 COLLECTING SUBJECTS     1253 TO     1666 ON WORKER3
 COLLECTING SUBJECTS     1667 TO     2094 ON WORKER4
 COLLECTING SUBJECTS     2095 TO     2500 ON WORKER5
 COLLECTING SUBJECTS      429 TO      834 ON WORKER1
 COLLECTING SUBJECTS      835 TO     1252 ON WORKER2
 Total Load   Time for this  Iteration  (DDD:HH:MM:SS.DD) 000:00:00:01.47
 Total Comp.  Time for this  Iteration  (DDD:HH:MM:SS.DD) 000:00:00:46.43
 Accum. Load  Time among all Iterations (DDD:HH:MM:SS.DD) 000:00:00:13.88
 Accum. Comp. Time among all Iterations (DDD:HH:MM:SS.DD) 000:00:09:36.43
 
 ITERATION           12
 STARTING SUBJECTS          1 TO      417 ON MANAGER: OK
 STARTING SUBJECTS        418 TO      817 ON WORKER1: OK
 STARTING SUBJECTS        818 TO     1242 ON WORKER2: OK
 STARTING SUBJECTS       1243 TO     1661 ON WORKER3: OK
 STARTING SUBJECTS       1662 TO     2097 ON WORKER4: OK
 STARTING SUBJECTS       2098 TO     2500 ON WORKER5: OK
 COLLECTING SUBJECTS        1 TO      417 ON MANAGER
 COLLECTING SUBJECTS     2098 TO     2500 ON WORKER5
 COLLECTING SUBJECTS      418 TO      817 ON WORKER1
 COLLECTING SUBJECTS     1243 TO     1661 ON WORKER3
 COLLECTING SUBJECTS     1662 TO     2097 ON WORKER4
 COLLECTING SUBJECTS      818 TO     1242 ON WORKER2
 ITERATION           12
 STARTING SUBJECTS          1 TO      417 ON MANAGER: OK
 STARTING SUBJECTS        418 TO      817 ON WORKER1: OK
 STARTING SUBJECTS        818 TO     1242 ON WORKER2: OK
 STARTING SUBJECTS       1243 TO     1661 ON WORKER3: OK
 STARTING SUBJECTS       1662 TO     2097 ON WORKER4: OK
 STARTING SUBJECTS       2098 TO     2500 ON WORKER5: OK
 COLLECTING SUBJECTS        1 TO      417 ON MANAGER
 COLLECTING SUBJECTS      818 TO     1242 ON WORKER2
 COLLECTING SUBJECTS     2098 TO     2500 ON WORKER5
 COLLECTING SUBJECTS      418 TO      817 ON WORKER1
 COLLECTING SUBJECTS     1243 TO     1661 ON WORKER3
 COLLECTING SUBJECTS     1662 TO     2097 ON WORKER4
 Total Load   Time for this  Iteration  (DDD:HH:MM:SS.DD) 000:00:00:00.59
 Total Comp.  Time for this  Iteration  (DDD:HH:MM:SS.DD) 000:00:00:47.77
 Accum. Load  Time among all Iterations (DDD:HH:MM:SS.DD) 000:00:00:14.47
 Accum. Comp. Time among all Iterations (DDD:HH:MM:SS.DD) 000:00:10:24.20
 
 ITERATION           13
 STARTING SUBJECTS          1 TO      420 ON MANAGER: OK
 STARTING SUBJECTS        421 TO      819 ON WORKER1: OK
 STARTING SUBJECTS        820 TO     1242 ON WORKER2: OK
 STARTING SUBJECTS       1243 TO     1657 ON WORKER3: OK
 STARTING SUBJECTS       1658 TO     2084 ON WORKER4: OK
 STARTING SUBJECTS       2085 TO     2500 ON WORKER5: OK
 COLLECTING SUBJECTS        1 TO      420 ON MANAGER
 COLLECTING SUBJECTS      820 TO     1242 ON WORKER2
 COLLECTING SUBJECTS     1243 TO     1657 ON WORKER3
 COLLECTING SUBJECTS      421 TO      819 ON WORKER1
 COLLECTING SUBJECTS     2085 TO     2500 ON WORKER5
 COLLECTING SUBJECTS     1658 TO     2084 ON WORKER4
 ITERATION           13
 STARTING SUBJECTS          1 TO      420 ON MANAGER: OK
 STARTING SUBJECTS        421 TO      819 ON WORKER1: OK
 STARTING SUBJECTS        820 TO     1242 ON WORKER2: OK
 STARTING SUBJECTS       1243 TO     1657 ON WORKER3: OK
 STARTING SUBJECTS       1658 TO     2084 ON WORKER4: OK
 STARTING SUBJECTS       2085 TO     2500 ON WORKER5: OK
 COLLECTING SUBJECTS        1 TO      420 ON MANAGER
 COLLECTING SUBJECTS     1243 TO     1657 ON WORKER3
 COLLECTING SUBJECTS     1658 TO     2084 ON WORKER4
 COLLECTING SUBJECTS      421 TO      819 ON WORKER1
 COLLECTING SUBJECTS     2085 TO     2500 ON WORKER5
 COLLECTING SUBJECTS      820 TO     1242 ON WORKER2
 ITERATION           13
 STARTING SUBJECTS          1 TO      420 ON MANAGER: OK
 STARTING SUBJECTS        421 TO      819 ON WORKER1: OK
 STARTING SUBJECTS        820 TO     1242 ON WORKER2: OK
 STARTING SUBJECTS       1243 TO     1657 ON WORKER3: OK
 STARTING SUBJECTS       1658 TO     2084 ON WORKER4: OK
 STARTING SUBJECTS       2085 TO     2500 ON WORKER5: OK
 COLLECTING SUBJECTS        1 TO      420 ON MANAGER
 COLLECTING SUBJECTS     1243 TO     1657 ON WORKER3
 COLLECTING SUBJECTS      421 TO      819 ON WORKER1
 COLLECTING SUBJECTS      820 TO     1242 ON WORKER2
 COLLECTING SUBJECTS     1658 TO     2084 ON WORKER4
 COLLECTING SUBJECTS     2085 TO     2500 ON WORKER5
 ITERATION           13
 STARTING SUBJECTS          1 TO      420 ON MANAGER: OK
 STARTING SUBJECTS        421 TO      819 ON WORKER1: OK
 STARTING SUBJECTS        820 TO     1242 ON WORKER2: OK
 STARTING SUBJECTS       1243 TO     1657 ON WORKER3: OK
 STARTING SUBJECTS       1658 TO     2084 ON WORKER4: OK
 STARTING SUBJECTS       2085 TO     2500 ON WORKER5: OK
 COLLECTING SUBJECTS        1 TO      420 ON MANAGER
 COLLECTING SUBJECTS      421 TO      819 ON WORKER1
 COLLECTING SUBJECTS     1243 TO     1657 ON WORKER3
 COLLECTING SUBJECTS     1658 TO     2084 ON WORKER4
 COLLECTING SUBJECTS     2085 TO     2500 ON WORKER5
 COLLECTING SUBJECTS      820 TO     1242 ON WORKER2
