PARAFILE=mpiwini8.pnm, PROTOCOL=MPI, NODES= 6
TABLE NO.     1: Iterative Two Stage: Goal Function=FINAL VALUE OF OBJECTIVE FUNCTION: Problem=1 Subproblem=0 Superproblem1=0 Iteration1=0 Superproblem2=0 Iteration2=0
 ITERATION            0
 STARTING SUBJECTS          1 TO      417 ON MANAGER: OK
 STARTING SUBJECTS        418 TO      834 ON WORKER1: OK
 STARTING SUBJECTS        835 TO     1251 ON WORKER2: OK
 STARTING SUBJECTS       1252 TO     1668 ON WORKER3: OK
 STARTING SUBJECTS       1669 TO     2084 ON WORKER4: OK
 STARTING SUBJECTS       2085 TO     2500 ON WORKER5: OK
 COLLECTING SUBJECTS        1 TO      417 ON MANAGER
 COLLECTING SUBJECTS      418 TO      834 ON WORKER1
 COLLECTING SUBJECTS      835 TO     1251 ON WORKER2
 COLLECTING SUBJECTS     1252 TO     1668 ON WORKER3
 COLLECTING SUBJECTS     1669 TO     2084 ON WORKER4
 COLLECTING SUBJECTS     2085 TO     2500 ON WORKER5
 ITERATION            0
 STARTING SUBJECTS          1 TO      417 ON MANAGER: OK
 STARTING SUBJECTS        418 TO      834 ON WORKER1: OK
 STARTING SUBJECTS        835 TO     1251 ON WORKER2: OK
 STARTING SUBJECTS       1252 TO     1668 ON WORKER3: OK
 STARTING SUBJECTS       1669 TO     2084 ON WORKER4: OK
 STARTING SUBJECTS       2085 TO     2500 ON WORKER5: OK
 COLLECTING SUBJECTS        1 TO      417 ON MANAGER
 COLLECTING SUBJECTS      835 TO     1251 ON WORKER2
 COLLECTING SUBJECTS     1252 TO     1668 ON WORKER3
 COLLECTING SUBJECTS     1669 TO     2084 ON WORKER4
 COLLECTING SUBJECTS     2085 TO     2500 ON WORKER5
 COLLECTING SUBJECTS      418 TO      834 ON WORKER1
 Total Load   Time for this  Iteration  (DDD:HH:MM:SS.DD) 000:00:00:03.22
 Total Comp.  Time for this  Iteration  (DDD:HH:MM:SS.DD) 000:00:00:07.96
 Accum. Load  Time among all Iterations (DDD:HH:MM:SS.DD) 000:00:00:03.22
 Accum. Comp. Time among all Iterations (DDD:HH:MM:SS.DD) 000:00:00:07.96
 
 ITERATION            1
 STARTING SUBJECTS          1 TO      416 ON MANAGER: OK
 STARTING SUBJECTS        417 TO      847 ON WORKER1: OK
 STARTING SUBJECTS        848 TO     1260 ON WORKER2: OK
 STARTING SUBJECTS       1261 TO     1663 ON WORKER3: OK
 STARTING SUBJECTS       1664 TO     2075 ON WORKER4: OK
 STARTING SUBJECTS       2076 TO     2500 ON WORKER5: OK
 COLLECTING SUBJECTS        1 TO      416 ON MANAGER
 COLLECTING SUBJECTS      848 TO     1260 ON WORKER2
 COLLECTING SUBJECTS      417 TO      847 ON WORKER1
 COLLECTING SUBJECTS     2076 TO     2500 ON WORKER5
 COLLECTING SUBJECTS     1261 TO     1663 ON WORKER3
 COLLECTING SUBJECTS     1664 TO     2075 ON WORKER4
 ITERATION            1
 STARTING SUBJECTS          1 TO      416 ON MANAGER: OK
 STARTING SUBJECTS        417 TO      847 ON WORKER1: OK
 STARTING SUBJECTS        848 TO     1260 ON WORKER2: OK
 STARTING SUBJECTS       1261 TO     1663 ON WORKER3: OK
 STARTING SUBJECTS       1664 TO     2075 ON WORKER4: OK
 STARTING SUBJECTS       2076 TO     2500 ON WORKER5: OK
 COLLECTING SUBJECTS        1 TO      416 ON MANAGER
 COLLECTING SUBJECTS      848 TO     1260 ON WORKER2
 COLLECTING SUBJECTS     1261 TO     1663 ON WORKER3
 COLLECTING SUBJECTS     1664 TO     2075 ON WORKER4
 COLLECTING SUBJECTS     2076 TO     2500 ON WORKER5
 COLLECTING SUBJECTS      417 TO      847 ON WORKER1
 ITERATION            1
 STARTING SUBJECTS          1 TO      416 ON MANAGER: OK
 STARTING SUBJECTS        417 TO      847 ON WORKER1: OK
 STARTING SUBJECTS        848 TO     1260 ON WORKER2: OK
 STARTING SUBJECTS       1261 TO     1663 ON WORKER3: OK
 STARTING SUBJECTS       1664 TO     2075 ON WORKER4: OK
 STARTING SUBJECTS       2076 TO     2500 ON WORKER5: OK
 COLLECTING SUBJECTS        1 TO      416 ON MANAGER
 COLLECTING SUBJECTS      417 TO      847 ON WORKER1
 COLLECTING SUBJECTS      848 TO     1260 ON WORKER2
 COLLECTING SUBJECTS     1261 TO     1663 ON WORKER3
 COLLECTING SUBJECTS     1664 TO     2075 ON WORKER4
 COLLECTING SUBJECTS     2076 TO     2500 ON WORKER5
 ITERATION            1
 STARTING SUBJECTS          1 TO      416 ON MANAGER: OK
 STARTING SUBJECTS        417 TO      847 ON WORKER1: OK
 STARTING SUBJECTS        848 TO     1260 ON WORKER2: OK
 STARTING SUBJECTS       1261 TO     1663 ON WORKER3: OK
 STARTING SUBJECTS       1664 TO     2075 ON WORKER4: OK
 STARTING SUBJECTS       2076 TO     2500 ON WORKER5: OK
 COLLECTING SUBJECTS        1 TO      416 ON MANAGER
 COLLECTING SUBJECTS     1261 TO     1663 ON WORKER3
 COLLECTING SUBJECTS     2076 TO     2500 ON WORKER5
 COLLECTING SUBJECTS      848 TO     1260 ON WORKER2
 COLLECTING SUBJECTS      417 TO      847 ON WORKER1
 COLLECTING SUBJECTS     1664 TO     2075 ON WORKER4
 Total Load   Time for this  Iteration  (DDD:HH:MM:SS.DD) 000:00:00:00.99
 Total Comp.  Time for this  Iteration  (DDD:HH:MM:SS.DD) 000:00:00:11.53
 Accum. Load  Time among all Iterations (DDD:HH:MM:SS.DD) 000:00:00:04.21
 Accum. Comp. Time among all Iterations (DDD:HH:MM:SS.DD) 000:00:00:19.49
 
 ITERATION            2
 STARTING SUBJECTS          1 TO      435 ON MANAGER: OK
 STARTING SUBJECTS        436 TO      854 ON WORKER1: OK
 STARTING SUBJECTS        855 TO     1277 ON WORKER2: OK
 STARTING SUBJECTS       1278 TO     1671 ON WORKER3: OK
 STARTING SUBJECTS       1672 TO     2058 ON WORKER4: OK
 STARTING SUBJECTS       2059 TO     2500 ON WORKER5: OK
 COLLECTING SUBJECTS        1 TO      435 ON MANAGER
 COLLECTING SUBJECTS      436 TO      854 ON WORKER1
 COLLECTING SUBJECTS      855 TO     1277 ON WORKER2
 COLLECTING SUBJECTS     1278 TO     1671 ON WORKER3
 COLLECTING SUBJECTS     1672 TO     2058 ON WORKER4
 COLLECTING SUBJECTS     2059 TO     2500 ON WORKER5
 ITERATION            2
 STARTING SUBJECTS          1 TO      435 ON MANAGER: OK
 STARTING SUBJECTS        436 TO      854 ON WORKER1: OK
 STARTING SUBJECTS        855 TO     1277 ON WORKER2: OK
 STARTING SUBJECTS       1278 TO     1671 ON WORKER3: OK
 STARTING SUBJECTS       1672 TO     2058 ON WORKER4: OK
 STARTING SUBJECTS       2059 TO     2500 ON WORKER5: OK
 COLLECTING SUBJECTS        1 TO      435 ON MANAGER
 COLLECTING SUBJECTS      855 TO     1277 ON WORKER2
 COLLECTING SUBJECTS     1278 TO     1671 ON WORKER3
 COLLECTING SUBJECTS     1672 TO     2058 ON WORKER4
 COLLECTING SUBJECTS     2059 TO     2500 ON WORKER5
 COLLECTING SUBJECTS      436 TO      854 ON WORKER1
 ITERATION            2
 STARTING SUBJECTS          1 TO      435 ON MANAGER: OK
 STARTING SUBJECTS        436 TO      854 ON WORKER1: OK
 STARTING SUBJECTS        855 TO     1277 ON WORKER2: OK
 STARTING SUBJECTS       1278 TO     1671 ON WORKER3: OK
 STARTING SUBJECTS       1672 TO     2058 ON WORKER4: OK
 STARTING SUBJECTS       2059 TO     2500 ON WORKER5: OK
 COLLECTING SUBJECTS        1 TO      435 ON MANAGER
 COLLECTING SUBJECTS      436 TO      854 ON WORKER1
 COLLECTING SUBJECTS      855 TO     1277 ON WORKER2
 COLLECTING SUBJECTS     1278 TO     1671 ON WORKER3
 COLLECTING SUBJECTS     1672 TO     2058 ON WORKER4
 COLLECTING SUBJECTS     2059 TO     2500 ON WORKER5
 ITERATION            2
 STARTING SUBJECTS          1 TO      435 ON MANAGER: OK
 STARTING SUBJECTS        436 TO      854 ON WORKER1: OK
 STARTING SUBJECTS        855 TO     1277 ON WORKER2: OK
 STARTING SUBJECTS       1278 TO     1671 ON WORKER3: OK
 STARTING SUBJECTS       1672 TO     2058 ON WORKER4: OK
 STARTING SUBJECTS       2059 TO     2500 ON WORKER5: OK
 COLLECTING SUBJECTS        1 TO      435 ON MANAGER
 COLLECTING SUBJECTS     1672 TO     2058 ON WORKER4
 COLLECTING SUBJECTS     2059 TO     2500 ON WORKER5
 COLLECTING SUBJECTS      436 TO      854 ON WORKER1
 COLLECTING SUBJECTS      855 TO     1277 ON WORKER2
 COLLECTING SUBJECTS     1278 TO     1671 ON WORKER3
 Total Load   Time for this  Iteration  (DDD:HH:MM:SS.DD) 000:00:00:01.23
 Total Comp.  Time for this  Iteration  (DDD:HH:MM:SS.DD) 000:00:00:10.52
 Accum. Load  Time among all Iterations (DDD:HH:MM:SS.DD) 000:00:00:05.44
 Accum. Comp. Time among all Iterations (DDD:HH:MM:SS.DD) 000:00:00:30.01
 
 ITERATION            3
 STARTING SUBJECTS          1 TO      405 ON MANAGER: OK
 STARTING SUBJECTS        406 TO      836 ON WORKER1: OK
 STARTING SUBJECTS        837 TO     1249 ON WORKER2: OK
 STARTING SUBJECTS       1250 TO     1666 ON WORKER3: OK
 STARTING SUBJECTS       1667 TO     2068 ON WORKER4: OK
 STARTING SUBJECTS       2069 TO     2500 ON WORKER5: OK
 COLLECTING SUBJECTS        1 TO      405 ON MANAGER
 COLLECTING SUBJECTS      406 TO      836 ON WORKER1
 COLLECTING SUBJECTS      837 TO     1249 ON WORKER2
 COLLECTING SUBJECTS     1250 TO     1666 ON WORKER3
 COLLECTING SUBJECTS     1667 TO     2068 ON WORKER4
 COLLECTING SUBJECTS     2069 TO     2500 ON WORKER5
 ITERATION            3
 STARTING SUBJECTS          1 TO      405 ON MANAGER: OK
 STARTING SUBJECTS        406 TO      836 ON WORKER1: OK
 STARTING SUBJECTS        837 TO     1249 ON WORKER2: OK
 STARTING SUBJECTS       1250 TO     1666 ON WORKER3: OK
 STARTING SUBJECTS       1667 TO     2068 ON WORKER4: OK
 STARTING SUBJECTS       2069 TO     2500 ON WORKER5: OK
 COLLECTING SUBJECTS        1 TO      405 ON MANAGER
 COLLECTING SUBJECTS      837 TO     1249 ON WORKER2
 COLLECTING SUBJECTS     1250 TO     1666 ON WORKER3
 COLLECTING SUBJECTS     1667 TO     2068 ON WORKER4
 COLLECTING SUBJECTS     2069 TO     2500 ON WORKER5
 COLLECTING SUBJECTS      406 TO      836 ON WORKER1
 ITERATION            3
 STARTING SUBJECTS          1 TO      405 ON MANAGER: OK
 STARTING SUBJECTS        406 TO      836 ON WORKER1: OK
 STARTING SUBJECTS        837 TO     1249 ON WORKER2: OK
 STARTING SUBJECTS       1250 TO     1666 ON WORKER3: OK
 STARTING SUBJECTS       1667 TO     2068 ON WORKER4: OK
 STARTING SUBJECTS       2069 TO     2500 ON WORKER5: OK
 COLLECTING SUBJECTS        1 TO      405 ON MANAGER
 COLLECTING SUBJECTS      406 TO      836 ON WORKER1
 COLLECTING SUBJECTS      837 TO     1249 ON WORKER2
 COLLECTING SUBJECTS     1250 TO     1666 ON WORKER3
 COLLECTING SUBJECTS     1667 TO     2068 ON WORKER4
 COLLECTING SUBJECTS     2069 TO     2500 ON WORKER5
 ITERATION            3
 STARTING SUBJECTS          1 TO      405 ON MANAGER: OK
 STARTING SUBJECTS        406 TO      836 ON WORKER1: OK
 STARTING SUBJECTS        837 TO     1249 ON WORKER2: OK
 STARTING SUBJECTS       1250 TO     1666 ON WORKER3: OK
 STARTING SUBJECTS       1667 TO     2068 ON WORKER4: OK
 STARTING SUBJECTS       2069 TO     2500 ON WORKER5: OK
 COLLECTING SUBJECTS        1 TO      405 ON MANAGER
 COLLECTING SUBJECTS      406 TO      836 ON WORKER1
 COLLECTING SUBJECTS      837 TO     1249 ON WORKER2
 COLLECTING SUBJECTS     1250 TO     1666 ON WORKER3
 COLLECTING SUBJECTS     1667 TO     2068 ON WORKER4
 COLLECTING SUBJECTS     2069 TO     2500 ON WORKER5
 Total Load   Time for this  Iteration  (DDD:HH:MM:SS.DD) 000:00:00:01.19
 Total Comp.  Time for this  Iteration  (DDD:HH:MM:SS.DD) 000:00:00:09.99
 Accum. Load  Time among all Iterations (DDD:HH:MM:SS.DD) 000:00:00:06.63
 Accum. Comp. Time among all Iterations (DDD:HH:MM:SS.DD) 000:00:00:40.00
 
 ITERATION            4
 STARTING SUBJECTS          1 TO      416 ON MANAGER: OK
 STARTING SUBJECTS        417 TO      835 ON WORKER1: OK
 STARTING SUBJECTS        836 TO     1255 ON WORKER2: OK
 STARTING SUBJECTS       1256 TO     1670 ON WORKER3: OK
 STARTING SUBJECTS       1671 TO     2071 ON WORKER4: OK
 STARTING SUBJECTS       2072 TO     2500 ON WORKER5: OK
 COLLECTING SUBJECTS        1 TO      416 ON MANAGER
 COLLECTING SUBJECTS      417 TO      835 ON WORKER1
 COLLECTING SUBJECTS      836 TO     1255 ON WORKER2
 COLLECTING SUBJECTS     1256 TO     1670 ON WORKER3
 COLLECTING SUBJECTS     1671 TO     2071 ON WORKER4
 COLLECTING SUBJECTS     2072 TO     2500 ON WORKER5
 ITERATION            4
 STARTING SUBJECTS          1 TO      416 ON MANAGER: OK
 STARTING SUBJECTS        417 TO      835 ON WORKER1: OK
 STARTING SUBJECTS        836 TO     1255 ON WORKER2: OK
 STARTING SUBJECTS       1256 TO     1670 ON WORKER3: OK
 STARTING SUBJECTS       1671 TO     2071 ON WORKER4: OK
 STARTING SUBJECTS       2072 TO     2500 ON WORKER5: OK
 COLLECTING SUBJECTS        1 TO      416 ON MANAGER
 COLLECTING SUBJECTS      417 TO      835 ON WORKER1
 COLLECTING SUBJECTS      836 TO     1255 ON WORKER2
 COLLECTING SUBJECTS     1256 TO     1670 ON WORKER3
 COLLECTING SUBJECTS     1671 TO     2071 ON WORKER4
 COLLECTING SUBJECTS     2072 TO     2500 ON WORKER5
 ITERATION            4
 STARTING SUBJECTS          1 TO      416 ON MANAGER: OK
 STARTING SUBJECTS        417 TO      835 ON WORKER1: OK
 STARTING SUBJECTS        836 TO     1255 ON WORKER2: OK
 STARTING SUBJECTS       1256 TO     1670 ON WORKER3: OK
 STARTING SUBJECTS       1671 TO     2071 ON WORKER4: OK
 STARTING SUBJECTS       2072 TO     2500 ON WORKER5: OK
 COLLECTING SUBJECTS        1 TO      416 ON MANAGER
 COLLECTING SUBJECTS      417 TO      835 ON WORKER1
 COLLECTING SUBJECTS      836 TO     1255 ON WORKER2
 COLLECTING SUBJECTS     1256 TO     1670 ON WORKER3
 COLLECTING SUBJECTS     1671 TO     2071 ON WORKER4
 COLLECTING SUBJECTS     2072 TO     2500 ON WORKER5
 ITERATION            4
 STARTING SUBJECTS          1 TO      416 ON MANAGER: OK
 STARTING SUBJECTS        417 TO      835 ON WORKER1: OK
 STARTING SUBJECTS        836 TO     1255 ON WORKER2: OK
 STARTING SUBJECTS       1256 TO     1670 ON WORKER3: OK
 STARTING SUBJECTS       1671 TO     2071 ON WORKER4: OK
 STARTING SUBJECTS       2072 TO     2500 ON WORKER5: OK
 COLLECTING SUBJECTS        1 TO      416 ON MANAGER
 COLLECTING SUBJECTS      836 TO     1255 ON WORKER2
 COLLECTING SUBJECTS     1256 TO     1670 ON WORKER3
 COLLECTING SUBJECTS     1671 TO     2071 ON WORKER4
 COLLECTING SUBJECTS     2072 TO     2500 ON WORKER5
 COLLECTING SUBJECTS      417 TO      835 ON WORKER1
PARAFILE=mpiwini8.pnm, PROTOCOL=MPI, NODES= 6
TABLE NO.     2: Importance Sampling: Goal Function=FINAL VALUE OF OBJECTIVE FUNCTION: Problem=1 Subproblem=0 Superproblem1=0 Iteration1=0 Superproblem2=0 Iteration2=0
 ITERATION            0
 STARTING SUBJECTS          1 TO      417 ON MANAGER: OK
 STARTING SUBJECTS        418 TO      834 ON WORKER1: OK
 STARTING SUBJECTS        835 TO     1251 ON WORKER2: OK
 STARTING SUBJECTS       1252 TO     1668 ON WORKER3: OK
 STARTING SUBJECTS       1669 TO     2084 ON WORKER4: OK
 STARTING SUBJECTS       2085 TO     2500 ON WORKER5: OK
 COLLECTING SUBJECTS        1 TO      417 ON MANAGER
 COLLECTING SUBJECTS      418 TO      834 ON WORKER1
 COLLECTING SUBJECTS      835 TO     1251 ON WORKER2
 COLLECTING SUBJECTS     1252 TO     1668 ON WORKER3
 COLLECTING SUBJECTS     1669 TO     2084 ON WORKER4
 COLLECTING SUBJECTS     2085 TO     2500 ON WORKER5
 ITERATION            0
 STARTING SUBJECTS          1 TO      417 ON MANAGER: OK
 STARTING SUBJECTS        418 TO      834 ON WORKER1: OK
 STARTING SUBJECTS        835 TO     1251 ON WORKER2: OK
 STARTING SUBJECTS       1252 TO     1668 ON WORKER3: OK
 STARTING SUBJECTS       1669 TO     2084 ON WORKER4: OK
 STARTING SUBJECTS       2085 TO     2500 ON WORKER5: OK
 COLLECTING SUBJECTS        1 TO      417 ON MANAGER
 COLLECTING SUBJECTS      418 TO      834 ON WORKER1
 COLLECTING SUBJECTS      835 TO     1251 ON WORKER2
 COLLECTING SUBJECTS     2085 TO     2500 ON WORKER5
 COLLECTING SUBJECTS     1669 TO     2084 ON WORKER4
 COLLECTING SUBJECTS     1252 TO     1668 ON WORKER3
 Total Load   Time for this  Iteration  (DDD:HH:MM:SS.DD) 000:00:00:02.47
 Total Comp.  Time for this  Iteration  (DDD:HH:MM:SS.DD) 000:00:00:46.74
 Accum. Load  Time among all Iterations (DDD:HH:MM:SS.DD) 000:00:00:02.47
 Accum. Comp. Time among all Iterations (DDD:HH:MM:SS.DD) 000:00:00:46.74
 
 ITERATION            1
 STARTING SUBJECTS          1 TO      425 ON MANAGER: OK
 STARTING SUBJECTS        426 TO      855 ON WORKER1: OK
 STARTING SUBJECTS        856 TO     1260 ON WORKER2: OK
 STARTING SUBJECTS       1261 TO     1673 ON WORKER3: OK
 STARTING SUBJECTS       1674 TO     2077 ON WORKER4: OK
 STARTING SUBJECTS       2078 TO     2500 ON WORKER5: OK
 COLLECTING SUBJECTS        1 TO      425 ON MANAGER
 COLLECTING SUBJECTS      856 TO     1260 ON WORKER2
 COLLECTING SUBJECTS      426 TO      855 ON WORKER1
 COLLECTING SUBJECTS     1261 TO     1673 ON WORKER3
 COLLECTING SUBJECTS     1674 TO     2077 ON WORKER4
 COLLECTING SUBJECTS     2078 TO     2500 ON WORKER5
 ITERATION            1
 STARTING SUBJECTS          1 TO      425 ON MANAGER: OK
 STARTING SUBJECTS        426 TO      855 ON WORKER1: OK
 STARTING SUBJECTS        856 TO     1260 ON WORKER2: OK
 STARTING SUBJECTS       1261 TO     1673 ON WORKER3: OK
 STARTING SUBJECTS       1674 TO     2077 ON WORKER4: OK
 STARTING SUBJECTS       2078 TO     2500 ON WORKER5: OK
 COLLECTING SUBJECTS        1 TO      425 ON MANAGER
 COLLECTING SUBJECTS      856 TO     1260 ON WORKER2
 COLLECTING SUBJECTS      426 TO      855 ON WORKER1
 COLLECTING SUBJECTS     1261 TO     1673 ON WORKER3
 COLLECTING SUBJECTS     2078 TO     2500 ON WORKER5
 COLLECTING SUBJECTS     1674 TO     2077 ON WORKER4
 Total Load   Time for this  Iteration  (DDD:HH:MM:SS.DD) 000:00:00:00.41
 Total Comp.  Time for this  Iteration  (DDD:HH:MM:SS.DD) 000:00:00:45.24
 Accum. Load  Time among all Iterations (DDD:HH:MM:SS.DD) 000:00:00:02.88
 Accum. Comp. Time among all Iterations (DDD:HH:MM:SS.DD) 000:00:01:31.99
 
 ITERATION            2
 STARTING SUBJECTS          1 TO      437 ON MANAGER: OK
 STARTING SUBJECTS        438 TO      867 ON WORKER1: OK
 STARTING SUBJECTS        868 TO     1279 ON WORKER2: OK
 STARTING SUBJECTS       1280 TO     1685 ON WORKER3: OK
 STARTING SUBJECTS       1686 TO     2081 ON WORKER4: OK
 STARTING SUBJECTS       2082 TO     2500 ON WORKER5: OK
 COLLECTING SUBJECTS        1 TO      437 ON MANAGER
 COLLECTING SUBJECTS      868 TO     1279 ON WORKER2
 COLLECTING SUBJECTS     1280 TO     1685 ON WORKER3
 COLLECTING SUBJECTS     1686 TO     2081 ON WORKER4
 COLLECTING SUBJECTS     2082 TO     2500 ON WORKER5
 COLLECTING SUBJECTS      438 TO      867 ON WORKER1
 ITERATION            2
 STARTING SUBJECTS          1 TO      437 ON MANAGER: OK
 STARTING SUBJECTS        438 TO      867 ON WORKER1: OK
 STARTING SUBJECTS        868 TO     1279 ON WORKER2: OK
 STARTING SUBJECTS       1280 TO     1685 ON WORKER3: OK
 STARTING SUBJECTS       1686 TO     2081 ON WORKER4: OK
 STARTING SUBJECTS       2082 TO     2500 ON WORKER5: OK
 COLLECTING SUBJECTS        1 TO      437 ON MANAGER
 COLLECTING SUBJECTS      868 TO     1279 ON WORKER2
 COLLECTING SUBJECTS     1280 TO     1685 ON WORKER3
 COLLECTING SUBJECTS     1686 TO     2081 ON WORKER4
 COLLECTING SUBJECTS     2082 TO     2500 ON WORKER5
 COLLECTING SUBJECTS      438 TO      867 ON WORKER1
 Total Load   Time for this  Iteration  (DDD:HH:MM:SS.DD) 000:00:00:01.67
 Total Comp.  Time for this  Iteration  (DDD:HH:MM:SS.DD) 000:00:00:44.13
 Accum. Load  Time among all Iterations (DDD:HH:MM:SS.DD) 000:00:00:04.55
 Accum. Comp. Time among all Iterations (DDD:HH:MM:SS.DD) 000:00:02:16.12
 
 ITERATION            3
 STARTING SUBJECTS          1 TO      417 ON MANAGER: OK
 STARTING SUBJECTS        418 TO      851 ON WORKER1: OK
 STARTING SUBJECTS        852 TO     1275 ON WORKER2: OK
 STARTING SUBJECTS       1276 TO     1679 ON WORKER3: OK
 STARTING SUBJECTS       1680 TO     2075 ON WORKER4: OK
 STARTING SUBJECTS       2076 TO     2500 ON WORKER5: OK
 COLLECTING SUBJECTS        1 TO      417 ON MANAGER
 COLLECTING SUBJECTS     1276 TO     1679 ON WORKER3
 COLLECTING SUBJECTS     1680 TO     2075 ON WORKER4
 COLLECTING SUBJECTS      852 TO     1275 ON WORKER2
 COLLECTING SUBJECTS     2076 TO     2500 ON WORKER5
 COLLECTING SUBJECTS      418 TO      851 ON WORKER1
 ITERATION            3
 STARTING SUBJECTS          1 TO      417 ON MANAGER: OK
 STARTING SUBJECTS        418 TO      851 ON WORKER1: OK
 STARTING SUBJECTS        852 TO     1275 ON WORKER2: OK
 STARTING SUBJECTS       1276 TO     1679 ON WORKER3: OK
 STARTING SUBJECTS       1680 TO     2075 ON WORKER4: OK
 STARTING SUBJECTS       2076 TO     2500 ON WORKER5: OK
 COLLECTING SUBJECTS        1 TO      417 ON MANAGER
 COLLECTING SUBJECTS     1276 TO     1679 ON WORKER3
 COLLECTING SUBJECTS     1680 TO     2075 ON WORKER4
 COLLECTING SUBJECTS      852 TO     1275 ON WORKER2
 COLLECTING SUBJECTS      418 TO      851 ON WORKER1
 COLLECTING SUBJECTS     2076 TO     2500 ON WORKER5
 Total Load   Time for this  Iteration  (DDD:HH:MM:SS.DD) 000:00:00:00.44
 Total Comp.  Time for this  Iteration  (DDD:HH:MM:SS.DD) 000:00:00:45.45
 Accum. Load  Time among all Iterations (DDD:HH:MM:SS.DD) 000:00:00:04.99
 Accum. Comp. Time among all Iterations (DDD:HH:MM:SS.DD) 000:00:03:01.57
 
 ITERATION            4
 STARTING SUBJECTS          1 TO      431 ON MANAGER: OK
 STARTING SUBJECTS        432 TO      843 ON WORKER1: OK
 STARTING SUBJECTS        844 TO     1259 ON WORKER2: OK
 STARTING SUBJECTS       1260 TO     1676 ON WORKER3: OK
 STARTING SUBJECTS       1677 TO     2085 ON WORKER4: OK
 STARTING SUBJECTS       2086 TO     2500 ON WORKER5: OK
 COLLECTING SUBJECTS        1 TO      431 ON MANAGER
 COLLECTING SUBJECTS      432 TO      843 ON WORKER1
 COLLECTING SUBJECTS      844 TO     1259 ON WORKER2
 COLLECTING SUBJECTS     1260 TO     1676 ON WORKER3
 COLLECTING SUBJECTS     2086 TO     2500 ON WORKER5
 COLLECTING SUBJECTS     1677 TO     2085 ON WORKER4
 ITERATION            4
 STARTING SUBJECTS          1 TO      431 ON MANAGER: OK
 STARTING SUBJECTS        432 TO      843 ON WORKER1: OK
 STARTING SUBJECTS        844 TO     1259 ON WORKER2: OK
 STARTING SUBJECTS       1260 TO     1676 ON WORKER3: OK
 STARTING SUBJECTS       1677 TO     2085 ON WORKER4: OK
 STARTING SUBJECTS       2086 TO     2500 ON WORKER5: OK
 COLLECTING SUBJECTS        1 TO      431 ON MANAGER
 COLLECTING SUBJECTS      432 TO      843 ON WORKER1
 COLLECTING SUBJECTS     2086 TO     2500 ON WORKER5
 COLLECTING SUBJECTS      844 TO     1259 ON WORKER2
 COLLECTING SUBJECTS     1260 TO     1676 ON WORKER3
 COLLECTING SUBJECTS     1677 TO     2085 ON WORKER4
 Total Load   Time for this  Iteration  (DDD:HH:MM:SS.DD) 000:00:00:01.00
 Total Comp.  Time for this  Iteration  (DDD:HH:MM:SS.DD) 000:00:00:45.08
 Accum. Load  Time among all Iterations (DDD:HH:MM:SS.DD) 000:00:00:05.99
 Accum. Comp. Time among all Iterations (DDD:HH:MM:SS.DD) 000:00:03:46.65
 
 ITERATION            5
 STARTING SUBJECTS          1 TO      429 ON MANAGER: OK
 STARTING SUBJECTS        430 TO      855 ON WORKER1: OK
 STARTING SUBJECTS        856 TO     1270 ON WORKER2: OK
 STARTING SUBJECTS       1271 TO     1683 ON WORKER3: OK
 STARTING SUBJECTS       1684 TO     2075 ON WORKER4: OK
 STARTING SUBJECTS       2076 TO     2500 ON WORKER5: OK
 COLLECTING SUBJECTS        1 TO      429 ON MANAGER
 COLLECTING SUBJECTS     1271 TO     1683 ON WORKER3
 COLLECTING SUBJECTS     1684 TO     2075 ON WORKER4
 COLLECTING SUBJECTS     2076 TO     2500 ON WORKER5
 COLLECTING SUBJECTS      430 TO      855 ON WORKER1
 COLLECTING SUBJECTS      856 TO     1270 ON WORKER2
 ITERATION            5
 STARTING SUBJECTS          1 TO      429 ON MANAGER: OK
 STARTING SUBJECTS        430 TO      855 ON WORKER1: OK
 STARTING SUBJECTS        856 TO     1270 ON WORKER2: OK
 STARTING SUBJECTS       1271 TO     1683 ON WORKER3: OK
 STARTING SUBJECTS       1684 TO     2075 ON WORKER4: OK
 STARTING SUBJECTS       2076 TO     2500 ON WORKER5: OK
 COLLECTING SUBJECTS        1 TO      429 ON MANAGER
 COLLECTING SUBJECTS     1271 TO     1683 ON WORKER3
 COLLECTING SUBJECTS     1684 TO     2075 ON WORKER4
 COLLECTING SUBJECTS      430 TO      855 ON WORKER1
 COLLECTING SUBJECTS      856 TO     1270 ON WORKER2
 COLLECTING SUBJECTS     2076 TO     2500 ON WORKER5
 Total Load   Time for this  Iteration  (DDD:HH:MM:SS.DD) 000:00:00:01.31
 Total Comp.  Time for this  Iteration  (DDD:HH:MM:SS.DD) 000:00:00:45.18
 Accum. Load  Time among all Iterations (DDD:HH:MM:SS.DD) 000:00:00:07.30
 Accum. Comp. Time among all Iterations (DDD:HH:MM:SS.DD) 000:00:04:31.84
 
 ITERATION            6
 STARTING SUBJECTS          1 TO      423 ON MANAGER: OK
 STARTING SUBJECTS        424 TO      848 ON WORKER1: OK
 STARTING SUBJECTS        849 TO     1252 ON WORKER2: OK
 STARTING SUBJECTS       1253 TO     1679 ON WORKER3: OK
 STARTING SUBJECTS       1680 TO     2085 ON WORKER4: OK
 STARTING SUBJECTS       2086 TO     2500 ON WORKER5: OK
 COLLECTING SUBJECTS        1 TO      423 ON MANAGER
 COLLECTING SUBJECTS      424 TO      848 ON WORKER1
 COLLECTING SUBJECTS      849 TO     1252 ON WORKER2
 COLLECTING SUBJECTS     2086 TO     2500 ON WORKER5
 COLLECTING SUBJECTS     1680 TO     2085 ON WORKER4
 COLLECTING SUBJECTS     1253 TO     1679 ON WORKER3
 ITERATION            6
 STARTING SUBJECTS          1 TO      423 ON MANAGER: OK
 STARTING SUBJECTS        424 TO      848 ON WORKER1: OK
 STARTING SUBJECTS        849 TO     1252 ON WORKER2: OK
 STARTING SUBJECTS       1253 TO     1679 ON WORKER3: OK
 STARTING SUBJECTS       1680 TO     2085 ON WORKER4: OK
 STARTING SUBJECTS       2086 TO     2500 ON WORKER5: OK
 COLLECTING SUBJECTS        1 TO      423 ON MANAGER
 COLLECTING SUBJECTS      849 TO     1252 ON WORKER2
 COLLECTING SUBJECTS      424 TO      848 ON WORKER1
 COLLECTING SUBJECTS     1253 TO     1679 ON WORKER3
 COLLECTING SUBJECTS     1680 TO     2085 ON WORKER4
 COLLECTING SUBJECTS     2086 TO     2500 ON WORKER5
 Total Load   Time for this  Iteration  (DDD:HH:MM:SS.DD) 000:00:00:00.58
 Total Comp.  Time for this  Iteration  (DDD:HH:MM:SS.DD) 000:00:00:44.86
 Accum. Load  Time among all Iterations (DDD:HH:MM:SS.DD) 000:00:00:07.89
 Accum. Comp. Time among all Iterations (DDD:HH:MM:SS.DD) 000:00:05:16.69
 
 ITERATION            7
 STARTING SUBJECTS          1 TO      428 ON MANAGER: OK
 STARTING SUBJECTS        429 TO      853 ON WORKER1: OK
 STARTING SUBJECTS        854 TO     1272 ON WORKER2: OK
 STARTING SUBJECTS       1273 TO     1687 ON WORKER3: OK
 STARTING SUBJECTS       1688 TO     2088 ON WORKER4: OK
 STARTING SUBJECTS       2089 TO     2500 ON WORKER5: OK
 COLLECTING SUBJECTS        1 TO      428 ON MANAGER
 COLLECTING SUBJECTS     1273 TO     1687 ON WORKER3
 COLLECTING SUBJECTS     1688 TO     2088 ON WORKER4
 COLLECTING SUBJECTS     2089 TO     2500 ON WORKER5
 COLLECTING SUBJECTS      429 TO      853 ON WORKER1
 COLLECTING SUBJECTS      854 TO     1272 ON WORKER2
 ITERATION            7
 STARTING SUBJECTS          1 TO      428 ON MANAGER: OK
 STARTING SUBJECTS        429 TO      853 ON WORKER1: OK
 STARTING SUBJECTS        854 TO     1272 ON WORKER2: OK
 STARTING SUBJECTS       1273 TO     1687 ON WORKER3: OK
 STARTING SUBJECTS       1688 TO     2088 ON WORKER4: OK
 STARTING SUBJECTS       2089 TO     2500 ON WORKER5: OK
 COLLECTING SUBJECTS        1 TO      428 ON MANAGER
 COLLECTING SUBJECTS     1688 TO     2088 ON WORKER4
 COLLECTING SUBJECTS     2089 TO     2500 ON WORKER5
 COLLECTING SUBJECTS      429 TO      853 ON WORKER1
 COLLECTING SUBJECTS     1273 TO     1687 ON WORKER3
 COLLECTING SUBJECTS      854 TO     1272 ON WORKER2
 Total Load   Time for this  Iteration  (DDD:HH:MM:SS.DD) 000:00:00:01.16
 Total Comp.  Time for this  Iteration  (DDD:HH:MM:SS.DD) 000:00:00:46.09
 Accum. Load  Time among all Iterations (DDD:HH:MM:SS.DD) 000:00:00:09.05
 Accum. Comp. Time among all Iterations (DDD:HH:MM:SS.DD) 000:00:06:02.78
 
 ITERATION            8
 STARTING SUBJECTS          1 TO      423 ON MANAGER: OK
 STARTING SUBJECTS        424 TO      842 ON WORKER1: OK
 STARTING SUBJECTS        843 TO     1249 ON WORKER2: OK
 STARTING SUBJECTS       1250 TO     1660 ON WORKER3: OK
 STARTING SUBJECTS       1661 TO     2067 ON WORKER4: OK
 STARTING SUBJECTS       2068 TO     2500 ON WORKER5: OK
 COLLECTING SUBJECTS        1 TO      423 ON MANAGER
 COLLECTING SUBJECTS      843 TO     1249 ON WORKER2
 COLLECTING SUBJECTS     1250 TO     1660 ON WORKER3
 COLLECTING SUBJECTS      424 TO      842 ON WORKER1
 COLLECTING SUBJECTS     2068 TO     2500 ON WORKER5
 COLLECTING SUBJECTS     1661 TO     2067 ON WORKER4
 ITERATION            8
 STARTING SUBJECTS          1 TO      423 ON MANAGER: OK
 STARTING SUBJECTS        424 TO      842 ON WORKER1: OK
 STARTING SUBJECTS        843 TO     1249 ON WORKER2: OK
 STARTING SUBJECTS       1250 TO     1660 ON WORKER3: OK
 STARTING SUBJECTS       1661 TO     2067 ON WORKER4: OK
 STARTING SUBJECTS       2068 TO     2500 ON WORKER5: OK
 COLLECTING SUBJECTS        1 TO      423 ON MANAGER
 COLLECTING SUBJECTS      843 TO     1249 ON WORKER2
 COLLECTING SUBJECTS     1250 TO     1660 ON WORKER3
 COLLECTING SUBJECTS     1661 TO     2067 ON WORKER4
 COLLECTING SUBJECTS     2068 TO     2500 ON WORKER5
 COLLECTING SUBJECTS      424 TO      842 ON WORKER1
 Total Load   Time for this  Iteration  (DDD:HH:MM:SS.DD) 000:00:00:00.72
 Total Comp.  Time for this  Iteration  (DDD:HH:MM:SS.DD) 000:00:00:45.25
 Accum. Load  Time among all Iterations (DDD:HH:MM:SS.DD) 000:00:00:09.77
 Accum. Comp. Time among all Iterations (DDD:HH:MM:SS.DD) 000:00:06:48.03
 
 ITERATION            9
 STARTING SUBJECTS          1 TO      424 ON MANAGER: OK
 STARTING SUBJECTS        425 TO      838 ON WORKER1: OK
 STARTING SUBJECTS        839 TO     1248 ON WORKER2: OK
 STARTING SUBJECTS       1249 TO     1674 ON WORKER3: OK
 STARTING SUBJECTS       1675 TO     2075 ON WORKER4: OK
 STARTING SUBJECTS       2076 TO     2500 ON WORKER5: OK
 COLLECTING SUBJECTS        1 TO      424 ON MANAGER
 COLLECTING SUBJECTS      839 TO     1248 ON WORKER2
 COLLECTING SUBJECTS     1249 TO     1674 ON WORKER3
 COLLECTING SUBJECTS     1675 TO     2075 ON WORKER4
 COLLECTING SUBJECTS      425 TO      838 ON WORKER1
 COLLECTING SUBJECTS     2076 TO     2500 ON WORKER5
 ITERATION            9
 STARTING SUBJECTS          1 TO      424 ON MANAGER: OK
 STARTING SUBJECTS        425 TO      838 ON WORKER1: OK
 STARTING SUBJECTS        839 TO     1248 ON WORKER2: OK
 STARTING SUBJECTS       1249 TO     1674 ON WORKER3: OK
 STARTING SUBJECTS       1675 TO     2075 ON WORKER4: OK
 STARTING SUBJECTS       2076 TO     2500 ON WORKER5: OK
 COLLECTING SUBJECTS        1 TO      424 ON MANAGER
 COLLECTING SUBJECTS      839 TO     1248 ON WORKER2
 COLLECTING SUBJECTS     1675 TO     2075 ON WORKER4
 COLLECTING SUBJECTS      425 TO      838 ON WORKER1
 COLLECTING SUBJECTS     2076 TO     2500 ON WORKER5
 COLLECTING SUBJECTS     1249 TO     1674 ON WORKER3
 Total Load   Time for this  Iteration  (DDD:HH:MM:SS.DD) 000:00:00:00.98
 Total Comp.  Time for this  Iteration  (DDD:HH:MM:SS.DD) 000:00:00:44.37
 Accum. Load  Time among all Iterations (DDD:HH:MM:SS.DD) 000:00:00:10.75
 Accum. Comp. Time among all Iterations (DDD:HH:MM:SS.DD) 000:00:07:32.40
 
 ITERATION           10
 STARTING SUBJECTS          1 TO      423 ON MANAGER: OK
 STARTING SUBJECTS        424 TO      836 ON WORKER1: OK
 STARTING SUBJECTS        837 TO     1257 ON WORKER2: OK
 STARTING SUBJECTS       1258 TO     1669 ON WORKER3: OK
 STARTING SUBJECTS       1670 TO     2084 ON WORKER4: OK
 STARTING SUBJECTS       2085 TO     2500 ON WORKER5: OK
 COLLECTING SUBJECTS        1 TO      423 ON MANAGER
 COLLECTING SUBJECTS      424 TO      836 ON WORKER1
 COLLECTING SUBJECTS      837 TO     1257 ON WORKER2
 COLLECTING SUBJECTS     1258 TO     1669 ON WORKER3
 COLLECTING SUBJECTS     1670 TO     2084 ON WORKER4
 COLLECTING SUBJECTS     2085 TO     2500 ON WORKER5
 ITERATION           10
 STARTING SUBJECTS          1 TO      423 ON MANAGER: OK
 STARTING SUBJECTS        424 TO      836 ON WORKER1: OK
 STARTING SUBJECTS        837 TO     1257 ON WORKER2: OK
 STARTING SUBJECTS       1258 TO     1669 ON WORKER3: OK
 STARTING SUBJECTS       1670 TO     2084 ON WORKER4: OK
 STARTING SUBJECTS       2085 TO     2500 ON WORKER5: OK
 COLLECTING SUBJECTS        1 TO      423 ON MANAGER
 COLLECTING SUBJECTS      837 TO     1257 ON WORKER2
 COLLECTING SUBJECTS     2085 TO     2500 ON WORKER5
 COLLECTING SUBJECTS      424 TO      836 ON WORKER1
 COLLECTING SUBJECTS     1258 TO     1669 ON WORKER3
 COLLECTING SUBJECTS     1670 TO     2084 ON WORKER4
 Total Load   Time for this  Iteration  (DDD:HH:MM:SS.DD) 000:00:00:01.33
 Total Comp.  Time for this  Iteration  (DDD:HH:MM:SS.DD) 000:00:00:45.55
 Accum. Load  Time among all Iterations (DDD:HH:MM:SS.DD) 000:00:00:12.08
 Accum. Comp. Time among all Iterations (DDD:HH:MM:SS.DD) 000:00:08:17.95
 
 ITERATION           11
 STARTING SUBJECTS          1 TO      414 ON MANAGER: OK
 STARTING SUBJECTS        415 TO      835 ON WORKER1: OK
 STARTING SUBJECTS        836 TO     1260 ON WORKER2: OK
 STARTING SUBJECTS       1261 TO     1673 ON WORKER3: OK
 STARTING SUBJECTS       1674 TO     2076 ON WORKER4: OK
 STARTING SUBJECTS       2077 TO     2500 ON WORKER5: OK
 COLLECTING SUBJECTS        1 TO      414 ON MANAGER
 COLLECTING SUBJECTS     1674 TO     2076 ON WORKER4
 COLLECTING SUBJECTS      415 TO      835 ON WORKER1
 COLLECTING SUBJECTS     1261 TO     1673 ON WORKER3
 COLLECTING SUBJECTS     2077 TO     2500 ON WORKER5
 COLLECTING SUBJECTS      836 TO     1260 ON WORKER2
 ITERATION           11
 STARTING SUBJECTS          1 TO      414 ON MANAGER: OK
 STARTING SUBJECTS        415 TO      835 ON WORKER1: OK
 STARTING SUBJECTS        836 TO     1260 ON WORKER2: OK
 STARTING SUBJECTS       1261 TO     1673 ON WORKER3: OK
 STARTING SUBJECTS       1674 TO     2076 ON WORKER4: OK
 STARTING SUBJECTS       2077 TO     2500 ON WORKER5: OK
 COLLECTING SUBJECTS        1 TO      414 ON MANAGER
 COLLECTING SUBJECTS     1674 TO     2076 ON WORKER4
 COLLECTING SUBJECTS     1261 TO     1673 ON WORKER3
 COLLECTING SUBJECTS      415 TO      835 ON WORKER1
 COLLECTING SUBJECTS      836 TO     1260 ON WORKER2
 COLLECTING SUBJECTS     2077 TO     2500 ON WORKER5
 ITERATION           11
 STARTING SUBJECTS          1 TO      414 ON MANAGER: OK
 STARTING SUBJECTS        415 TO      835 ON WORKER1: OK
 STARTING SUBJECTS        836 TO     1260 ON WORKER2: OK
 STARTING SUBJECTS       1261 TO     1673 ON WORKER3: OK
 STARTING SUBJECTS       1674 TO     2076 ON WORKER4: OK
 STARTING SUBJECTS       2077 TO     2500 ON WORKER5: OK
 COLLECTING SUBJECTS        1 TO      414 ON MANAGER
 COLLECTING SUBJECTS     1261 TO     1673 ON WORKER3
 COLLECTING SUBJECTS      836 TO     1260 ON WORKER2
 COLLECTING SUBJECTS     1674 TO     2076 ON WORKER4
 COLLECTING SUBJECTS      415 TO      835 ON WORKER1
 COLLECTING SUBJECTS     2077 TO     2500 ON WORKER5
 ITERATION           11
 STARTING SUBJECTS          1 TO      414 ON MANAGER: OK
 STARTING SUBJECTS        415 TO      835 ON WORKER1: OK
 STARTING SUBJECTS        836 TO     1260 ON WORKER2: OK
 STARTING SUBJECTS       1261 TO     1673 ON WORKER3: OK
 STARTING SUBJECTS       1674 TO     2076 ON WORKER4: OK
 STARTING SUBJECTS       2077 TO     2500 ON WORKER5: OK
 COLLECTING SUBJECTS        1 TO      414 ON MANAGER
 COLLECTING SUBJECTS      836 TO     1260 ON WORKER2
 COLLECTING SUBJECTS     1261 TO     1673 ON WORKER3
 COLLECTING SUBJECTS     2077 TO     2500 ON WORKER5
 COLLECTING SUBJECTS      415 TO      835 ON WORKER1
 COLLECTING SUBJECTS     1674 TO     2076 ON WORKER4
