PARAFILE=mpiwini8.pnm, PROTOCOL=MPI, NODES= 3
TABLE NO.     1: Iterative Two Stage (No Prior): Goal Function=FINAL VALUE OF OBJECTIVE FUNCTION: Problem=1 Subproblem=0 Superproblem1=0 Iteration1=0 Superproblem2=0 Iteration2=0
 ITERATION            0
 STARTING SUBJECTS          1 TO      267 ON MANAGER: OK
 STARTING SUBJECTS        268 TO      534 ON WORKER1: OK
 STARTING SUBJECTS        535 TO      800 ON WORKER2: OK
 COLLECTING SUBJECTS        1 TO      267 ON MANAGER
 COLLECTING SUBJECTS      268 TO      534 ON WORKER1
 COLLECTING SUBJECTS      535 TO      800 ON WORKER2
 ITERATION            0
 STARTING SUBJECTS          1 TO      267 ON MANAGER: OK
 STARTING SUBJECTS        268 TO      534 ON WORKER1: OK
 STARTING SUBJECTS        535 TO      800 ON WORKER2: OK
 COLLECTING SUBJECTS        1 TO      267 ON MANAGER
 COLLECTING SUBJECTS      535 TO      800 ON WORKER2
 COLLECTING SUBJECTS      268 TO      534 ON WORKER1
 Tot. mngr. proc.   Time for this  Iteration  (DDD:HH:MM:SS.DD) 000:00:00:00.02
 Total Load         Time for this  Iteration  (DDD:HH:MM:SS.DD) 000:00:00:00.22
 Total Computation  Time for this  Iteration  (DDD:HH:MM:SS.DD) 000:00:00:01.89
 Accum. mngr. proc. Time among all Iterations (DDD:HH:MM:SS.DD) 000:00:00:00.02
 Accumulated Load   Time among all Iterations (DDD:HH:MM:SS.DD) 000:00:00:00.22
 Accumulated Comp.  Time among all Iterations (DDD:HH:MM:SS.DD) 000:00:00:01.89
 Accumulated CPU    Time of present job       (DDD:HH:MM:SS.DD) 000:00:00:00.00
 
 ITERATION            1
 STARTING SUBJECTS          1 TO      270 ON MANAGER: OK
 STARTING SUBJECTS        271 TO      536 ON WORKER1: OK
 STARTING SUBJECTS        537 TO      800 ON WORKER2: OK
 COLLECTING SUBJECTS        1 TO      270 ON MANAGER
 COLLECTING SUBJECTS      537 TO      800 ON WORKER2
 COLLECTING SUBJECTS      271 TO      536 ON WORKER1
 ITERATION            1
 STARTING SUBJECTS          1 TO      270 ON MANAGER: OK
 STARTING SUBJECTS        271 TO      536 ON WORKER1: OK
 STARTING SUBJECTS        537 TO      800 ON WORKER2: OK
 COLLECTING SUBJECTS        1 TO      270 ON MANAGER
 COLLECTING SUBJECTS      271 TO      536 ON WORKER1
 COLLECTING SUBJECTS      537 TO      800 ON WORKER2
 ITERATION            1
 STARTING SUBJECTS          1 TO      270 ON MANAGER: OK
 STARTING SUBJECTS        271 TO      536 ON WORKER1: OK
 STARTING SUBJECTS        537 TO      800 ON WORKER2: OK
 COLLECTING SUBJECTS        1 TO      270 ON MANAGER
 COLLECTING SUBJECTS      537 TO      800 ON WORKER2
 COLLECTING SUBJECTS      271 TO      536 ON WORKER1
 ITERATION            1
 STARTING SUBJECTS          1 TO      270 ON MANAGER: OK
 STARTING SUBJECTS        271 TO      536 ON WORKER1: OK
 STARTING SUBJECTS        537 TO      800 ON WORKER2: OK
 COLLECTING SUBJECTS        1 TO      270 ON MANAGER
 COLLECTING SUBJECTS      537 TO      800 ON WORKER2
 COLLECTING SUBJECTS      271 TO      536 ON WORKER1
 Tot. mngr. proc.   Time for this  Iteration  (DDD:HH:MM:SS.DD) 000:00:00:00.03
 Total Load         Time for this  Iteration  (DDD:HH:MM:SS.DD) 000:00:00:00.06
 Total Computation  Time for this  Iteration  (DDD:HH:MM:SS.DD) 000:00:00:02.42
 Accum. mngr. proc. Time among all Iterations (DDD:HH:MM:SS.DD) 000:00:00:00.05
 Accumulated Load   Time among all Iterations (DDD:HH:MM:SS.DD) 000:00:00:00.28
 Accumulated Comp.  Time among all Iterations (DDD:HH:MM:SS.DD) 000:00:00:04.31
 Accumulated CPU    Time of present job       (DDD:HH:MM:SS.DD) 000:00:00:00.00
 
 ITERATION            2
 STARTING SUBJECTS          1 TO      270 ON MANAGER: OK
 STARTING SUBJECTS        271 TO      535 ON WORKER1: OK
 STARTING SUBJECTS        536 TO      800 ON WORKER2: OK
 COLLECTING SUBJECTS        1 TO      270 ON MANAGER
 COLLECTING SUBJECTS      536 TO      800 ON WORKER2
 COLLECTING SUBJECTS      271 TO      535 ON WORKER1
 ITERATION            2
 STARTING SUBJECTS          1 TO      270 ON MANAGER: OK
 STARTING SUBJECTS        271 TO      535 ON WORKER1: OK
 STARTING SUBJECTS        536 TO      800 ON WORKER2: OK
 COLLECTING SUBJECTS        1 TO      270 ON MANAGER
 COLLECTING SUBJECTS      271 TO      535 ON WORKER1
 COLLECTING SUBJECTS      536 TO      800 ON WORKER2
 ITERATION            2
 STARTING SUBJECTS          1 TO      270 ON MANAGER: OK
 STARTING SUBJECTS        271 TO      535 ON WORKER1: OK
 STARTING SUBJECTS        536 TO      800 ON WORKER2: OK
 COLLECTING SUBJECTS        1 TO      270 ON MANAGER
 COLLECTING SUBJECTS      271 TO      535 ON WORKER1
 COLLECTING SUBJECTS      536 TO      800 ON WORKER2
 ITERATION            2
 STARTING SUBJECTS          1 TO      270 ON MANAGER: OK
 STARTING SUBJECTS        271 TO      535 ON WORKER1: OK
 STARTING SUBJECTS        536 TO      800 ON WORKER2: OK
 COLLECTING SUBJECTS        1 TO      270 ON MANAGER
 COLLECTING SUBJECTS      536 TO      800 ON WORKER2
 COLLECTING SUBJECTS      271 TO      535 ON WORKER1
 Tot. mngr. proc.   Time for this  Iteration  (DDD:HH:MM:SS.DD) 000:00:00:00.02
 Total Load         Time for this  Iteration  (DDD:HH:MM:SS.DD) 000:00:00:00.09
 Total Computation  Time for this  Iteration  (DDD:HH:MM:SS.DD) 000:00:00:02.29
 Accum. mngr. proc. Time among all Iterations (DDD:HH:MM:SS.DD) 000:00:00:00.06
 Accumulated Load   Time among all Iterations (DDD:HH:MM:SS.DD) 000:00:00:00.37
 Accumulated Comp.  Time among all Iterations (DDD:HH:MM:SS.DD) 000:00:00:06.60
 Accumulated CPU    Time of present job       (DDD:HH:MM:SS.DD) 000:00:00:00.00
 
 ITERATION            3
 STARTING SUBJECTS          1 TO      266 ON MANAGER: OK
 STARTING SUBJECTS        267 TO      533 ON WORKER1: OK
 STARTING SUBJECTS        534 TO      800 ON WORKER2: OK
 COLLECTING SUBJECTS        1 TO      266 ON MANAGER
 COLLECTING SUBJECTS      267 TO      533 ON WORKER1
 COLLECTING SUBJECTS      534 TO      800 ON WORKER2
 ITERATION            3
 STARTING SUBJECTS          1 TO      266 ON MANAGER: OK
 STARTING SUBJECTS        267 TO      533 ON WORKER1: OK
 STARTING SUBJECTS        534 TO      800 ON WORKER2: OK
 COLLECTING SUBJECTS        1 TO      266 ON MANAGER
 COLLECTING SUBJECTS      267 TO      533 ON WORKER1
 COLLECTING SUBJECTS      534 TO      800 ON WORKER2
 ITERATION            3
 STARTING SUBJECTS          1 TO      266 ON MANAGER: OK
 STARTING SUBJECTS        267 TO      533 ON WORKER1: OK
 STARTING SUBJECTS        534 TO      800 ON WORKER2: OK
 COLLECTING SUBJECTS        1 TO      266 ON MANAGER
 COLLECTING SUBJECTS      267 TO      533 ON WORKER1
 COLLECTING SUBJECTS      534 TO      800 ON WORKER2
 ITERATION            3
 STARTING SUBJECTS          1 TO      266 ON MANAGER: OK
 STARTING SUBJECTS        267 TO      533 ON WORKER1: OK
 STARTING SUBJECTS        534 TO      800 ON WORKER2: OK
 COLLECTING SUBJECTS        1 TO      266 ON MANAGER
 COLLECTING SUBJECTS      534 TO      800 ON WORKER2
 COLLECTING SUBJECTS      267 TO      533 ON WORKER1
 Tot. mngr. proc.   Time for this  Iteration  (DDD:HH:MM:SS.DD) 000:00:00:00.00
 Total Load         Time for this  Iteration  (DDD:HH:MM:SS.DD) 000:00:00:00.05
 Total Computation  Time for this  Iteration  (DDD:HH:MM:SS.DD) 000:00:00:02.12
 Accum. mngr. proc. Time among all Iterations (DDD:HH:MM:SS.DD) 000:00:00:00.06
 Accumulated Load   Time among all Iterations (DDD:HH:MM:SS.DD) 000:00:00:00.42
 Accumulated Comp.  Time among all Iterations (DDD:HH:MM:SS.DD) 000:00:00:08.72
 Accumulated CPU    Time of present job       (DDD:HH:MM:SS.DD) 000:00:00:00.00
 
 ITERATION            4
 STARTING SUBJECTS          1 TO      268 ON MANAGER: OK
 STARTING SUBJECTS        269 TO      534 ON WORKER1: OK
 STARTING SUBJECTS        535 TO      800 ON WORKER2: OK
 COLLECTING SUBJECTS        1 TO      268 ON MANAGER
 COLLECTING SUBJECTS      269 TO      534 ON WORKER1
 COLLECTING SUBJECTS      535 TO      800 ON WORKER2
 ITERATION            4
 STARTING SUBJECTS          1 TO      268 ON MANAGER: OK
 STARTING SUBJECTS        269 TO      534 ON WORKER1: OK
 STARTING SUBJECTS        535 TO      800 ON WORKER2: OK
 COLLECTING SUBJECTS        1 TO      268 ON MANAGER
 COLLECTING SUBJECTS      269 TO      534 ON WORKER1
 COLLECTING SUBJECTS      535 TO      800 ON WORKER2
 ITERATION            4
 STARTING SUBJECTS          1 TO      268 ON MANAGER: OK
 STARTING SUBJECTS        269 TO      534 ON WORKER1: OK
 STARTING SUBJECTS        535 TO      800 ON WORKER2: OK
 COLLECTING SUBJECTS        1 TO      268 ON MANAGER
 COLLECTING SUBJECTS      535 TO      800 ON WORKER2
 COLLECTING SUBJECTS      269 TO      534 ON WORKER1
 ITERATION            4
 STARTING SUBJECTS          1 TO      268 ON MANAGER: OK
 STARTING SUBJECTS        269 TO      534 ON WORKER1: OK
 STARTING SUBJECTS        535 TO      800 ON WORKER2: OK
 COLLECTING SUBJECTS        1 TO      268 ON MANAGER
 COLLECTING SUBJECTS      269 TO      534 ON WORKER1
 COLLECTING SUBJECTS      535 TO      800 ON WORKER2
 Tot. mngr. proc.   Time for this  Iteration  (DDD:HH:MM:SS.DD) 000:00:00:00.00
 Total Load         Time for this  Iteration  (DDD:HH:MM:SS.DD) 000:00:00:00.16
 Total Computation  Time for this  Iteration  (DDD:HH:MM:SS.DD) 000:00:00:02.06
 Accum. mngr. proc. Time among all Iterations (DDD:HH:MM:SS.DD) 000:00:00:00.06
 Accumulated Load   Time among all Iterations (DDD:HH:MM:SS.DD) 000:00:00:00.58
 Accumulated Comp.  Time among all Iterations (DDD:HH:MM:SS.DD) 000:00:00:10.78
 Accumulated CPU    Time of present job       (DDD:HH:MM:SS.DD) 000:00:00:00.00
 
 ITERATION            5
 STARTING SUBJECTS          1 TO      267 ON MANAGER: OK
 STARTING SUBJECTS        268 TO      532 ON WORKER1: OK
 STARTING SUBJECTS        533 TO      800 ON WORKER2: OK
 COLLECTING SUBJECTS        1 TO      267 ON MANAGER
 COLLECTING SUBJECTS      268 TO      532 ON WORKER1
 COLLECTING SUBJECTS      533 TO      800 ON WORKER2
 ITERATION            5
 STARTING SUBJECTS          1 TO      267 ON MANAGER: OK
 STARTING SUBJECTS        268 TO      532 ON WORKER1: OK
 STARTING SUBJECTS        533 TO      800 ON WORKER2: OK
 COLLECTING SUBJECTS        1 TO      267 ON MANAGER
 COLLECTING SUBJECTS      533 TO      800 ON WORKER2
 COLLECTING SUBJECTS      268 TO      532 ON WORKER1
 ITERATION            5
 STARTING SUBJECTS          1 TO      267 ON MANAGER: OK
 STARTING SUBJECTS        268 TO      532 ON WORKER1: OK
 STARTING SUBJECTS        533 TO      800 ON WORKER2: OK
 COLLECTING SUBJECTS        1 TO      267 ON MANAGER
 COLLECTING SUBJECTS      268 TO      532 ON WORKER1
 COLLECTING SUBJECTS      533 TO      800 ON WORKER2
 ITERATION            5
 STARTING SUBJECTS          1 TO      267 ON MANAGER: OK
 STARTING SUBJECTS        268 TO      532 ON WORKER1: OK
 STARTING SUBJECTS        533 TO      800 ON WORKER2: OK
 COLLECTING SUBJECTS        1 TO      267 ON MANAGER
 COLLECTING SUBJECTS      533 TO      800 ON WORKER2
 COLLECTING SUBJECTS      268 TO      532 ON WORKER1
 Tot. mngr. proc.   Time for this  Iteration  (DDD:HH:MM:SS.DD) 000:00:00:00.02
 Total Load         Time for this  Iteration  (DDD:HH:MM:SS.DD) 000:00:00:00.20
 Total Computation  Time for this  Iteration  (DDD:HH:MM:SS.DD) 000:00:00:02.01
 Accum. mngr. proc. Time among all Iterations (DDD:HH:MM:SS.DD) 000:00:00:00.08
 Accumulated Load   Time among all Iterations (DDD:HH:MM:SS.DD) 000:00:00:00.78
 Accumulated Comp.  Time among all Iterations (DDD:HH:MM:SS.DD) 000:00:00:12.79
 Accumulated CPU    Time of present job       (DDD:HH:MM:SS.DD) 000:00:00:00.00
 
 ITERATION            6
 STARTING SUBJECTS          1 TO      264 ON MANAGER: OK
 STARTING SUBJECTS        265 TO      532 ON WORKER1: OK
 STARTING SUBJECTS        533 TO      800 ON WORKER2: OK
 COLLECTING SUBJECTS        1 TO      264 ON MANAGER
 COLLECTING SUBJECTS      533 TO      800 ON WORKER2
 COLLECTING SUBJECTS      265 TO      532 ON WORKER1
 ITERATION            6
 STARTING SUBJECTS          1 TO      264 ON MANAGER: OK
 STARTING SUBJECTS        265 TO      532 ON WORKER1: OK
 STARTING SUBJECTS        533 TO      800 ON WORKER2: OK
 COLLECTING SUBJECTS        1 TO      264 ON MANAGER
 COLLECTING SUBJECTS      265 TO      532 ON WORKER1
 COLLECTING SUBJECTS      533 TO      800 ON WORKER2
 ITERATION            6
 STARTING SUBJECTS          1 TO      264 ON MANAGER: OK
 STARTING SUBJECTS        265 TO      532 ON WORKER1: OK
 STARTING SUBJECTS        533 TO      800 ON WORKER2: OK
 COLLECTING SUBJECTS        1 TO      264 ON MANAGER
 COLLECTING SUBJECTS      265 TO      532 ON WORKER1
 COLLECTING SUBJECTS      533 TO      800 ON WORKER2
 ITERATION            6
 STARTING SUBJECTS          1 TO      264 ON MANAGER: OK
 STARTING SUBJECTS        265 TO      532 ON WORKER1: OK
 STARTING SUBJECTS        533 TO      800 ON WORKER2: OK
 COLLECTING SUBJECTS        1 TO      264 ON MANAGER
 COLLECTING SUBJECTS      533 TO      800 ON WORKER2
 COLLECTING SUBJECTS      265 TO      532 ON WORKER1
 Tot. mngr. proc.   Time for this  Iteration  (DDD:HH:MM:SS.DD) 000:00:00:00.00
 Total Load         Time for this  Iteration  (DDD:HH:MM:SS.DD) 000:00:00:00.11
 Total Computation  Time for this  Iteration  (DDD:HH:MM:SS.DD) 000:00:00:01.97
 Accum. mngr. proc. Time among all Iterations (DDD:HH:MM:SS.DD) 000:00:00:00.08
 Accumulated Load   Time among all Iterations (DDD:HH:MM:SS.DD) 000:00:00:00.89
 Accumulated Comp.  Time among all Iterations (DDD:HH:MM:SS.DD) 000:00:00:14.76
 Accumulated CPU    Time of present job       (DDD:HH:MM:SS.DD) 000:00:00:00.00
 
 ITERATION            7
 STARTING SUBJECTS          1 TO      267 ON MANAGER: OK
 STARTING SUBJECTS        268 TO      534 ON WORKER1: OK
 STARTING SUBJECTS        535 TO      800 ON WORKER2: OK
 COLLECTING SUBJECTS        1 TO      267 ON MANAGER
 COLLECTING SUBJECTS      268 TO      534 ON WORKER1
 COLLECTING SUBJECTS      535 TO      800 ON WORKER2
 ITERATION            7
 STARTING SUBJECTS          1 TO      267 ON MANAGER: OK
 STARTING SUBJECTS        268 TO      534 ON WORKER1: OK
 STARTING SUBJECTS        535 TO      800 ON WORKER2: OK
 COLLECTING SUBJECTS        1 TO      267 ON MANAGER
 COLLECTING SUBJECTS      268 TO      534 ON WORKER1
 COLLECTING SUBJECTS      535 TO      800 ON WORKER2
 ITERATION            7
 STARTING SUBJECTS          1 TO      267 ON MANAGER: OK
 STARTING SUBJECTS        268 TO      534 ON WORKER1: OK
 STARTING SUBJECTS        535 TO      800 ON WORKER2: OK
 COLLECTING SUBJECTS        1 TO      267 ON MANAGER
 COLLECTING SUBJECTS      268 TO      534 ON WORKER1
 COLLECTING SUBJECTS      535 TO      800 ON WORKER2
 ITERATION            7
 STARTING SUBJECTS          1 TO      267 ON MANAGER: OK
 STARTING SUBJECTS        268 TO      534 ON WORKER1: OK
 STARTING SUBJECTS        535 TO      800 ON WORKER2: OK
 COLLECTING SUBJECTS        1 TO      267 ON MANAGER
 COLLECTING SUBJECTS      268 TO      534 ON WORKER1
 COLLECTING SUBJECTS      535 TO      800 ON WORKER2
 Tot. mngr. proc.   Time for this  Iteration  (DDD:HH:MM:SS.DD) 000:00:00:00.02
 Total Load         Time for this  Iteration  (DDD:HH:MM:SS.DD) 000:00:00:00.12
 Total Computation  Time for this  Iteration  (DDD:HH:MM:SS.DD) 000:00:00:01.90
 Accum. mngr. proc. Time among all Iterations (DDD:HH:MM:SS.DD) 000:00:00:00.09
 Accumulated Load   Time among all Iterations (DDD:HH:MM:SS.DD) 000:00:00:01.01
 Accumulated Comp.  Time among all Iterations (DDD:HH:MM:SS.DD) 000:00:00:16.66
 Accumulated CPU    Time of present job       (DDD:HH:MM:SS.DD) 000:00:00:00.00
 
 ITERATION            8
 STARTING SUBJECTS          1 TO      268 ON MANAGER: OK
 STARTING SUBJECTS        269 TO      537 ON WORKER1: OK
 STARTING SUBJECTS        538 TO      800 ON WORKER2: OK
 COLLECTING SUBJECTS        1 TO      268 ON MANAGER
 COLLECTING SUBJECTS      269 TO      537 ON WORKER1
 COLLECTING SUBJECTS      538 TO      800 ON WORKER2
 ITERATION            8
 STARTING SUBJECTS          1 TO      268 ON MANAGER: OK
 STARTING SUBJECTS        269 TO      537 ON WORKER1: OK
 STARTING SUBJECTS        538 TO      800 ON WORKER2: OK
 COLLECTING SUBJECTS        1 TO      268 ON MANAGER
 COLLECTING SUBJECTS      269 TO      537 ON WORKER1
 COLLECTING SUBJECTS      538 TO      800 ON WORKER2
 ITERATION            8
 STARTING SUBJECTS          1 TO      268 ON MANAGER: OK
 STARTING SUBJECTS        269 TO      537 ON WORKER1: OK
 STARTING SUBJECTS        538 TO      800 ON WORKER2: OK
 COLLECTING SUBJECTS        1 TO      268 ON MANAGER
 COLLECTING SUBJECTS      269 TO      537 ON WORKER1
 COLLECTING SUBJECTS      538 TO      800 ON WORKER2
 ITERATION            8
 STARTING SUBJECTS          1 TO      268 ON MANAGER: OK
 STARTING SUBJECTS        269 TO      537 ON WORKER1: OK
 STARTING SUBJECTS        538 TO      800 ON WORKER2: OK
 COLLECTING SUBJECTS        1 TO      268 ON MANAGER
 COLLECTING SUBJECTS      269 TO      537 ON WORKER1
 COLLECTING SUBJECTS      538 TO      800 ON WORKER2
 Tot. mngr. proc.   Time for this  Iteration  (DDD:HH:MM:SS.DD) 000:00:00:00.03
 Total Load         Time for this  Iteration  (DDD:HH:MM:SS.DD) 000:00:00:00.14
 Total Computation  Time for this  Iteration  (DDD:HH:MM:SS.DD) 000:00:00:02.03
 Accum. mngr. proc. Time among all Iterations (DDD:HH:MM:SS.DD) 000:00:00:00.12
 Accumulated Load   Time among all Iterations (DDD:HH:MM:SS.DD) 000:00:00:01.15
 Accumulated Comp.  Time among all Iterations (DDD:HH:MM:SS.DD) 000:00:00:18.69
 Accumulated CPU    Time of present job       (DDD:HH:MM:SS.DD) 000:00:00:00.00
 
 ITERATION            9
 STARTING SUBJECTS          1 TO      267 ON MANAGER: OK
 STARTING SUBJECTS        268 TO      535 ON WORKER1: OK
 STARTING SUBJECTS        536 TO      800 ON WORKER2: OK
 COLLECTING SUBJECTS        1 TO      267 ON MANAGER
 COLLECTING SUBJECTS      268 TO      535 ON WORKER1
 COLLECTING SUBJECTS      536 TO      800 ON WORKER2
 ITERATION            9
 STARTING SUBJECTS          1 TO      267 ON MANAGER: OK
 STARTING SUBJECTS        268 TO      535 ON WORKER1: OK
 STARTING SUBJECTS        536 TO      800 ON WORKER2: OK
 COLLECTING SUBJECTS        1 TO      267 ON MANAGER
 COLLECTING SUBJECTS      268 TO      535 ON WORKER1
 COLLECTING SUBJECTS      536 TO      800 ON WORKER2
 ITERATION            9
 STARTING SUBJECTS          1 TO      267 ON MANAGER: OK
 STARTING SUBJECTS        268 TO      535 ON WORKER1: OK
 STARTING SUBJECTS        536 TO      800 ON WORKER2: OK
 COLLECTING SUBJECTS        1 TO      267 ON MANAGER
 COLLECTING SUBJECTS      268 TO      535 ON WORKER1
 COLLECTING SUBJECTS      536 TO      800 ON WORKER2
 ITERATION            9
 STARTING SUBJECTS          1 TO      267 ON MANAGER: OK
 STARTING SUBJECTS        268 TO      535 ON WORKER1: OK
 STARTING SUBJECTS        536 TO      800 ON WORKER2: OK
 COLLECTING SUBJECTS        1 TO      267 ON MANAGER
 COLLECTING SUBJECTS      268 TO      535 ON WORKER1
 COLLECTING SUBJECTS      536 TO      800 ON WORKER2
 Tot. mngr. proc.   Time for this  Iteration  (DDD:HH:MM:SS.DD) 000:00:00:00.00
 Total Load         Time for this  Iteration  (DDD:HH:MM:SS.DD) 000:00:00:00.17
 Total Computation  Time for this  Iteration  (DDD:HH:MM:SS.DD) 000:00:00:01.92
 Accum. mngr. proc. Time among all Iterations (DDD:HH:MM:SS.DD) 000:00:00:00.12
 Accumulated Load   Time among all Iterations (DDD:HH:MM:SS.DD) 000:00:00:01.33
 Accumulated Comp.  Time among all Iterations (DDD:HH:MM:SS.DD) 000:00:00:20.61
 Accumulated CPU    Time of present job       (DDD:HH:MM:SS.DD) 000:00:00:00.00
 
 ITERATION           10
 STARTING SUBJECTS          1 TO      264 ON MANAGER: OK
 STARTING SUBJECTS        265 TO      533 ON WORKER1: OK
 STARTING SUBJECTS        534 TO      800 ON WORKER2: OK
 COLLECTING SUBJECTS        1 TO      264 ON MANAGER
 COLLECTING SUBJECTS      534 TO      800 ON WORKER2
 COLLECTING SUBJECTS      265 TO      533 ON WORKER1
 ITERATION           10
 STARTING SUBJECTS          1 TO      264 ON MANAGER: OK
 STARTING SUBJECTS        265 TO      533 ON WORKER1: OK
 STARTING SUBJECTS        534 TO      800 ON WORKER2: OK
 COLLECTING SUBJECTS        1 TO      264 ON MANAGER
 COLLECTING SUBJECTS      534 TO      800 ON WORKER2
 COLLECTING SUBJECTS      265 TO      533 ON WORKER1
 ITERATION           10
 STARTING SUBJECTS          1 TO      264 ON MANAGER: OK
 STARTING SUBJECTS        265 TO      533 ON WORKER1: OK
 STARTING SUBJECTS        534 TO      800 ON WORKER2: OK
 COLLECTING SUBJECTS        1 TO      264 ON MANAGER
 COLLECTING SUBJECTS      265 TO      533 ON WORKER1
 COLLECTING SUBJECTS      534 TO      800 ON WORKER2
 ITERATION           10
 STARTING SUBJECTS          1 TO      264 ON MANAGER: OK
 STARTING SUBJECTS        265 TO      533 ON WORKER1: OK
 STARTING SUBJECTS        534 TO      800 ON WORKER2: OK
 COLLECTING SUBJECTS        1 TO      264 ON MANAGER
 COLLECTING SUBJECTS      265 TO      533 ON WORKER1
 COLLECTING SUBJECTS      534 TO      800 ON WORKER2
 Tot. mngr. proc.   Time for this  Iteration  (DDD:HH:MM:SS.DD) 000:00:00:00.00
 Total Load         Time for this  Iteration  (DDD:HH:MM:SS.DD) 000:00:00:00.19
 Total Computation  Time for this  Iteration  (DDD:HH:MM:SS.DD) 000:00:00:01.90
 Accum. mngr. proc. Time among all Iterations (DDD:HH:MM:SS.DD) 000:00:00:00.12
 Accumulated Load   Time among all Iterations (DDD:HH:MM:SS.DD) 000:00:00:01.51
 Accumulated Comp.  Time among all Iterations (DDD:HH:MM:SS.DD) 000:00:00:22.51
 Accumulated CPU    Time of present job       (DDD:HH:MM:SS.DD) 000:00:00:00.00
 
 ITERATION           11
 STARTING SUBJECTS          1 TO      268 ON MANAGER: OK
 STARTING SUBJECTS        269 TO      535 ON WORKER1: OK
 STARTING SUBJECTS        536 TO      800 ON WORKER2: OK
 COLLECTING SUBJECTS        1 TO      268 ON MANAGER
 COLLECTING SUBJECTS      536 TO      800 ON WORKER2
 COLLECTING SUBJECTS      269 TO      535 ON WORKER1
 ITERATION           11
 STARTING SUBJECTS          1 TO      268 ON MANAGER: OK
 STARTING SUBJECTS        269 TO      535 ON WORKER1: OK
 STARTING SUBJECTS        536 TO      800 ON WORKER2: OK
 COLLECTING SUBJECTS        1 TO      268 ON MANAGER
 COLLECTING SUBJECTS      536 TO      800 ON WORKER2
 COLLECTING SUBJECTS      269 TO      535 ON WORKER1
 ITERATION           11
 STARTING SUBJECTS          1 TO      268 ON MANAGER: OK
 STARTING SUBJECTS        269 TO      535 ON WORKER1: OK
 STARTING SUBJECTS        536 TO      800 ON WORKER2: OK
 COLLECTING SUBJECTS        1 TO      268 ON MANAGER
 COLLECTING SUBJECTS      269 TO      535 ON WORKER1
 COLLECTING SUBJECTS      536 TO      800 ON WORKER2
 ITERATION           11
 STARTING SUBJECTS          1 TO      268 ON MANAGER: OK
 STARTING SUBJECTS        269 TO      535 ON WORKER1: OK
 STARTING SUBJECTS        536 TO      800 ON WORKER2: OK
 COLLECTING SUBJECTS        1 TO      268 ON MANAGER
 COLLECTING SUBJECTS      269 TO      535 ON WORKER1
 COLLECTING SUBJECTS      536 TO      800 ON WORKER2
 Tot. mngr. proc.   Time for this  Iteration  (DDD:HH:MM:SS.DD) 000:00:00:00.02
 Total Load         Time for this  Iteration  (DDD:HH:MM:SS.DD) 000:00:00:00.12
 Total Computation  Time for this  Iteration  (DDD:HH:MM:SS.DD) 000:00:00:01.73
 Accum. mngr. proc. Time among all Iterations (DDD:HH:MM:SS.DD) 000:00:00:00.14
 Accumulated Load   Time among all Iterations (DDD:HH:MM:SS.DD) 000:00:00:01.64
 Accumulated Comp.  Time among all Iterations (DDD:HH:MM:SS.DD) 000:00:00:24.24
 Accumulated CPU    Time of present job       (DDD:HH:MM:SS.DD) 000:00:00:00.00
 
 ITERATION           12
 STARTING SUBJECTS          1 TO      269 ON MANAGER: OK
 STARTING SUBJECTS        270 TO      535 ON WORKER1: OK
 STARTING SUBJECTS        536 TO      800 ON WORKER2: OK
 COLLECTING SUBJECTS        1 TO      269 ON MANAGER
 COLLECTING SUBJECTS      270 TO      535 ON WORKER1
 COLLECTING SUBJECTS      536 TO      800 ON WORKER2
 ITERATION           12
 STARTING SUBJECTS          1 TO      269 ON MANAGER: OK
 STARTING SUBJECTS        270 TO      535 ON WORKER1: OK
 STARTING SUBJECTS        536 TO      800 ON WORKER2: OK
 COLLECTING SUBJECTS        1 TO      269 ON MANAGER
 COLLECTING SUBJECTS      270 TO      535 ON WORKER1
 COLLECTING SUBJECTS      536 TO      800 ON WORKER2
 ITERATION           12
 STARTING SUBJECTS          1 TO      269 ON MANAGER: OK
 STARTING SUBJECTS        270 TO      535 ON WORKER1: OK
 STARTING SUBJECTS        536 TO      800 ON WORKER2: OK
 COLLECTING SUBJECTS        1 TO      269 ON MANAGER
 COLLECTING SUBJECTS      536 TO      800 ON WORKER2
 COLLECTING SUBJECTS      270 TO      535 ON WORKER1
 ITERATION           12
 STARTING SUBJECTS          1 TO      269 ON MANAGER: OK
 STARTING SUBJECTS        270 TO      535 ON WORKER1: OK
 STARTING SUBJECTS        536 TO      800 ON WORKER2: OK
 COLLECTING SUBJECTS        1 TO      269 ON MANAGER
 COLLECTING SUBJECTS      270 TO      535 ON WORKER1
 COLLECTING SUBJECTS      536 TO      800 ON WORKER2
 Tot. mngr. proc.   Time for this  Iteration  (DDD:HH:MM:SS.DD) 000:00:00:00.02
 Total Load         Time for this  Iteration  (DDD:HH:MM:SS.DD) 000:00:00:00.14
 Total Computation  Time for this  Iteration  (DDD:HH:MM:SS.DD) 000:00:00:01.78
 Accum. mngr. proc. Time among all Iterations (DDD:HH:MM:SS.DD) 000:00:00:00.16
 Accumulated Load   Time among all Iterations (DDD:HH:MM:SS.DD) 000:00:00:01.78
 Accumulated Comp.  Time among all Iterations (DDD:HH:MM:SS.DD) 000:00:00:26.02
 Accumulated CPU    Time of present job       (DDD:HH:MM:SS.DD) 000:00:00:00.00
 
 ITERATION           13
 STARTING SUBJECTS          1 TO      269 ON MANAGER: OK
 STARTING SUBJECTS        270 TO      532 ON WORKER1: OK
 STARTING SUBJECTS        533 TO      800 ON WORKER2: OK
 COLLECTING SUBJECTS        1 TO      269 ON MANAGER
 COLLECTING SUBJECTS      270 TO      532 ON WORKER1
 COLLECTING SUBJECTS      533 TO      800 ON WORKER2
 ITERATION           13
 STARTING SUBJECTS          1 TO      269 ON MANAGER: OK
 STARTING SUBJECTS        270 TO      532 ON WORKER1: OK
 STARTING SUBJECTS        533 TO      800 ON WORKER2: OK
 COLLECTING SUBJECTS        1 TO      269 ON MANAGER
 COLLECTING SUBJECTS      533 TO      800 ON WORKER2
 COLLECTING SUBJECTS      270 TO      532 ON WORKER1
 ITERATION           13
 STARTING SUBJECTS          1 TO      269 ON MANAGER: OK
 STARTING SUBJECTS        270 TO      532 ON WORKER1: OK
 STARTING SUBJECTS        533 TO      800 ON WORKER2: OK
 COLLECTING SUBJECTS        1 TO      269 ON MANAGER
 COLLECTING SUBJECTS      533 TO      800 ON WORKER2
 COLLECTING SUBJECTS      270 TO      532 ON WORKER1
 ITERATION           13
 STARTING SUBJECTS          1 TO      269 ON MANAGER: OK
 STARTING SUBJECTS        270 TO      532 ON WORKER1: OK
 STARTING SUBJECTS        533 TO      800 ON WORKER2: OK
 COLLECTING SUBJECTS        1 TO      269 ON MANAGER
 COLLECTING SUBJECTS      270 TO      532 ON WORKER1
 COLLECTING SUBJECTS      533 TO      800 ON WORKER2
 Tot. mngr. proc.   Time for this  Iteration  (DDD:HH:MM:SS.DD) 000:00:00:00.00
 Total Load         Time for this  Iteration  (DDD:HH:MM:SS.DD) 000:00:00:00.05
 Total Computation  Time for this  Iteration  (DDD:HH:MM:SS.DD) 000:00:00:01.79
 Accum. mngr. proc. Time among all Iterations (DDD:HH:MM:SS.DD) 000:00:00:00.16
 Accumulated Load   Time among all Iterations (DDD:HH:MM:SS.DD) 000:00:00:01.83
 Accumulated Comp.  Time among all Iterations (DDD:HH:MM:SS.DD) 000:00:00:27.81
 Accumulated CPU    Time of present job       (DDD:HH:MM:SS.DD) 000:00:00:00.00
 
 ITERATION           14
 STARTING SUBJECTS          1 TO      270 ON MANAGER: OK
 STARTING SUBJECTS        271 TO      536 ON WORKER1: OK
 STARTING SUBJECTS        537 TO      800 ON WORKER2: OK
 COLLECTING SUBJECTS        1 TO      270 ON MANAGER
 COLLECTING SUBJECTS      537 TO      800 ON WORKER2
 COLLECTING SUBJECTS      271 TO      536 ON WORKER1
 ITERATION           14
 STARTING SUBJECTS          1 TO      270 ON MANAGER: OK
 STARTING SUBJECTS        271 TO      536 ON WORKER1: OK
 STARTING SUBJECTS        537 TO      800 ON WORKER2: OK
 COLLECTING SUBJECTS        1 TO      270 ON MANAGER
 COLLECTING SUBJECTS      271 TO      536 ON WORKER1
 COLLECTING SUBJECTS      537 TO      800 ON WORKER2
 ITERATION           14
 STARTING SUBJECTS          1 TO      270 ON MANAGER: OK
 STARTING SUBJECTS        271 TO      536 ON WORKER1: OK
 STARTING SUBJECTS        537 TO      800 ON WORKER2: OK
 COLLECTING SUBJECTS        1 TO      270 ON MANAGER
 COLLECTING SUBJECTS      271 TO      536 ON WORKER1
 COLLECTING SUBJECTS      537 TO      800 ON WORKER2
 ITERATION           14
 STARTING SUBJECTS          1 TO      270 ON MANAGER: OK
 STARTING SUBJECTS        271 TO      536 ON WORKER1: OK
 STARTING SUBJECTS        537 TO      800 ON WORKER2: OK
 COLLECTING SUBJECTS        1 TO      270 ON MANAGER
 COLLECTING SUBJECTS      271 TO      536 ON WORKER1
 COLLECTING SUBJECTS      537 TO      800 ON WORKER2
 Tot. mngr. proc.   Time for this  Iteration  (DDD:HH:MM:SS.DD) 000:00:00:00.00
 Total Load         Time for this  Iteration  (DDD:HH:MM:SS.DD) 000:00:00:00.11
 Total Computation  Time for this  Iteration  (DDD:HH:MM:SS.DD) 000:00:00:01.78
 Accum. mngr. proc. Time among all Iterations (DDD:HH:MM:SS.DD) 000:00:00:00.16
 Accumulated Load   Time among all Iterations (DDD:HH:MM:SS.DD) 000:00:00:01.93
 Accumulated Comp.  Time among all Iterations (DDD:HH:MM:SS.DD) 000:00:00:29.59
 Accumulated CPU    Time of present job       (DDD:HH:MM:SS.DD) 000:00:00:00.00
 
 ITERATION           15
 STARTING SUBJECTS          1 TO      269 ON MANAGER: OK
 STARTING SUBJECTS        270 TO      534 ON WORKER1: OK
 STARTING SUBJECTS        535 TO      800 ON WORKER2: OK
 COLLECTING SUBJECTS        1 TO      269 ON MANAGER
 COLLECTING SUBJECTS      270 TO      534 ON WORKER1
 COLLECTING SUBJECTS      535 TO      800 ON WORKER2
 ITERATION           15
 STARTING SUBJECTS          1 TO      269 ON MANAGER: OK
 STARTING SUBJECTS        270 TO      534 ON WORKER1: OK
 STARTING SUBJECTS        535 TO      800 ON WORKER2: OK
 COLLECTING SUBJECTS        1 TO      269 ON MANAGER
 COLLECTING SUBJECTS      270 TO      534 ON WORKER1
 COLLECTING SUBJECTS      535 TO      800 ON WORKER2
 ITERATION           15
 STARTING SUBJECTS          1 TO      269 ON MANAGER: OK
 STARTING SUBJECTS        270 TO      534 ON WORKER1: OK
 STARTING SUBJECTS        535 TO      800 ON WORKER2: OK
 COLLECTING SUBJECTS        1 TO      269 ON MANAGER
 COLLECTING SUBJECTS      270 TO      534 ON WORKER1
 COLLECTING SUBJECTS      535 TO      800 ON WORKER2
 ITERATION           15
 STARTING SUBJECTS          1 TO      269 ON MANAGER: OK
 STARTING SUBJECTS        270 TO      534 ON WORKER1: OK
 STARTING SUBJECTS        535 TO      800 ON WORKER2: OK
 COLLECTING SUBJECTS        1 TO      269 ON MANAGER
 COLLECTING SUBJECTS      270 TO      534 ON WORKER1
 COLLECTING SUBJECTS      535 TO      800 ON WORKER2
 Tot. mngr. proc.   Time for this  Iteration  (DDD:HH:MM:SS.DD) 000:00:00:00.00
 Total Load         Time for this  Iteration  (DDD:HH:MM:SS.DD) 000:00:00:00.17
 Total Computation  Time for this  Iteration  (DDD:HH:MM:SS.DD) 000:00:00:01.76
 Accum. mngr. proc. Time among all Iterations (DDD:HH:MM:SS.DD) 000:00:00:00.16
 Accumulated Load   Time among all Iterations (DDD:HH:MM:SS.DD) 000:00:00:02.11
 Accumulated Comp.  Time among all Iterations (DDD:HH:MM:SS.DD) 000:00:00:31.36
 Accumulated CPU    Time of present job       (DDD:HH:MM:SS.DD) 000:00:00:00.00
 
 ITERATION           16
 STARTING SUBJECTS          1 TO      266 ON MANAGER: OK
 STARTING SUBJECTS        267 TO      534 ON WORKER1: OK
 STARTING SUBJECTS        535 TO      800 ON WORKER2: OK
 COLLECTING SUBJECTS        1 TO      266 ON MANAGER
 COLLECTING SUBJECTS      267 TO      534 ON WORKER1
 COLLECTING SUBJECTS      535 TO      800 ON WORKER2
 ITERATION           16
 STARTING SUBJECTS          1 TO      266 ON MANAGER: OK
 STARTING SUBJECTS        267 TO      534 ON WORKER1: OK
 STARTING SUBJECTS        535 TO      800 ON WORKER2: OK
 COLLECTING SUBJECTS        1 TO      266 ON MANAGER
 COLLECTING SUBJECTS      267 TO      534 ON WORKER1
 COLLECTING SUBJECTS      535 TO      800 ON WORKER2
 ITERATION           16
 STARTING SUBJECTS          1 TO      266 ON MANAGER: OK
 STARTING SUBJECTS        267 TO      534 ON WORKER1: OK
 STARTING SUBJECTS        535 TO      800 ON WORKER2: OK
 COLLECTING SUBJECTS        1 TO      266 ON MANAGER
 COLLECTING SUBJECTS      535 TO      800 ON WORKER2
 COLLECTING SUBJECTS      267 TO      534 ON WORKER1
 ITERATION           16
 STARTING SUBJECTS          1 TO      266 ON MANAGER: OK
 STARTING SUBJECTS        267 TO      534 ON WORKER1: OK
 STARTING SUBJECTS        535 TO      800 ON WORKER2: OK
 COLLECTING SUBJECTS        1 TO      266 ON MANAGER
 COLLECTING SUBJECTS      267 TO      534 ON WORKER1
 COLLECTING SUBJECTS      535 TO      800 ON WORKER2
 Tot. mngr. proc.   Time for this  Iteration  (DDD:HH:MM:SS.DD) 000:00:00:00.02
 Total Load         Time for this  Iteration  (DDD:HH:MM:SS.DD) 000:00:00:00.27
 Total Computation  Time for this  Iteration  (DDD:HH:MM:SS.DD) 000:00:00:01.79
 Accum. mngr. proc. Time among all Iterations (DDD:HH:MM:SS.DD) 000:00:00:00.17
 Accumulated Load   Time among all Iterations (DDD:HH:MM:SS.DD) 000:00:00:02.37
 Accumulated Comp.  Time among all Iterations (DDD:HH:MM:SS.DD) 000:00:00:33.15
 Accumulated CPU    Time of present job       (DDD:HH:MM:SS.DD) 000:00:00:00.00
 
 ITERATION           17
 STARTING SUBJECTS          1 TO      268 ON MANAGER: OK
 STARTING SUBJECTS        269 TO      532 ON WORKER1: OK
 STARTING SUBJECTS        533 TO      800 ON WORKER2: OK
 COLLECTING SUBJECTS        1 TO      268 ON MANAGER
 COLLECTING SUBJECTS      269 TO      532 ON WORKER1
 COLLECTING SUBJECTS      533 TO      800 ON WORKER2
 ITERATION           17
 STARTING SUBJECTS          1 TO      268 ON MANAGER: OK
 STARTING SUBJECTS        269 TO      532 ON WORKER1: OK
 STARTING SUBJECTS        533 TO      800 ON WORKER2: OK
 COLLECTING SUBJECTS        1 TO      268 ON MANAGER
 COLLECTING SUBJECTS      269 TO      532 ON WORKER1
 COLLECTING SUBJECTS      533 TO      800 ON WORKER2
 ITERATION           17
 STARTING SUBJECTS          1 TO      268 ON MANAGER: OK
 STARTING SUBJECTS        269 TO      532 ON WORKER1: OK
 STARTING SUBJECTS        533 TO      800 ON WORKER2: OK
 COLLECTING SUBJECTS        1 TO      268 ON MANAGER
 COLLECTING SUBJECTS      533 TO      800 ON WORKER2
 COLLECTING SUBJECTS      269 TO      532 ON WORKER1
 ITERATION           17
 STARTING SUBJECTS          1 TO      268 ON MANAGER: OK
 STARTING SUBJECTS        269 TO      532 ON WORKER1: OK
 STARTING SUBJECTS        533 TO      800 ON WORKER2: OK
 COLLECTING SUBJECTS        1 TO      268 ON MANAGER
 COLLECTING SUBJECTS      269 TO      532 ON WORKER1
 COLLECTING SUBJECTS      533 TO      800 ON WORKER2
 Tot. mngr. proc.   Time for this  Iteration  (DDD:HH:MM:SS.DD) 000:00:00:00.00
 Total Load         Time for this  Iteration  (DDD:HH:MM:SS.DD) 000:00:00:00.12
 Total Computation  Time for this  Iteration  (DDD:HH:MM:SS.DD) 000:00:00:01.75
 Accum. mngr. proc. Time among all Iterations (DDD:HH:MM:SS.DD) 000:00:00:00.17
 Accumulated Load   Time among all Iterations (DDD:HH:MM:SS.DD) 000:00:00:02.50
 Accumulated Comp.  Time among all Iterations (DDD:HH:MM:SS.DD) 000:00:00:34.90
 Accumulated CPU    Time of present job       (DDD:HH:MM:SS.DD) 000:00:00:00.00
 
 ITERATION           18
 STARTING SUBJECTS          1 TO      268 ON MANAGER: OK
 STARTING SUBJECTS        269 TO      536 ON WORKER1: OK
 STARTING SUBJECTS        537 TO      800 ON WORKER2: OK
 COLLECTING SUBJECTS        1 TO      268 ON MANAGER
 COLLECTING SUBJECTS      269 TO      536 ON WORKER1
 COLLECTING SUBJECTS      537 TO      800 ON WORKER2
 ITERATION           18
 STARTING SUBJECTS          1 TO      268 ON MANAGER: OK
 STARTING SUBJECTS        269 TO      536 ON WORKER1: OK
 STARTING SUBJECTS        537 TO      800 ON WORKER2: OK
 COLLECTING SUBJECTS        1 TO      268 ON MANAGER
 COLLECTING SUBJECTS      269 TO      536 ON WORKER1
 COLLECTING SUBJECTS      537 TO      800 ON WORKER2
 ITERATION           18
 STARTING SUBJECTS          1 TO      268 ON MANAGER: OK
 STARTING SUBJECTS        269 TO      536 ON WORKER1: OK
 STARTING SUBJECTS        537 TO      800 ON WORKER2: OK
 COLLECTING SUBJECTS        1 TO      268 ON MANAGER
 COLLECTING SUBJECTS      269 TO      536 ON WORKER1
 COLLECTING SUBJECTS      537 TO      800 ON WORKER2
 ITERATION           18
 STARTING SUBJECTS          1 TO      268 ON MANAGER: OK
 STARTING SUBJECTS        269 TO      536 ON WORKER1: OK
 STARTING SUBJECTS        537 TO      800 ON WORKER2: OK
 COLLECTING SUBJECTS        1 TO      268 ON MANAGER
 COLLECTING SUBJECTS      269 TO      536 ON WORKER1
 COLLECTING SUBJECTS      537 TO      800 ON WORKER2
 Tot. mngr. proc.   Time for this  Iteration  (DDD:HH:MM:SS.DD) 000:00:00:00.02
 Total Load         Time for this  Iteration  (DDD:HH:MM:SS.DD) 000:00:00:00.14
 Total Computation  Time for this  Iteration  (DDD:HH:MM:SS.DD) 000:00:00:01.75
 Accum. mngr. proc. Time among all Iterations (DDD:HH:MM:SS.DD) 000:00:00:00.19
 Accumulated Load   Time among all Iterations (DDD:HH:MM:SS.DD) 000:00:00:02.64
 Accumulated Comp.  Time among all Iterations (DDD:HH:MM:SS.DD) 000:00:00:36.64
 Accumulated CPU    Time of present job       (DDD:HH:MM:SS.DD) 000:00:00:00.00
 
 ITERATION           19
 STARTING SUBJECTS          1 TO      267 ON MANAGER: OK
 STARTING SUBJECTS        268 TO      536 ON WORKER1: OK
 STARTING SUBJECTS        537 TO      800 ON WORKER2: OK
 COLLECTING SUBJECTS        1 TO      267 ON MANAGER
 COLLECTING SUBJECTS      268 TO      536 ON WORKER1
 COLLECTING SUBJECTS      537 TO      800 ON WORKER2
 ITERATION           19
 STARTING SUBJECTS          1 TO      267 ON MANAGER: OK
 STARTING SUBJECTS        268 TO      536 ON WORKER1: OK
 STARTING SUBJECTS        537 TO      800 ON WORKER2: OK
 COLLECTING SUBJECTS        1 TO      267 ON MANAGER
 COLLECTING SUBJECTS      268 TO      536 ON WORKER1
 COLLECTING SUBJECTS      537 TO      800 ON WORKER2
 ITERATION           19
 STARTING SUBJECTS          1 TO      267 ON MANAGER: OK
 STARTING SUBJECTS        268 TO      536 ON WORKER1: OK
 STARTING SUBJECTS        537 TO      800 ON WORKER2: OK
 COLLECTING SUBJECTS        1 TO      267 ON MANAGER
 COLLECTING SUBJECTS      268 TO      536 ON WORKER1
 COLLECTING SUBJECTS      537 TO      800 ON WORKER2
 ITERATION           19
 STARTING SUBJECTS          1 TO      267 ON MANAGER: OK
 STARTING SUBJECTS        268 TO      536 ON WORKER1: OK
 STARTING SUBJECTS        537 TO      800 ON WORKER2: OK
 COLLECTING SUBJECTS        1 TO      267 ON MANAGER
 COLLECTING SUBJECTS      268 TO      536 ON WORKER1
 COLLECTING SUBJECTS      537 TO      800 ON WORKER2
 Tot. mngr. proc.   Time for this  Iteration  (DDD:HH:MM:SS.DD) 000:00:00:00.02
 Total Load         Time for this  Iteration  (DDD:HH:MM:SS.DD) 000:00:00:00.17
 Total Computation  Time for this  Iteration  (DDD:HH:MM:SS.DD) 000:00:00:01.83
 Accum. mngr. proc. Time among all Iterations (DDD:HH:MM:SS.DD) 000:00:00:00.20
 Accumulated Load   Time among all Iterations (DDD:HH:MM:SS.DD) 000:00:00:02.81
 Accumulated Comp.  Time among all Iterations (DDD:HH:MM:SS.DD) 000:00:00:38.47
 Accumulated CPU    Time of present job       (DDD:HH:MM:SS.DD) 000:00:00:00.00
 
 ITERATION           20
 STARTING SUBJECTS          1 TO      265 ON MANAGER: OK
 STARTING SUBJECTS        266 TO      532 ON WORKER1: OK
 STARTING SUBJECTS        533 TO      800 ON WORKER2: OK
 COLLECTING SUBJECTS        1 TO      265 ON MANAGER
 COLLECTING SUBJECTS      533 TO      800 ON WORKER2
 COLLECTING SUBJECTS      266 TO      532 ON WORKER1
 ITERATION           20
 STARTING SUBJECTS          1 TO      265 ON MANAGER: OK
 STARTING SUBJECTS        266 TO      532 ON WORKER1: OK
 STARTING SUBJECTS        533 TO      800 ON WORKER2: OK
 COLLECTING SUBJECTS        1 TO      265 ON MANAGER
 COLLECTING SUBJECTS      533 TO      800 ON WORKER2
 COLLECTING SUBJECTS      266 TO      532 ON WORKER1
 ITERATION           20
 STARTING SUBJECTS          1 TO      265 ON MANAGER: OK
 STARTING SUBJECTS        266 TO      532 ON WORKER1: OK
 STARTING SUBJECTS        533 TO      800 ON WORKER2: OK
 COLLECTING SUBJECTS        1 TO      265 ON MANAGER
 COLLECTING SUBJECTS      266 TO      532 ON WORKER1
 COLLECTING SUBJECTS      533 TO      800 ON WORKER2
 ITERATION           20
 STARTING SUBJECTS          1 TO      265 ON MANAGER: OK
 STARTING SUBJECTS        266 TO      532 ON WORKER1: OK
 STARTING SUBJECTS        533 TO      800 ON WORKER2: OK
 COLLECTING SUBJECTS        1 TO      265 ON MANAGER
 COLLECTING SUBJECTS      533 TO      800 ON WORKER2
 COLLECTING SUBJECTS      266 TO      532 ON WORKER1
 Tot. mngr. proc.   Time for this  Iteration  (DDD:HH:MM:SS.DD) 000:00:00:00.02
 Total Load         Time for this  Iteration  (DDD:HH:MM:SS.DD) 000:00:00:00.08
 Total Computation  Time for this  Iteration  (DDD:HH:MM:SS.DD) 000:00:00:01.86
 Accum. mngr. proc. Time among all Iterations (DDD:HH:MM:SS.DD) 000:00:00:00.22
 Accumulated Load   Time among all Iterations (DDD:HH:MM:SS.DD) 000:00:00:02.89
 Accumulated Comp.  Time among all Iterations (DDD:HH:MM:SS.DD) 000:00:00:40.33
 Accumulated CPU    Time of present job       (DDD:HH:MM:SS.DD) 000:00:00:00.00
 
 ITERATION           21
 STARTING SUBJECTS          1 TO      267 ON MANAGER: OK
 STARTING SUBJECTS        268 TO      531 ON WORKER1: OK
 STARTING SUBJECTS        532 TO      800 ON WORKER2: OK
 COLLECTING SUBJECTS        1 TO      267 ON MANAGER
 COLLECTING SUBJECTS      268 TO      531 ON WORKER1
 COLLECTING SUBJECTS      532 TO      800 ON WORKER2
 ITERATION           21
 STARTING SUBJECTS          1 TO      267 ON MANAGER: OK
 STARTING SUBJECTS        268 TO      531 ON WORKER1: OK
 STARTING SUBJECTS        532 TO      800 ON WORKER2: OK
 COLLECTING SUBJECTS        1 TO      267 ON MANAGER
 COLLECTING SUBJECTS      268 TO      531 ON WORKER1
 COLLECTING SUBJECTS      532 TO      800 ON WORKER2
 ITERATION           21
 STARTING SUBJECTS          1 TO      267 ON MANAGER: OK
 STARTING SUBJECTS        268 TO      531 ON WORKER1: OK
 STARTING SUBJECTS        532 TO      800 ON WORKER2: OK
 COLLECTING SUBJECTS        1 TO      267 ON MANAGER
 COLLECTING SUBJECTS      268 TO      531 ON WORKER1
 COLLECTING SUBJECTS      532 TO      800 ON WORKER2
 ITERATION           21
 STARTING SUBJECTS          1 TO      267 ON MANAGER: OK
 STARTING SUBJECTS        268 TO      531 ON WORKER1: OK
 STARTING SUBJECTS        532 TO      800 ON WORKER2: OK
 COLLECTING SUBJECTS        1 TO      267 ON MANAGER
 COLLECTING SUBJECTS      268 TO      531 ON WORKER1
 COLLECTING SUBJECTS      532 TO      800 ON WORKER2
 Tot. mngr. proc.   Time for this  Iteration  (DDD:HH:MM:SS.DD) 000:00:00:00.00
 Total Load         Time for this  Iteration  (DDD:HH:MM:SS.DD) 000:00:00:00.16
 Total Computation  Time for this  Iteration  (DDD:HH:MM:SS.DD) 000:00:00:01.78
 Accum. mngr. proc. Time among all Iterations (DDD:HH:MM:SS.DD) 000:00:00:00.22
 Accumulated Load   Time among all Iterations (DDD:HH:MM:SS.DD) 000:00:00:03.04
 Accumulated Comp.  Time among all Iterations (DDD:HH:MM:SS.DD) 000:00:00:42.10
 Accumulated CPU    Time of present job       (DDD:HH:MM:SS.DD) 000:00:00:00.00
 
 ITERATION           22
 STARTING SUBJECTS          1 TO      268 ON MANAGER: OK
 STARTING SUBJECTS        269 TO      534 ON WORKER1: OK
 STARTING SUBJECTS        535 TO      800 ON WORKER2: OK
 COLLECTING SUBJECTS        1 TO      268 ON MANAGER
 COLLECTING SUBJECTS      269 TO      534 ON WORKER1
 COLLECTING SUBJECTS      535 TO      800 ON WORKER2
 ITERATION           22
 STARTING SUBJECTS          1 TO      268 ON MANAGER: OK
 STARTING SUBJECTS        269 TO      534 ON WORKER1: OK
 STARTING SUBJECTS        535 TO      800 ON WORKER2: OK
 COLLECTING SUBJECTS        1 TO      268 ON MANAGER
 COLLECTING SUBJECTS      269 TO      534 ON WORKER1
 COLLECTING SUBJECTS      535 TO      800 ON WORKER2
 ITERATION           22
 STARTING SUBJECTS          1 TO      268 ON MANAGER: OK
 STARTING SUBJECTS        269 TO      534 ON WORKER1: OK
 STARTING SUBJECTS        535 TO      800 ON WORKER2: OK
 COLLECTING SUBJECTS        1 TO      268 ON MANAGER
 COLLECTING SUBJECTS      535 TO      800 ON WORKER2
 COLLECTING SUBJECTS      269 TO      534 ON WORKER1
 ITERATION           22
 STARTING SUBJECTS          1 TO      268 ON MANAGER: OK
 STARTING SUBJECTS        269 TO      534 ON WORKER1: OK
 STARTING SUBJECTS        535 TO      800 ON WORKER2: OK
 COLLECTING SUBJECTS        1 TO      268 ON MANAGER
 COLLECTING SUBJECTS      269 TO      534 ON WORKER1
 COLLECTING SUBJECTS      535 TO      800 ON WORKER2
 Tot. mngr. proc.   Time for this  Iteration  (DDD:HH:MM:SS.DD) 000:00:00:00.02
 Total Load         Time for this  Iteration  (DDD:HH:MM:SS.DD) 000:00:00:00.12
 Total Computation  Time for this  Iteration  (DDD:HH:MM:SS.DD) 000:00:00:01.76
 Accum. mngr. proc. Time among all Iterations (DDD:HH:MM:SS.DD) 000:00:00:00.23
 Accumulated Load   Time among all Iterations (DDD:HH:MM:SS.DD) 000:00:00:03.17
 Accumulated Comp.  Time among all Iterations (DDD:HH:MM:SS.DD) 000:00:00:43.87
 Accumulated CPU    Time of present job       (DDD:HH:MM:SS.DD) 000:00:00:00.00
 
 ITERATION           23
 STARTING SUBJECTS          1 TO      267 ON MANAGER: OK
 STARTING SUBJECTS        268 TO      534 ON WORKER1: OK
 STARTING SUBJECTS        535 TO      800 ON WORKER2: OK
 COLLECTING SUBJECTS        1 TO      267 ON MANAGER
 COLLECTING SUBJECTS      535 TO      800 ON WORKER2
 COLLECTING SUBJECTS      268 TO      534 ON WORKER1
 ITERATION           23
 STARTING SUBJECTS          1 TO      267 ON MANAGER: OK
 STARTING SUBJECTS        268 TO      534 ON WORKER1: OK
 STARTING SUBJECTS        535 TO      800 ON WORKER2: OK
 COLLECTING SUBJECTS        1 TO      267 ON MANAGER
 COLLECTING SUBJECTS      268 TO      534 ON WORKER1
 COLLECTING SUBJECTS      535 TO      800 ON WORKER2
 ITERATION           23
 STARTING SUBJECTS          1 TO      267 ON MANAGER: OK
 STARTING SUBJECTS        268 TO      534 ON WORKER1: OK
 STARTING SUBJECTS        535 TO      800 ON WORKER2: OK
 COLLECTING SUBJECTS        1 TO      267 ON MANAGER
 COLLECTING SUBJECTS      535 TO      800 ON WORKER2
 COLLECTING SUBJECTS      268 TO      534 ON WORKER1
 ITERATION           23
 STARTING SUBJECTS          1 TO      267 ON MANAGER: OK
 STARTING SUBJECTS        268 TO      534 ON WORKER1: OK
 STARTING SUBJECTS        535 TO      800 ON WORKER2: OK
 COLLECTING SUBJECTS        1 TO      267 ON MANAGER
 COLLECTING SUBJECTS      535 TO      800 ON WORKER2
 COLLECTING SUBJECTS      268 TO      534 ON WORKER1
 Tot. mngr. proc.   Time for this  Iteration  (DDD:HH:MM:SS.DD) 000:00:00:00.03
 Total Load         Time for this  Iteration  (DDD:HH:MM:SS.DD) 000:00:00:00.08
 Total Computation  Time for this  Iteration  (DDD:HH:MM:SS.DD) 000:00:00:01.70
 Accum. mngr. proc. Time among all Iterations (DDD:HH:MM:SS.DD) 000:00:00:00.27
 Accumulated Load   Time among all Iterations (DDD:HH:MM:SS.DD) 000:00:00:03.24
 Accumulated Comp.  Time among all Iterations (DDD:HH:MM:SS.DD) 000:00:00:45.57
 Accumulated CPU    Time of present job       (DDD:HH:MM:SS.DD) 000:00:00:00.00
 
 ITERATION           24
 STARTING SUBJECTS          1 TO      267 ON MANAGER: OK
 STARTING SUBJECTS        268 TO      532 ON WORKER1: OK
 STARTING SUBJECTS        533 TO      800 ON WORKER2: OK
 COLLECTING SUBJECTS        1 TO      267 ON MANAGER
 COLLECTING SUBJECTS      268 TO      532 ON WORKER1
 COLLECTING SUBJECTS      533 TO      800 ON WORKER2
 ITERATION           24
 STARTING SUBJECTS          1 TO      267 ON MANAGER: OK
 STARTING SUBJECTS        268 TO      532 ON WORKER1: OK
 STARTING SUBJECTS        533 TO      800 ON WORKER2: OK
 COLLECTING SUBJECTS        1 TO      267 ON MANAGER
 COLLECTING SUBJECTS      533 TO      800 ON WORKER2
 COLLECTING SUBJECTS      268 TO      532 ON WORKER1
 ITERATION           24
 STARTING SUBJECTS          1 TO      267 ON MANAGER: OK
 STARTING SUBJECTS        268 TO      532 ON WORKER1: OK
 STARTING SUBJECTS        533 TO      800 ON WORKER2: OK
 COLLECTING SUBJECTS        1 TO      267 ON MANAGER
 COLLECTING SUBJECTS      268 TO      532 ON WORKER1
 COLLECTING SUBJECTS      533 TO      800 ON WORKER2
 ITERATION           24
 STARTING SUBJECTS          1 TO      267 ON MANAGER: OK
 STARTING SUBJECTS        268 TO      532 ON WORKER1: OK
 STARTING SUBJECTS        533 TO      800 ON WORKER2: OK
 COLLECTING SUBJECTS        1 TO      267 ON MANAGER
 COLLECTING SUBJECTS      268 TO      532 ON WORKER1
 COLLECTING SUBJECTS      533 TO      800 ON WORKER2
 Tot. mngr. proc.   Time for this  Iteration  (DDD:HH:MM:SS.DD) 000:00:00:00.00
 Total Load         Time for this  Iteration  (DDD:HH:MM:SS.DD) 000:00:00:00.19
 Total Computation  Time for this  Iteration  (DDD:HH:MM:SS.DD) 000:00:00:01.81
 Accum. mngr. proc. Time among all Iterations (DDD:HH:MM:SS.DD) 000:00:00:00.27
 Accumulated Load   Time among all Iterations (DDD:HH:MM:SS.DD) 000:00:00:03.43
 Accumulated Comp.  Time among all Iterations (DDD:HH:MM:SS.DD) 000:00:00:47.38
 Accumulated CPU    Time of present job       (DDD:HH:MM:SS.DD) 000:00:00:00.00
 
 ITERATION           25
 STARTING SUBJECTS          1 TO      267 ON MANAGER: OK
 STARTING SUBJECTS        268 TO      535 ON WORKER1: OK
 STARTING SUBJECTS        536 TO      800 ON WORKER2: OK
 COLLECTING SUBJECTS        1 TO      267 ON MANAGER
 COLLECTING SUBJECTS      268 TO      535 ON WORKER1
 COLLECTING SUBJECTS      536 TO      800 ON WORKER2
 ITERATION           25
 STARTING SUBJECTS          1 TO      267 ON MANAGER: OK
 STARTING SUBJECTS        268 TO      535 ON WORKER1: OK
 STARTING SUBJECTS        536 TO      800 ON WORKER2: OK
 COLLECTING SUBJECTS        1 TO      267 ON MANAGER
 COLLECTING SUBJECTS      268 TO      535 ON WORKER1
 COLLECTING SUBJECTS      536 TO      800 ON WORKER2
 ITERATION           25
 STARTING SUBJECTS          1 TO      267 ON MANAGER: OK
 STARTING SUBJECTS        268 TO      535 ON WORKER1: OK
 STARTING SUBJECTS        536 TO      800 ON WORKER2: OK
 COLLECTING SUBJECTS        1 TO      267 ON MANAGER
 COLLECTING SUBJECTS      536 TO      800 ON WORKER2
 COLLECTING SUBJECTS      268 TO      535 ON WORKER1
 ITERATION           25
 STARTING SUBJECTS          1 TO      267 ON MANAGER: OK
 STARTING SUBJECTS        268 TO      535 ON WORKER1: OK
 STARTING SUBJECTS        536 TO      800 ON WORKER2: OK
 COLLECTING SUBJECTS        1 TO      267 ON MANAGER
 COLLECTING SUBJECTS      268 TO      535 ON WORKER1
 COLLECTING SUBJECTS      536 TO      800 ON WORKER2
 Tot. mngr. proc.   Time for this  Iteration  (DDD:HH:MM:SS.DD) 000:00:00:00.00
 Total Load         Time for this  Iteration  (DDD:HH:MM:SS.DD) 000:00:00:00.12
 Total Computation  Time for this  Iteration  (DDD:HH:MM:SS.DD) 000:00:00:01.79
 Accum. mngr. proc. Time among all Iterations (DDD:HH:MM:SS.DD) 000:00:00:00.27
 Accumulated Load   Time among all Iterations (DDD:HH:MM:SS.DD) 000:00:00:03.56
 Accumulated Comp.  Time among all Iterations (DDD:HH:MM:SS.DD) 000:00:00:49.17
 Accumulated CPU    Time of present job       (DDD:HH:MM:SS.DD) 000:00:00:00.00
 
 ITERATION           26
 STARTING SUBJECTS          1 TO      266 ON MANAGER: OK
 STARTING SUBJECTS        267 TO      534 ON WORKER1: OK
 STARTING SUBJECTS        535 TO      800 ON WORKER2: OK
 COLLECTING SUBJECTS        1 TO      266 ON MANAGER
 COLLECTING SUBJECTS      267 TO      534 ON WORKER1
 COLLECTING SUBJECTS      535 TO      800 ON WORKER2
 ITERATION           26
 STARTING SUBJECTS          1 TO      266 ON MANAGER: OK
 STARTING SUBJECTS        267 TO      534 ON WORKER1: OK
 STARTING SUBJECTS        535 TO      800 ON WORKER2: OK
 COLLECTING SUBJECTS        1 TO      266 ON MANAGER
 COLLECTING SUBJECTS      267 TO      534 ON WORKER1
 COLLECTING SUBJECTS      535 TO      800 ON WORKER2
 ITERATION           26
 STARTING SUBJECTS          1 TO      266 ON MANAGER: OK
 STARTING SUBJECTS        267 TO      534 ON WORKER1: OK
 STARTING SUBJECTS        535 TO      800 ON WORKER2: OK
 COLLECTING SUBJECTS        1 TO      266 ON MANAGER
 COLLECTING SUBJECTS      267 TO      534 ON WORKER1
 COLLECTING SUBJECTS      535 TO      800 ON WORKER2
 ITERATION           26
 STARTING SUBJECTS          1 TO      266 ON MANAGER: OK
 STARTING SUBJECTS        267 TO      534 ON WORKER1: OK
 STARTING SUBJECTS        535 TO      800 ON WORKER2: OK
 COLLECTING SUBJECTS        1 TO      266 ON MANAGER
 COLLECTING SUBJECTS      267 TO      534 ON WORKER1
 COLLECTING SUBJECTS      535 TO      800 ON WORKER2
 Tot. mngr. proc.   Time for this  Iteration  (DDD:HH:MM:SS.DD) 000:00:00:00.02
 Total Load         Time for this  Iteration  (DDD:HH:MM:SS.DD) 000:00:00:00.23
 Total Computation  Time for this  Iteration  (DDD:HH:MM:SS.DD) 000:00:00:01.78
 Accum. mngr. proc. Time among all Iterations (DDD:HH:MM:SS.DD) 000:00:00:00.28
 Accumulated Load   Time among all Iterations (DDD:HH:MM:SS.DD) 000:00:00:03.79
 Accumulated Comp.  Time among all Iterations (DDD:HH:MM:SS.DD) 000:00:00:50.95
 Accumulated CPU    Time of present job       (DDD:HH:MM:SS.DD) 000:00:00:00.00
 
 ITERATION           27
 STARTING SUBJECTS          1 TO      266 ON MANAGER: OK
 STARTING SUBJECTS        267 TO      535 ON WORKER1: OK
 STARTING SUBJECTS        536 TO      800 ON WORKER2: OK
 COLLECTING SUBJECTS        1 TO      266 ON MANAGER
 COLLECTING SUBJECTS      536 TO      800 ON WORKER2
 COLLECTING SUBJECTS      267 TO      535 ON WORKER1
 ITERATION           27
 STARTING SUBJECTS          1 TO      266 ON MANAGER: OK
 STARTING SUBJECTS        267 TO      535 ON WORKER1: OK
 STARTING SUBJECTS        536 TO      800 ON WORKER2: OK
 COLLECTING SUBJECTS        1 TO      266 ON MANAGER
 COLLECTING SUBJECTS      267 TO      535 ON WORKER1
 COLLECTING SUBJECTS      536 TO      800 ON WORKER2
 ITERATION           27
 STARTING SUBJECTS          1 TO      266 ON MANAGER: OK
 STARTING SUBJECTS        267 TO      535 ON WORKER1: OK
 STARTING SUBJECTS        536 TO      800 ON WORKER2: OK
 COLLECTING SUBJECTS        1 TO      266 ON MANAGER
 COLLECTING SUBJECTS      267 TO      535 ON WORKER1
 COLLECTING SUBJECTS      536 TO      800 ON WORKER2
 ITERATION           27
 STARTING SUBJECTS          1 TO      266 ON MANAGER: OK
 STARTING SUBJECTS        267 TO      535 ON WORKER1: OK
 STARTING SUBJECTS        536 TO      800 ON WORKER2: OK
 COLLECTING SUBJECTS        1 TO      266 ON MANAGER
 COLLECTING SUBJECTS      536 TO      800 ON WORKER2
 COLLECTING SUBJECTS      267 TO      535 ON WORKER1
 Tot. mngr. proc.   Time for this  Iteration  (DDD:HH:MM:SS.DD) 000:00:00:00.00
 Total Load         Time for this  Iteration  (DDD:HH:MM:SS.DD) 000:00:00:00.14
 Total Computation  Time for this  Iteration  (DDD:HH:MM:SS.DD) 000:00:00:01.75
 Accum. mngr. proc. Time among all Iterations (DDD:HH:MM:SS.DD) 000:00:00:00.28
 Accumulated Load   Time among all Iterations (DDD:HH:MM:SS.DD) 000:00:00:03.93
 Accumulated Comp.  Time among all Iterations (DDD:HH:MM:SS.DD) 000:00:00:52.70
 Accumulated CPU    Time of present job       (DDD:HH:MM:SS.DD) 000:00:00:00.00
 
 ITERATION           28
 STARTING SUBJECTS          1 TO      266 ON MANAGER: OK
 STARTING SUBJECTS        267 TO      531 ON WORKER1: OK
 STARTING SUBJECTS        532 TO      800 ON WORKER2: OK
 COLLECTING SUBJECTS        1 TO      266 ON MANAGER
 COLLECTING SUBJECTS      267 TO      531 ON WORKER1
 COLLECTING SUBJECTS      532 TO      800 ON WORKER2
 ITERATION           28
 STARTING SUBJECTS          1 TO      266 ON MANAGER: OK
 STARTING SUBJECTS        267 TO      531 ON WORKER1: OK
 STARTING SUBJECTS        532 TO      800 ON WORKER2: OK
 COLLECTING SUBJECTS        1 TO      266 ON MANAGER
 COLLECTING SUBJECTS      532 TO      800 ON WORKER2
 COLLECTING SUBJECTS      267 TO      531 ON WORKER1
 ITERATION           28
 STARTING SUBJECTS          1 TO      266 ON MANAGER: OK
 STARTING SUBJECTS        267 TO      531 ON WORKER1: OK
 STARTING SUBJECTS        532 TO      800 ON WORKER2: OK
 COLLECTING SUBJECTS        1 TO      266 ON MANAGER
 COLLECTING SUBJECTS      267 TO      531 ON WORKER1
 COLLECTING SUBJECTS      532 TO      800 ON WORKER2
 ITERATION           28
 STARTING SUBJECTS          1 TO      266 ON MANAGER: OK
 STARTING SUBJECTS        267 TO      531 ON WORKER1: OK
 STARTING SUBJECTS        532 TO      800 ON WORKER2: OK
 COLLECTING SUBJECTS        1 TO      266 ON MANAGER
 COLLECTING SUBJECTS      267 TO      531 ON WORKER1
 COLLECTING SUBJECTS      532 TO      800 ON WORKER2
 Tot. mngr. proc.   Time for this  Iteration  (DDD:HH:MM:SS.DD) 000:00:00:00.02
 Total Load         Time for this  Iteration  (DDD:HH:MM:SS.DD) 000:00:00:00.16
 Total Computation  Time for this  Iteration  (DDD:HH:MM:SS.DD) 000:00:00:01.75
 Accum. mngr. proc. Time among all Iterations (DDD:HH:MM:SS.DD) 000:00:00:00.30
 Accumulated Load   Time among all Iterations (DDD:HH:MM:SS.DD) 000:00:00:04.09
 Accumulated Comp.  Time among all Iterations (DDD:HH:MM:SS.DD) 000:00:00:54.44
 Accumulated CPU    Time of present job       (DDD:HH:MM:SS.DD) 000:00:00:00.00
 
 ITERATION           29
 STARTING SUBJECTS          1 TO      266 ON MANAGER: OK
 STARTING SUBJECTS        267 TO      531 ON WORKER1: OK
 STARTING SUBJECTS        532 TO      800 ON WORKER2: OK
 COLLECTING SUBJECTS        1 TO      266 ON MANAGER
 COLLECTING SUBJECTS      267 TO      531 ON WORKER1
 COLLECTING SUBJECTS      532 TO      800 ON WORKER2
 ITERATION           29
 STARTING SUBJECTS          1 TO      266 ON MANAGER: OK
 STARTING SUBJECTS        267 TO      531 ON WORKER1: OK
 STARTING SUBJECTS        532 TO      800 ON WORKER2: OK
 COLLECTING SUBJECTS        1 TO      266 ON MANAGER
 COLLECTING SUBJECTS      532 TO      800 ON WORKER2
 COLLECTING SUBJECTS      267 TO      531 ON WORKER1
 ITERATION           29
 STARTING SUBJECTS          1 TO      266 ON MANAGER: OK
 STARTING SUBJECTS        267 TO      531 ON WORKER1: OK
 STARTING SUBJECTS        532 TO      800 ON WORKER2: OK
 COLLECTING SUBJECTS        1 TO      266 ON MANAGER
 COLLECTING SUBJECTS      532 TO      800 ON WORKER2
 COLLECTING SUBJECTS      267 TO      531 ON WORKER1
 ITERATION           29
 STARTING SUBJECTS          1 TO      266 ON MANAGER: OK
 STARTING SUBJECTS        267 TO      531 ON WORKER1: OK
 STARTING SUBJECTS        532 TO      800 ON WORKER2: OK
 COLLECTING SUBJECTS        1 TO      266 ON MANAGER
 COLLECTING SUBJECTS      532 TO      800 ON WORKER2
 COLLECTING SUBJECTS      267 TO      531 ON WORKER1
 Tot. mngr. proc.   Time for this  Iteration  (DDD:HH:MM:SS.DD) 000:00:00:00.00
 Total Load         Time for this  Iteration  (DDD:HH:MM:SS.DD) 000:00:00:00.08
 Total Computation  Time for this  Iteration  (DDD:HH:MM:SS.DD) 000:00:00:01.72
 Accum. mngr. proc. Time among all Iterations (DDD:HH:MM:SS.DD) 000:00:00:00.30
 Accumulated Load   Time among all Iterations (DDD:HH:MM:SS.DD) 000:00:00:04.17
 Accumulated Comp.  Time among all Iterations (DDD:HH:MM:SS.DD) 000:00:00:56.16
 Accumulated CPU    Time of present job       (DDD:HH:MM:SS.DD) 000:00:00:00.00
 
 ITERATION           30
 STARTING SUBJECTS          1 TO      269 ON MANAGER: OK
 STARTING SUBJECTS        270 TO      535 ON WORKER1: OK
 STARTING SUBJECTS        536 TO      800 ON WORKER2: OK
 COLLECTING SUBJECTS        1 TO      269 ON MANAGER
 COLLECTING SUBJECTS      270 TO      535 ON WORKER1
 COLLECTING SUBJECTS      536 TO      800 ON WORKER2
 ITERATION           30
 STARTING SUBJECTS          1 TO      269 ON MANAGER: OK
 STARTING SUBJECTS        270 TO      535 ON WORKER1: OK
 STARTING SUBJECTS        536 TO      800 ON WORKER2: OK
 COLLECTING SUBJECTS        1 TO      269 ON MANAGER
 COLLECTING SUBJECTS      536 TO      800 ON WORKER2
 COLLECTING SUBJECTS      270 TO      535 ON WORKER1
 ITERATION           30
 STARTING SUBJECTS          1 TO      269 ON MANAGER: OK
 STARTING SUBJECTS        270 TO      535 ON WORKER1: OK
 STARTING SUBJECTS        536 TO      800 ON WORKER2: OK
 COLLECTING SUBJECTS        1 TO      269 ON MANAGER
 COLLECTING SUBJECTS      536 TO      800 ON WORKER2
 COLLECTING SUBJECTS      270 TO      535 ON WORKER1
 ITERATION           30
 STARTING SUBJECTS          1 TO      269 ON MANAGER: OK
 STARTING SUBJECTS        270 TO      535 ON WORKER1: OK
 STARTING SUBJECTS        536 TO      800 ON WORKER2: OK
 COLLECTING SUBJECTS        1 TO      269 ON MANAGER
 COLLECTING SUBJECTS      270 TO      535 ON WORKER1
 COLLECTING SUBJECTS      536 TO      800 ON WORKER2
 Tot. mngr. proc.   Time for this  Iteration  (DDD:HH:MM:SS.DD) 000:00:00:00.00
 Total Load         Time for this  Iteration  (DDD:HH:MM:SS.DD) 000:00:00:00.06
 Total Computation  Time for this  Iteration  (DDD:HH:MM:SS.DD) 000:00:00:01.79
 Accum. mngr. proc. Time among all Iterations (DDD:HH:MM:SS.DD) 000:00:00:00.30
 Accumulated Load   Time among all Iterations (DDD:HH:MM:SS.DD) 000:00:00:04.23
 Accumulated Comp.  Time among all Iterations (DDD:HH:MM:SS.DD) 000:00:00:57.95
 Accumulated CPU    Time of present job       (DDD:HH:MM:SS.DD) 000:00:00:00.00
 
 ITERATION           31
 STARTING SUBJECTS          1 TO      269 ON MANAGER: OK
 STARTING SUBJECTS        270 TO      534 ON WORKER1: OK
 STARTING SUBJECTS        535 TO      800 ON WORKER2: OK
 COLLECTING SUBJECTS        1 TO      269 ON MANAGER
 COLLECTING SUBJECTS      270 TO      534 ON WORKER1
 COLLECTING SUBJECTS      535 TO      800 ON WORKER2
 ITERATION           31
 STARTING SUBJECTS          1 TO      269 ON MANAGER: OK
 STARTING SUBJECTS        270 TO      534 ON WORKER1: OK
 STARTING SUBJECTS        535 TO      800 ON WORKER2: OK
 COLLECTING SUBJECTS        1 TO      269 ON MANAGER
 COLLECTING SUBJECTS      535 TO      800 ON WORKER2
 COLLECTING SUBJECTS      270 TO      534 ON WORKER1
 ITERATION           31
 STARTING SUBJECTS          1 TO      269 ON MANAGER: OK
 STARTING SUBJECTS        270 TO      534 ON WORKER1: OK
 STARTING SUBJECTS        535 TO      800 ON WORKER2: OK
 COLLECTING SUBJECTS        1 TO      269 ON MANAGER
 COLLECTING SUBJECTS      270 TO      534 ON WORKER1
 COLLECTING SUBJECTS      535 TO      800 ON WORKER2
 ITERATION           31
 STARTING SUBJECTS          1 TO      269 ON MANAGER: OK
 STARTING SUBJECTS        270 TO      534 ON WORKER1: OK
 STARTING SUBJECTS        535 TO      800 ON WORKER2: OK
 COLLECTING SUBJECTS        1 TO      269 ON MANAGER
 COLLECTING SUBJECTS      270 TO      534 ON WORKER1
 COLLECTING SUBJECTS      535 TO      800 ON WORKER2
 Tot. mngr. proc.   Time for this  Iteration  (DDD:HH:MM:SS.DD) 000:00:00:00.02
 Total Load         Time for this  Iteration  (DDD:HH:MM:SS.DD) 000:00:00:00.16
 Total Computation  Time for this  Iteration  (DDD:HH:MM:SS.DD) 000:00:00:01.79
 Accum. mngr. proc. Time among all Iterations (DDD:HH:MM:SS.DD) 000:00:00:00.31
 Accumulated Load   Time among all Iterations (DDD:HH:MM:SS.DD) 000:00:00:04.38
 Accumulated Comp.  Time among all Iterations (DDD:HH:MM:SS.DD) 000:00:00:59.75
 Accumulated CPU    Time of present job       (DDD:HH:MM:SS.DD) 000:00:00:00.00
 
 ITERATION           32
 STARTING SUBJECTS          1 TO      266 ON MANAGER: OK
 STARTING SUBJECTS        267 TO      537 ON WORKER1: OK
 STARTING SUBJECTS        538 TO      800 ON WORKER2: OK
 COLLECTING SUBJECTS        1 TO      266 ON MANAGER
 COLLECTING SUBJECTS      267 TO      537 ON WORKER1
 COLLECTING SUBJECTS      538 TO      800 ON WORKER2
 ITERATION           32
 STARTING SUBJECTS          1 TO      266 ON MANAGER: OK
 STARTING SUBJECTS        267 TO      537 ON WORKER1: OK
 STARTING SUBJECTS        538 TO      800 ON WORKER2: OK
 COLLECTING SUBJECTS        1 TO      266 ON MANAGER
 COLLECTING SUBJECTS      538 TO      800 ON WORKER2
 COLLECTING SUBJECTS      267 TO      537 ON WORKER1
 ITERATION           32
 STARTING SUBJECTS          1 TO      266 ON MANAGER: OK
 STARTING SUBJECTS        267 TO      537 ON WORKER1: OK
 STARTING SUBJECTS        538 TO      800 ON WORKER2: OK
 COLLECTING SUBJECTS        1 TO      266 ON MANAGER
 COLLECTING SUBJECTS      267 TO      537 ON WORKER1
 COLLECTING SUBJECTS      538 TO      800 ON WORKER2
 ITERATION           32
 STARTING SUBJECTS          1 TO      266 ON MANAGER: OK
 STARTING SUBJECTS        267 TO      537 ON WORKER1: OK
 STARTING SUBJECTS        538 TO      800 ON WORKER2: OK
 COLLECTING SUBJECTS        1 TO      266 ON MANAGER
 COLLECTING SUBJECTS      538 TO      800 ON WORKER2
 COLLECTING SUBJECTS      267 TO      537 ON WORKER1
 Tot. mngr. proc.   Time for this  Iteration  (DDD:HH:MM:SS.DD) 000:00:00:00.00
 Total Load         Time for this  Iteration  (DDD:HH:MM:SS.DD) 000:00:00:00.14
 Total Computation  Time for this  Iteration  (DDD:HH:MM:SS.DD) 000:00:00:01.79
 Accum. mngr. proc. Time among all Iterations (DDD:HH:MM:SS.DD) 000:00:00:00.31
 Accumulated Load   Time among all Iterations (DDD:HH:MM:SS.DD) 000:00:00:04.52
 Accumulated Comp.  Time among all Iterations (DDD:HH:MM:SS.DD) 000:00:01:01.54
 Accumulated CPU    Time of present job       (DDD:HH:MM:SS.DD) 000:00:00:00.00
 
 ITERATION           33
 STARTING SUBJECTS          1 TO      266 ON MANAGER: OK
 STARTING SUBJECTS        267 TO      535 ON WORKER1: OK
 STARTING SUBJECTS        536 TO      800 ON WORKER2: OK
 COLLECTING SUBJECTS        1 TO      266 ON MANAGER
 COLLECTING SUBJECTS      267 TO      535 ON WORKER1
 COLLECTING SUBJECTS      536 TO      800 ON WORKER2
 ITERATION           33
 STARTING SUBJECTS          1 TO      266 ON MANAGER: OK
 STARTING SUBJECTS        267 TO      535 ON WORKER1: OK
 STARTING SUBJECTS        536 TO      800 ON WORKER2: OK
 COLLECTING SUBJECTS        1 TO      266 ON MANAGER
 COLLECTING SUBJECTS      536 TO      800 ON WORKER2
 COLLECTING SUBJECTS      267 TO      535 ON WORKER1
 ITERATION           33
 STARTING SUBJECTS          1 TO      266 ON MANAGER: OK
 STARTING SUBJECTS        267 TO      535 ON WORKER1: OK
 STARTING SUBJECTS        536 TO      800 ON WORKER2: OK
 COLLECTING SUBJECTS        1 TO      266 ON MANAGER
 COLLECTING SUBJECTS      267 TO      535 ON WORKER1
 COLLECTING SUBJECTS      536 TO      800 ON WORKER2
 ITERATION           33
 STARTING SUBJECTS          1 TO      266 ON MANAGER: OK
 STARTING SUBJECTS        267 TO      535 ON WORKER1: OK
 STARTING SUBJECTS        536 TO      800 ON WORKER2: OK
 COLLECTING SUBJECTS        1 TO      266 ON MANAGER
 COLLECTING SUBJECTS      267 TO      535 ON WORKER1
 COLLECTING SUBJECTS      536 TO      800 ON WORKER2
 Tot. mngr. proc.   Time for this  Iteration  (DDD:HH:MM:SS.DD) 000:00:00:00.00
 Total Load         Time for this  Iteration  (DDD:HH:MM:SS.DD) 000:00:00:00.11
 Total Computation  Time for this  Iteration  (DDD:HH:MM:SS.DD) 000:00:00:01.86
 Accum. mngr. proc. Time among all Iterations (DDD:HH:MM:SS.DD) 000:00:00:00.31
 Accumulated Load   Time among all Iterations (DDD:HH:MM:SS.DD) 000:00:00:04.63
 Accumulated Comp.  Time among all Iterations (DDD:HH:MM:SS.DD) 000:00:01:03.40
 Accumulated CPU    Time of present job       (DDD:HH:MM:SS.DD) 000:00:00:00.00
 
 ITERATION           34
 STARTING SUBJECTS          1 TO      267 ON MANAGER: OK
 STARTING SUBJECTS        268 TO      535 ON WORKER1: OK
 STARTING SUBJECTS        536 TO      800 ON WORKER2: OK
 COLLECTING SUBJECTS        1 TO      267 ON MANAGER
 COLLECTING SUBJECTS      268 TO      535 ON WORKER1
 COLLECTING SUBJECTS      536 TO      800 ON WORKER2
 ITERATION           34
 STARTING SUBJECTS          1 TO      267 ON MANAGER: OK
 STARTING SUBJECTS        268 TO      535 ON WORKER1: OK
 STARTING SUBJECTS        536 TO      800 ON WORKER2: OK
 COLLECTING SUBJECTS        1 TO      267 ON MANAGER
 COLLECTING SUBJECTS      268 TO      535 ON WORKER1
 COLLECTING SUBJECTS      536 TO      800 ON WORKER2
 ITERATION           34
 STARTING SUBJECTS          1 TO      267 ON MANAGER: OK
 STARTING SUBJECTS        268 TO      535 ON WORKER1: OK
 STARTING SUBJECTS        536 TO      800 ON WORKER2: OK
 COLLECTING SUBJECTS        1 TO      267 ON MANAGER
 COLLECTING SUBJECTS      268 TO      535 ON WORKER1
 COLLECTING SUBJECTS      536 TO      800 ON WORKER2
 ITERATION           34
 STARTING SUBJECTS          1 TO      267 ON MANAGER: OK
 STARTING SUBJECTS        268 TO      535 ON WORKER1: OK
 STARTING SUBJECTS        536 TO      800 ON WORKER2: OK
 COLLECTING SUBJECTS        1 TO      267 ON MANAGER
 COLLECTING SUBJECTS      268 TO      535 ON WORKER1
 COLLECTING SUBJECTS      536 TO      800 ON WORKER2
 Tot. mngr. proc.   Time for this  Iteration  (DDD:HH:MM:SS.DD) 000:00:00:00.00
 Total Load         Time for this  Iteration  (DDD:HH:MM:SS.DD) 000:00:00:00.12
 Total Computation  Time for this  Iteration  (DDD:HH:MM:SS.DD) 000:00:00:01.86
 Accum. mngr. proc. Time among all Iterations (DDD:HH:MM:SS.DD) 000:00:00:00.31
 Accumulated Load   Time among all Iterations (DDD:HH:MM:SS.DD) 000:00:00:04.76
 Accumulated Comp.  Time among all Iterations (DDD:HH:MM:SS.DD) 000:00:01:05.26
 Accumulated CPU    Time of present job       (DDD:HH:MM:SS.DD) 000:00:00:00.00
 
 ITERATION           35
 STARTING SUBJECTS          1 TO      267 ON MANAGER: OK
 STARTING SUBJECTS        268 TO      537 ON WORKER1: OK
 STARTING SUBJECTS        538 TO      800 ON WORKER2: OK
 COLLECTING SUBJECTS        1 TO      267 ON MANAGER
 COLLECTING SUBJECTS      268 TO      537 ON WORKER1
 COLLECTING SUBJECTS      538 TO      800 ON WORKER2
 ITERATION           35
 STARTING SUBJECTS          1 TO      267 ON MANAGER: OK
 STARTING SUBJECTS        268 TO      537 ON WORKER1: OK
 STARTING SUBJECTS        538 TO      800 ON WORKER2: OK
 COLLECTING SUBJECTS        1 TO      267 ON MANAGER
 COLLECTING SUBJECTS      538 TO      800 ON WORKER2
 COLLECTING SUBJECTS      268 TO      537 ON WORKER1
 ITERATION           35
 STARTING SUBJECTS          1 TO      267 ON MANAGER: OK
 STARTING SUBJECTS        268 TO      537 ON WORKER1: OK
 STARTING SUBJECTS        538 TO      800 ON WORKER2: OK
 COLLECTING SUBJECTS        1 TO      267 ON MANAGER
 COLLECTING SUBJECTS      268 TO      537 ON WORKER1
 COLLECTING SUBJECTS      538 TO      800 ON WORKER2
 ITERATION           35
 STARTING SUBJECTS          1 TO      267 ON MANAGER: OK
 STARTING SUBJECTS        268 TO      537 ON WORKER1: OK
 STARTING SUBJECTS        538 TO      800 ON WORKER2: OK
 COLLECTING SUBJECTS        1 TO      267 ON MANAGER
 COLLECTING SUBJECTS      538 TO      800 ON WORKER2
 COLLECTING SUBJECTS      268 TO      537 ON WORKER1
 Tot. mngr. proc.   Time for this  Iteration  (DDD:HH:MM:SS.DD) 000:00:00:00.00
 Total Load         Time for this  Iteration  (DDD:HH:MM:SS.DD) 000:00:00:00.06
 Total Computation  Time for this  Iteration  (DDD:HH:MM:SS.DD) 000:00:00:01.93
 Accum. mngr. proc. Time among all Iterations (DDD:HH:MM:SS.DD) 000:00:00:00.31
 Accumulated Load   Time among all Iterations (DDD:HH:MM:SS.DD) 000:00:00:04.82
 Accumulated Comp.  Time among all Iterations (DDD:HH:MM:SS.DD) 000:00:01:07.19
 Accumulated CPU    Time of present job       (DDD:HH:MM:SS.DD) 000:00:00:00.00
 
 ITERATION           36
 STARTING SUBJECTS          1 TO      269 ON MANAGER: OK
 STARTING SUBJECTS        270 TO      533 ON WORKER1: OK
 STARTING SUBJECTS        534 TO      800 ON WORKER2: OK
 COLLECTING SUBJECTS        1 TO      269 ON MANAGER
 COLLECTING SUBJECTS      270 TO      533 ON WORKER1
 COLLECTING SUBJECTS      534 TO      800 ON WORKER2
 ITERATION           36
 STARTING SUBJECTS          1 TO      269 ON MANAGER: OK
 STARTING SUBJECTS        270 TO      533 ON WORKER1: OK
 STARTING SUBJECTS        534 TO      800 ON WORKER2: OK
 COLLECTING SUBJECTS        1 TO      269 ON MANAGER
 COLLECTING SUBJECTS      270 TO      533 ON WORKER1
 COLLECTING SUBJECTS      534 TO      800 ON WORKER2
 ITERATION           36
 STARTING SUBJECTS          1 TO      269 ON MANAGER: OK
 STARTING SUBJECTS        270 TO      533 ON WORKER1: OK
 STARTING SUBJECTS        534 TO      800 ON WORKER2: OK
 COLLECTING SUBJECTS        1 TO      269 ON MANAGER
 COLLECTING SUBJECTS      534 TO      800 ON WORKER2
 COLLECTING SUBJECTS      270 TO      533 ON WORKER1
 ITERATION           36
 STARTING SUBJECTS          1 TO      269 ON MANAGER: OK
 STARTING SUBJECTS        270 TO      533 ON WORKER1: OK
 STARTING SUBJECTS        534 TO      800 ON WORKER2: OK
 COLLECTING SUBJECTS        1 TO      269 ON MANAGER
 COLLECTING SUBJECTS      270 TO      533 ON WORKER1
 COLLECTING SUBJECTS      534 TO      800 ON WORKER2
 Tot. mngr. proc.   Time for this  Iteration  (DDD:HH:MM:SS.DD) 000:00:00:00.02
 Total Load         Time for this  Iteration  (DDD:HH:MM:SS.DD) 000:00:00:00.11
 Total Computation  Time for this  Iteration  (DDD:HH:MM:SS.DD) 000:00:00:01.78
 Accum. mngr. proc. Time among all Iterations (DDD:HH:MM:SS.DD) 000:00:00:00.33
 Accumulated Load   Time among all Iterations (DDD:HH:MM:SS.DD) 000:00:00:04.93
 Accumulated Comp.  Time among all Iterations (DDD:HH:MM:SS.DD) 000:00:01:08.97
 Accumulated CPU    Time of present job       (DDD:HH:MM:SS.DD) 000:00:00:00.00
 
 ITERATION           37
 STARTING SUBJECTS          1 TO      270 ON MANAGER: OK
 STARTING SUBJECTS        271 TO      537 ON WORKER1: OK
 STARTING SUBJECTS        538 TO      800 ON WORKER2: OK
 COLLECTING SUBJECTS        1 TO      270 ON MANAGER
 COLLECTING SUBJECTS      271 TO      537 ON WORKER1
 COLLECTING SUBJECTS      538 TO      800 ON WORKER2
 ITERATION           37
 STARTING SUBJECTS          1 TO      270 ON MANAGER: OK
 STARTING SUBJECTS        271 TO      537 ON WORKER1: OK
 STARTING SUBJECTS        538 TO      800 ON WORKER2: OK
 COLLECTING SUBJECTS        1 TO      270 ON MANAGER
 COLLECTING SUBJECTS      271 TO      537 ON WORKER1
 COLLECTING SUBJECTS      538 TO      800 ON WORKER2
 ITERATION           37
 STARTING SUBJECTS          1 TO      270 ON MANAGER: OK
 STARTING SUBJECTS        271 TO      537 ON WORKER1: OK
 STARTING SUBJECTS        538 TO      800 ON WORKER2: OK
 COLLECTING SUBJECTS        1 TO      270 ON MANAGER
 COLLECTING SUBJECTS      271 TO      537 ON WORKER1
 COLLECTING SUBJECTS      538 TO      800 ON WORKER2
 ITERATION           37
 STARTING SUBJECTS          1 TO      270 ON MANAGER: OK
 STARTING SUBJECTS        271 TO      537 ON WORKER1: OK
 STARTING SUBJECTS        538 TO      800 ON WORKER2: OK
 COLLECTING SUBJECTS        1 TO      270 ON MANAGER
 COLLECTING SUBJECTS      538 TO      800 ON WORKER2
 COLLECTING SUBJECTS      271 TO      537 ON WORKER1
 Tot. mngr. proc.   Time for this  Iteration  (DDD:HH:MM:SS.DD) 000:00:00:00.02
 Total Load         Time for this  Iteration  (DDD:HH:MM:SS.DD) 000:00:00:00.23
 Total Computation  Time for this  Iteration  (DDD:HH:MM:SS.DD) 000:00:00:01.83
 Accum. mngr. proc. Time among all Iterations (DDD:HH:MM:SS.DD) 000:00:00:00.34
 Accumulated Load   Time among all Iterations (DDD:HH:MM:SS.DD) 000:00:00:05.16
 Accumulated Comp.  Time among all Iterations (DDD:HH:MM:SS.DD) 000:00:01:10.79
 Accumulated CPU    Time of present job       (DDD:HH:MM:SS.DD) 000:00:00:00.00
 
 ITERATION           38
 STARTING SUBJECTS          1 TO      267 ON MANAGER: OK
 STARTING SUBJECTS        268 TO      534 ON WORKER1: OK
 STARTING SUBJECTS        535 TO      800 ON WORKER2: OK
 COLLECTING SUBJECTS        1 TO      267 ON MANAGER
 COLLECTING SUBJECTS      268 TO      534 ON WORKER1
 COLLECTING SUBJECTS      535 TO      800 ON WORKER2
 ITERATION           38
 STARTING SUBJECTS          1 TO      267 ON MANAGER: OK
 STARTING SUBJECTS        268 TO      534 ON WORKER1: OK
 STARTING SUBJECTS        535 TO      800 ON WORKER2: OK
 COLLECTING SUBJECTS        1 TO      267 ON MANAGER
 COLLECTING SUBJECTS      268 TO      534 ON WORKER1
 COLLECTING SUBJECTS      535 TO      800 ON WORKER2
 ITERATION           38
 STARTING SUBJECTS          1 TO      267 ON MANAGER: OK
 STARTING SUBJECTS        268 TO      534 ON WORKER1: OK
 STARTING SUBJECTS        535 TO      800 ON WORKER2: OK
 COLLECTING SUBJECTS        1 TO      267 ON MANAGER
 COLLECTING SUBJECTS      268 TO      534 ON WORKER1
 COLLECTING SUBJECTS      535 TO      800 ON WORKER2
 ITERATION           38
 STARTING SUBJECTS          1 TO      267 ON MANAGER: OK
 STARTING SUBJECTS        268 TO      534 ON WORKER1: OK
 STARTING SUBJECTS        535 TO      800 ON WORKER2: OK
 COLLECTING SUBJECTS        1 TO      267 ON MANAGER
 COLLECTING SUBJECTS      268 TO      534 ON WORKER1
 COLLECTING SUBJECTS      535 TO      800 ON WORKER2
 Tot. mngr. proc.   Time for this  Iteration  (DDD:HH:MM:SS.DD) 000:00:00:00.02
 Total Load         Time for this  Iteration  (DDD:HH:MM:SS.DD) 000:00:00:00.25
 Total Computation  Time for this  Iteration  (DDD:HH:MM:SS.DD) 000:00:00:01.87
 Accum. mngr. proc. Time among all Iterations (DDD:HH:MM:SS.DD) 000:00:00:00.36
 Accumulated Load   Time among all Iterations (DDD:HH:MM:SS.DD) 000:00:00:05.41
 Accumulated Comp.  Time among all Iterations (DDD:HH:MM:SS.DD) 000:00:01:12.67
 Accumulated CPU    Time of present job       (DDD:HH:MM:SS.DD) 000:00:00:00.00
 
 ITERATION           39
 STARTING SUBJECTS          1 TO      263 ON MANAGER: OK
 STARTING SUBJECTS        264 TO      533 ON WORKER1: OK
 STARTING SUBJECTS        534 TO      800 ON WORKER2: OK
 COLLECTING SUBJECTS        1 TO      263 ON MANAGER
 COLLECTING SUBJECTS      534 TO      800 ON WORKER2
 COLLECTING SUBJECTS      264 TO      533 ON WORKER1
 ITERATION           39
 STARTING SUBJECTS          1 TO      263 ON MANAGER: OK
 STARTING SUBJECTS        264 TO      533 ON WORKER1: OK
 STARTING SUBJECTS        534 TO      800 ON WORKER2: OK
 COLLECTING SUBJECTS        1 TO      263 ON MANAGER
 COLLECTING SUBJECTS      534 TO      800 ON WORKER2
 COLLECTING SUBJECTS      264 TO      533 ON WORKER1
 ITERATION           39
 STARTING SUBJECTS          1 TO      263 ON MANAGER: OK
 STARTING SUBJECTS        264 TO      533 ON WORKER1: OK
 STARTING SUBJECTS        534 TO      800 ON WORKER2: OK
 COLLECTING SUBJECTS        1 TO      263 ON MANAGER
 COLLECTING SUBJECTS      264 TO      533 ON WORKER1
 COLLECTING SUBJECTS      534 TO      800 ON WORKER2
 ITERATION           39
 STARTING SUBJECTS          1 TO      263 ON MANAGER: OK
 STARTING SUBJECTS        264 TO      533 ON WORKER1: OK
 STARTING SUBJECTS        534 TO      800 ON WORKER2: OK
 COLLECTING SUBJECTS        1 TO      263 ON MANAGER
 COLLECTING SUBJECTS      534 TO      800 ON WORKER2
 COLLECTING SUBJECTS      264 TO      533 ON WORKER1
 Tot. mngr. proc.   Time for this  Iteration  (DDD:HH:MM:SS.DD) 000:00:00:00.00
 Total Load         Time for this  Iteration  (DDD:HH:MM:SS.DD) 000:00:00:00.27
 Total Computation  Time for this  Iteration  (DDD:HH:MM:SS.DD) 000:00:00:01.78
 Accum. mngr. proc. Time among all Iterations (DDD:HH:MM:SS.DD) 000:00:00:00.36
 Accumulated Load   Time among all Iterations (DDD:HH:MM:SS.DD) 000:00:00:05.68
 Accumulated Comp.  Time among all Iterations (DDD:HH:MM:SS.DD) 000:00:01:14.44
 Accumulated CPU    Time of present job       (DDD:HH:MM:SS.DD) 000:00:00:00.00
 
 ITERATION           40
 STARTING SUBJECTS          1 TO      269 ON MANAGER: OK
 STARTING SUBJECTS        270 TO      533 ON WORKER1: OK
 STARTING SUBJECTS        534 TO      800 ON WORKER2: OK
 COLLECTING SUBJECTS        1 TO      269 ON MANAGER
 COLLECTING SUBJECTS      270 TO      533 ON WORKER1
 COLLECTING SUBJECTS      534 TO      800 ON WORKER2
 ITERATION           40
 STARTING SUBJECTS          1 TO      269 ON MANAGER: OK
 STARTING SUBJECTS        270 TO      533 ON WORKER1: OK
 STARTING SUBJECTS        534 TO      800 ON WORKER2: OK
 COLLECTING SUBJECTS        1 TO      269 ON MANAGER
 COLLECTING SUBJECTS      270 TO      533 ON WORKER1
 COLLECTING SUBJECTS      534 TO      800 ON WORKER2
 ITERATION           40
 STARTING SUBJECTS          1 TO      269 ON MANAGER: OK
 STARTING SUBJECTS        270 TO      533 ON WORKER1: OK
 STARTING SUBJECTS        534 TO      800 ON WORKER2: OK
 COLLECTING SUBJECTS        1 TO      269 ON MANAGER
 COLLECTING SUBJECTS      270 TO      533 ON WORKER1
 COLLECTING SUBJECTS      534 TO      800 ON WORKER2
 ITERATION           40
 STARTING SUBJECTS          1 TO      269 ON MANAGER: OK
 STARTING SUBJECTS        270 TO      533 ON WORKER1: OK
 STARTING SUBJECTS        534 TO      800 ON WORKER2: OK
 COLLECTING SUBJECTS        1 TO      269 ON MANAGER
 COLLECTING SUBJECTS      270 TO      533 ON WORKER1
 COLLECTING SUBJECTS      534 TO      800 ON WORKER2
 Tot. mngr. proc.   Time for this  Iteration  (DDD:HH:MM:SS.DD) 000:00:00:00.00
 Total Load         Time for this  Iteration  (DDD:HH:MM:SS.DD) 000:00:00:00.17
 Total Computation  Time for this  Iteration  (DDD:HH:MM:SS.DD) 000:00:00:01.87
 Accum. mngr. proc. Time among all Iterations (DDD:HH:MM:SS.DD) 000:00:00:00.36
 Accumulated Load   Time among all Iterations (DDD:HH:MM:SS.DD) 000:00:00:05.85
 Accumulated Comp.  Time among all Iterations (DDD:HH:MM:SS.DD) 000:00:01:16.32
 Accumulated CPU    Time of present job       (DDD:HH:MM:SS.DD) 000:00:00:00.00
 
 ITERATION           41
 STARTING SUBJECTS          1 TO      269 ON MANAGER: OK
 STARTING SUBJECTS        270 TO      539 ON WORKER1: OK
 STARTING SUBJECTS        540 TO      800 ON WORKER2: OK
 COLLECTING SUBJECTS        1 TO      269 ON MANAGER
 COLLECTING SUBJECTS      540 TO      800 ON WORKER2
 COLLECTING SUBJECTS      270 TO      539 ON WORKER1
 ITERATION           41
 STARTING SUBJECTS          1 TO      269 ON MANAGER: OK
 STARTING SUBJECTS        270 TO      539 ON WORKER1: OK
 STARTING SUBJECTS        540 TO      800 ON WORKER2: OK
 COLLECTING SUBJECTS        1 TO      269 ON MANAGER
 COLLECTING SUBJECTS      270 TO      539 ON WORKER1
 COLLECTING SUBJECTS      540 TO      800 ON WORKER2
 ITERATION           41
 STARTING SUBJECTS          1 TO      269 ON MANAGER: OK
 STARTING SUBJECTS        270 TO      539 ON WORKER1: OK
 STARTING SUBJECTS        540 TO      800 ON WORKER2: OK
 COLLECTING SUBJECTS        1 TO      269 ON MANAGER
 COLLECTING SUBJECTS      270 TO      539 ON WORKER1
 COLLECTING SUBJECTS      540 TO      800 ON WORKER2
 ITERATION           41
 STARTING SUBJECTS          1 TO      269 ON MANAGER: OK
 STARTING SUBJECTS        270 TO      539 ON WORKER1: OK
 STARTING SUBJECTS        540 TO      800 ON WORKER2: OK
 COLLECTING SUBJECTS        1 TO      269 ON MANAGER
 COLLECTING SUBJECTS      270 TO      539 ON WORKER1
 COLLECTING SUBJECTS      540 TO      800 ON WORKER2
 Tot. mngr. proc.   Time for this  Iteration  (DDD:HH:MM:SS.DD) 000:00:00:00.00
 Total Load         Time for this  Iteration  (DDD:HH:MM:SS.DD) 000:00:00:00.19
 Total Computation  Time for this  Iteration  (DDD:HH:MM:SS.DD) 000:00:00:01.93
 Accum. mngr. proc. Time among all Iterations (DDD:HH:MM:SS.DD) 000:00:00:00.36
 Accumulated Load   Time among all Iterations (DDD:HH:MM:SS.DD) 000:00:00:06.04
 Accumulated Comp.  Time among all Iterations (DDD:HH:MM:SS.DD) 000:00:01:18.25
 Accumulated CPU    Time of present job       (DDD:HH:MM:SS.DD) 000:00:00:00.00
 
 ITERATION           42
 STARTING SUBJECTS          1 TO      267 ON MANAGER: OK
 STARTING SUBJECTS        268 TO      533 ON WORKER1: OK
 STARTING SUBJECTS        534 TO      800 ON WORKER2: OK
 COLLECTING SUBJECTS        1 TO      267 ON MANAGER
 COLLECTING SUBJECTS      534 TO      800 ON WORKER2
 COLLECTING SUBJECTS      268 TO      533 ON WORKER1
 ITERATION           42
 STARTING SUBJECTS          1 TO      267 ON MANAGER: OK
 STARTING SUBJECTS        268 TO      533 ON WORKER1: OK
 STARTING SUBJECTS        534 TO      800 ON WORKER2: OK
 COLLECTING SUBJECTS        1 TO      267 ON MANAGER
 COLLECTING SUBJECTS      268 TO      533 ON WORKER1
 COLLECTING SUBJECTS      534 TO      800 ON WORKER2
 ITERATION           42
 STARTING SUBJECTS          1 TO      267 ON MANAGER: OK
 STARTING SUBJECTS        268 TO      533 ON WORKER1: OK
 STARTING SUBJECTS        534 TO      800 ON WORKER2: OK
 COLLECTING SUBJECTS        1 TO      267 ON MANAGER
 COLLECTING SUBJECTS      268 TO      533 ON WORKER1
 COLLECTING SUBJECTS      534 TO      800 ON WORKER2
 ITERATION           42
 STARTING SUBJECTS          1 TO      267 ON MANAGER: OK
 STARTING SUBJECTS        268 TO      533 ON WORKER1: OK
 STARTING SUBJECTS        534 TO      800 ON WORKER2: OK
 COLLECTING SUBJECTS        1 TO      267 ON MANAGER
 COLLECTING SUBJECTS      534 TO      800 ON WORKER2
 COLLECTING SUBJECTS      268 TO      533 ON WORKER1
PARAFILE=mpiwini8.pnm, PROTOCOL=MPI, NODES= 3
TABLE NO.     2: Importance Sampling (No Prior): Goal Function=FINAL VALUE OF OBJECTIVE FUNCTION: Problem=1 Subproblem=0 Superproblem1=0 Iteration1=0 Superproblem2=0 Iteration2=0
 ITERATION            0
 STARTING SUBJECTS          1 TO      267 ON MANAGER: OK
 STARTING SUBJECTS        268 TO      533 ON WORKER1: OK
 STARTING SUBJECTS        534 TO      800 ON WORKER2: OK
 COLLECTING SUBJECTS        1 TO      267 ON MANAGER
 COLLECTING SUBJECTS      534 TO      800 ON WORKER2
 COLLECTING SUBJECTS      268 TO      533 ON WORKER1
 ITERATION            0
 STARTING SUBJECTS          1 TO      267 ON MANAGER: OK
 STARTING SUBJECTS        268 TO      533 ON WORKER1: OK
 STARTING SUBJECTS        534 TO      800 ON WORKER2: OK
 COLLECTING SUBJECTS        1 TO      267 ON MANAGER
 COLLECTING SUBJECTS      268 TO      533 ON WORKER1
 COLLECTING SUBJECTS      534 TO      800 ON WORKER2
 Tot. mngr. proc.   Time for this  Iteration  (DDD:HH:MM:SS.DD) 000:00:00:00.09
 Total Load         Time for this  Iteration  (DDD:HH:MM:SS.DD) 000:00:00:00.37
 Total Computation  Time for this  Iteration  (DDD:HH:MM:SS.DD) 000:00:00:19.89
 Accum. mngr. proc. Time among all Iterations (DDD:HH:MM:SS.DD) 000:00:00:00.09
 Accumulated Load   Time among all Iterations (DDD:HH:MM:SS.DD) 000:00:00:00.37
 Accumulated Comp.  Time among all Iterations (DDD:HH:MM:SS.DD) 000:00:00:28.63
 Accumulated CPU    Time of present job       (DDD:HH:MM:SS.DD) 000:00:00:00.00
 
 ITERATION            1
 STARTING SUBJECTS          1 TO      265 ON MANAGER: OK
 STARTING SUBJECTS        266 TO      533 ON WORKER1: OK
 STARTING SUBJECTS        534 TO      800 ON WORKER2: OK
 COLLECTING SUBJECTS        1 TO      265 ON MANAGER
 COLLECTING SUBJECTS      534 TO      800 ON WORKER2
 COLLECTING SUBJECTS      266 TO      533 ON WORKER1
 ITERATION            1
 STARTING SUBJECTS          1 TO      265 ON MANAGER: OK
 STARTING SUBJECTS        266 TO      533 ON WORKER1: OK
 STARTING SUBJECTS        534 TO      800 ON WORKER2: OK
 COLLECTING SUBJECTS        1 TO      265 ON MANAGER
 COLLECTING SUBJECTS      534 TO      800 ON WORKER2
 COLLECTING SUBJECTS      266 TO      533 ON WORKER1
 Tot. mngr. proc.   Time for this  Iteration  (DDD:HH:MM:SS.DD) 000:00:00:00.06
 Total Load         Time for this  Iteration  (DDD:HH:MM:SS.DD) 000:00:00:00.03
 Total Computation  Time for this  Iteration  (DDD:HH:MM:SS.DD) 000:00:00:20.09
 Accum. mngr. proc. Time among all Iterations (DDD:HH:MM:SS.DD) 000:00:00:00.16
 Accumulated Load   Time among all Iterations (DDD:HH:MM:SS.DD) 000:00:00:00.41
 Accumulated Comp.  Time among all Iterations (DDD:HH:MM:SS.DD) 000:00:00:48.73
 Accumulated CPU    Time of present job       (DDD:HH:MM:SS.DD) 000:00:00:00.00
 
 ITERATION            2
 STARTING SUBJECTS          1 TO      267 ON MANAGER: OK
 STARTING SUBJECTS        268 TO      533 ON WORKER1: OK
 STARTING SUBJECTS        534 TO      800 ON WORKER2: OK
 COLLECTING SUBJECTS        1 TO      267 ON MANAGER
 COLLECTING SUBJECTS      534 TO      800 ON WORKER2
 COLLECTING SUBJECTS      268 TO      533 ON WORKER1
 ITERATION            2
 STARTING SUBJECTS          1 TO      267 ON MANAGER: OK
 STARTING SUBJECTS        268 TO      533 ON WORKER1: OK
 STARTING SUBJECTS        534 TO      800 ON WORKER2: OK
 COLLECTING SUBJECTS        1 TO      267 ON MANAGER
 COLLECTING SUBJECTS      268 TO      533 ON WORKER1
 COLLECTING SUBJECTS      534 TO      800 ON WORKER2
 Tot. mngr. proc.   Time for this  Iteration  (DDD:HH:MM:SS.DD) 000:00:00:00.05
 Total Load         Time for this  Iteration  (DDD:HH:MM:SS.DD) 000:00:00:00.08
 Total Computation  Time for this  Iteration  (DDD:HH:MM:SS.DD) 000:00:00:19.92
 Accum. mngr. proc. Time among all Iterations (DDD:HH:MM:SS.DD) 000:00:00:00.20
 Accumulated Load   Time among all Iterations (DDD:HH:MM:SS.DD) 000:00:00:00.48
 Accumulated Comp.  Time among all Iterations (DDD:HH:MM:SS.DD) 000:00:01:08.65
 Accumulated CPU    Time of present job       (DDD:HH:MM:SS.DD) 000:00:02:29.00
 
 ITERATION            3
 STARTING SUBJECTS          1 TO      271 ON MANAGER: OK
 STARTING SUBJECTS        272 TO      534 ON WORKER1: OK
 STARTING SUBJECTS        535 TO      800 ON WORKER2: OK
 COLLECTING SUBJECTS        1 TO      271 ON MANAGER
 COLLECTING SUBJECTS      272 TO      534 ON WORKER1
 COLLECTING SUBJECTS      535 TO      800 ON WORKER2
 ITERATION            3
 STARTING SUBJECTS          1 TO      271 ON MANAGER: OK
 STARTING SUBJECTS        272 TO      534 ON WORKER1: OK
 STARTING SUBJECTS        535 TO      800 ON WORKER2: OK
