PARAFILE=mpiwini8.pnm, PROTOCOL=MPI, NODES= 6
TABLE NO.     1: Iterative Two Stage: Goal Function=FINAL VALUE OF OBJECTIVE FUNCTION: Problem=1 Subproblem=0 Superproblem1=0 Iteration1=0 Superproblem2=0 Iteration2=0
 ITERATION            0
 STARTING SUBJECTS          1 TO      417 ON MANAGER: OK
 STARTING SUBJECTS        418 TO      834 ON WORKER1: OK
 STARTING SUBJECTS        835 TO     1251 ON WORKER2: OK
 STARTING SUBJECTS       1252 TO     1668 ON WORKER3: OK
 STARTING SUBJECTS       1669 TO     2084 ON WORKER4: OK
 STARTING SUBJECTS       2085 TO     2500 ON WORKER5: OK
 COLLECTING SUBJECTS        1 TO      417 ON MANAGER
 COLLECTING SUBJECTS      418 TO      834 ON WORKER1
 COLLECTING SUBJECTS      835 TO     1251 ON WORKER2
 COLLECTING SUBJECTS     1252 TO     1668 ON WORKER3
 COLLECTING SUBJECTS     1669 TO     2084 ON WORKER4
 COLLECTING SUBJECTS     2085 TO     2500 ON WORKER5
 ITERATION            0
 STARTING SUBJECTS          1 TO      417 ON MANAGER: OK
 STARTING SUBJECTS        418 TO      834 ON WORKER1: OK
 STARTING SUBJECTS        835 TO     1251 ON WORKER2: OK
 STARTING SUBJECTS       1252 TO     1668 ON WORKER3: OK
 STARTING SUBJECTS       1669 TO     2084 ON WORKER4: OK
 STARTING SUBJECTS       2085 TO     2500 ON WORKER5: OK
 COLLECTING SUBJECTS        1 TO      417 ON MANAGER
 COLLECTING SUBJECTS      835 TO     1251 ON WORKER2
 COLLECTING SUBJECTS     1252 TO     1668 ON WORKER3
 COLLECTING SUBJECTS     1669 TO     2084 ON WORKER4
 COLLECTING SUBJECTS     2085 TO     2500 ON WORKER5
 COLLECTING SUBJECTS      418 TO      834 ON WORKER1
 Total Load   Time for this  Iteration  (DDD:HH:MM:SS.DD) 000:00:00:03.29
 Total Comp.  Time for this  Iteration  (DDD:HH:MM:SS.DD) 000:00:00:07.17
 Accum. Load  Time among all Iterations (DDD:HH:MM:SS.DD) 000:00:00:03.29
 Accum. Comp. Time among all Iterations (DDD:HH:MM:SS.DD) 000:00:00:07.17
 
 ITERATION            1
 STARTING SUBJECTS          1 TO      411 ON MANAGER: OK
 STARTING SUBJECTS        412 TO      830 ON WORKER1: OK
 STARTING SUBJECTS        831 TO     1251 ON WORKER2: OK
 STARTING SUBJECTS       1252 TO     1675 ON WORKER3: OK
 STARTING SUBJECTS       1676 TO     2071 ON WORKER4: OK
 STARTING SUBJECTS       2072 TO     2500 ON WORKER5: OK
 COLLECTING SUBJECTS        1 TO      411 ON MANAGER
 COLLECTING SUBJECTS      831 TO     1251 ON WORKER2
 COLLECTING SUBJECTS      412 TO      830 ON WORKER1
 COLLECTING SUBJECTS     1676 TO     2071 ON WORKER4
 COLLECTING SUBJECTS     1252 TO     1675 ON WORKER3
 COLLECTING SUBJECTS     2072 TO     2500 ON WORKER5
 ITERATION            1
 STARTING SUBJECTS          1 TO      411 ON MANAGER: OK
 STARTING SUBJECTS        412 TO      830 ON WORKER1: OK
 STARTING SUBJECTS        831 TO     1251 ON WORKER2: OK
 STARTING SUBJECTS       1252 TO     1675 ON WORKER3: OK
 STARTING SUBJECTS       1676 TO     2071 ON WORKER4: OK
 STARTING SUBJECTS       2072 TO     2500 ON WORKER5: OK
 COLLECTING SUBJECTS        1 TO      411 ON MANAGER
 COLLECTING SUBJECTS     1252 TO     1675 ON WORKER3
 COLLECTING SUBJECTS      412 TO      830 ON WORKER1
 COLLECTING SUBJECTS      831 TO     1251 ON WORKER2
 COLLECTING SUBJECTS     1676 TO     2071 ON WORKER4
 COLLECTING SUBJECTS     2072 TO     2500 ON WORKER5
 ITERATION            1
 STARTING SUBJECTS          1 TO      411 ON MANAGER: OK
 STARTING SUBJECTS        412 TO      830 ON WORKER1: OK
 STARTING SUBJECTS        831 TO     1251 ON WORKER2: OK
 STARTING SUBJECTS       1252 TO     1675 ON WORKER3: OK
 STARTING SUBJECTS       1676 TO     2071 ON WORKER4: OK
 STARTING SUBJECTS       2072 TO     2500 ON WORKER5: OK
 COLLECTING SUBJECTS        1 TO      411 ON MANAGER
 COLLECTING SUBJECTS      412 TO      830 ON WORKER1
 COLLECTING SUBJECTS      831 TO     1251 ON WORKER2
 COLLECTING SUBJECTS     1676 TO     2071 ON WORKER4
 COLLECTING SUBJECTS     2072 TO     2500 ON WORKER5
 COLLECTING SUBJECTS     1252 TO     1675 ON WORKER3
 ITERATION            1
 STARTING SUBJECTS          1 TO      411 ON MANAGER: OK
 STARTING SUBJECTS        412 TO      830 ON WORKER1: OK
 STARTING SUBJECTS        831 TO     1251 ON WORKER2: OK
 STARTING SUBJECTS       1252 TO     1675 ON WORKER3: OK
 STARTING SUBJECTS       1676 TO     2071 ON WORKER4: OK
 STARTING SUBJECTS       2072 TO     2500 ON WORKER5: OK
 COLLECTING SUBJECTS        1 TO      411 ON MANAGER
 COLLECTING SUBJECTS      412 TO      830 ON WORKER1
 COLLECTING SUBJECTS      831 TO     1251 ON WORKER2
 COLLECTING SUBJECTS     1252 TO     1675 ON WORKER3
 COLLECTING SUBJECTS     1676 TO     2071 ON WORKER4
 COLLECTING SUBJECTS     2072 TO     2500 ON WORKER5
 Total Load   Time for this  Iteration  (DDD:HH:MM:SS.DD) 000:00:00:00.78
 Total Comp.  Time for this  Iteration  (DDD:HH:MM:SS.DD) 000:00:00:11.88
 Accum. Load  Time among all Iterations (DDD:HH:MM:SS.DD) 000:00:00:04.07
 Accum. Comp. Time among all Iterations (DDD:HH:MM:SS.DD) 000:00:00:19.05
 
 ITERATION            2
 STARTING SUBJECTS          1 TO      421 ON MANAGER: OK
 STARTING SUBJECTS        422 TO      865 ON WORKER1: OK
 STARTING SUBJECTS        866 TO     1287 ON WORKER2: OK
 STARTING SUBJECTS       1288 TO     1685 ON WORKER3: OK
 STARTING SUBJECTS       1686 TO     2089 ON WORKER4: OK
 STARTING SUBJECTS       2090 TO     2500 ON WORKER5: OK
 COLLECTING SUBJECTS        1 TO      421 ON MANAGER
 COLLECTING SUBJECTS      866 TO     1287 ON WORKER2
 COLLECTING SUBJECTS     1288 TO     1685 ON WORKER3
 COLLECTING SUBJECTS     1686 TO     2089 ON WORKER4
 COLLECTING SUBJECTS     2090 TO     2500 ON WORKER5
 COLLECTING SUBJECTS      422 TO      865 ON WORKER1
 ITERATION            2
 STARTING SUBJECTS          1 TO      421 ON MANAGER: OK
 STARTING SUBJECTS        422 TO      865 ON WORKER1: OK
 STARTING SUBJECTS        866 TO     1287 ON WORKER2: OK
 STARTING SUBJECTS       1288 TO     1685 ON WORKER3: OK
 STARTING SUBJECTS       1686 TO     2089 ON WORKER4: OK
 STARTING SUBJECTS       2090 TO     2500 ON WORKER5: OK
 COLLECTING SUBJECTS        1 TO      421 ON MANAGER
 COLLECTING SUBJECTS      422 TO      865 ON WORKER1
 COLLECTING SUBJECTS      866 TO     1287 ON WORKER2
 COLLECTING SUBJECTS     1288 TO     1685 ON WORKER3
 COLLECTING SUBJECTS     1686 TO     2089 ON WORKER4
 COLLECTING SUBJECTS     2090 TO     2500 ON WORKER5
 ITERATION            2
 STARTING SUBJECTS          1 TO      421 ON MANAGER: OK
 STARTING SUBJECTS        422 TO      865 ON WORKER1: OK
 STARTING SUBJECTS        866 TO     1287 ON WORKER2: OK
 STARTING SUBJECTS       1288 TO     1685 ON WORKER3: OK
 STARTING SUBJECTS       1686 TO     2089 ON WORKER4: OK
 STARTING SUBJECTS       2090 TO     2500 ON WORKER5: OK
 COLLECTING SUBJECTS        1 TO      421 ON MANAGER
 COLLECTING SUBJECTS      422 TO      865 ON WORKER1
 COLLECTING SUBJECTS      866 TO     1287 ON WORKER2
 COLLECTING SUBJECTS     1288 TO     1685 ON WORKER3
 COLLECTING SUBJECTS     1686 TO     2089 ON WORKER4
 COLLECTING SUBJECTS     2090 TO     2500 ON WORKER5
 ITERATION            2
 STARTING SUBJECTS          1 TO      421 ON MANAGER: OK
 STARTING SUBJECTS        422 TO      865 ON WORKER1: OK
 STARTING SUBJECTS        866 TO     1287 ON WORKER2: OK
 STARTING SUBJECTS       1288 TO     1685 ON WORKER3: OK
 STARTING SUBJECTS       1686 TO     2089 ON WORKER4: OK
 STARTING SUBJECTS       2090 TO     2500 ON WORKER5: OK
 COLLECTING SUBJECTS        1 TO      421 ON MANAGER
 COLLECTING SUBJECTS      866 TO     1287 ON WORKER2
 COLLECTING SUBJECTS     1288 TO     1685 ON WORKER3
 COLLECTING SUBJECTS     1686 TO     2089 ON WORKER4
 COLLECTING SUBJECTS     2090 TO     2500 ON WORKER5
 COLLECTING SUBJECTS      422 TO      865 ON WORKER1
 Total Load   Time for this  Iteration  (DDD:HH:MM:SS.DD) 000:00:00:01.41
 Total Comp.  Time for this  Iteration  (DDD:HH:MM:SS.DD) 000:00:00:11.20
 Accum. Load  Time among all Iterations (DDD:HH:MM:SS.DD) 000:00:00:05.48
 Accum. Comp. Time among all Iterations (DDD:HH:MM:SS.DD) 000:00:00:30.25
 
 ITERATION            3
 STARTING SUBJECTS          1 TO      405 ON MANAGER: OK
 STARTING SUBJECTS        406 TO      843 ON WORKER1: OK
 STARTING SUBJECTS        844 TO     1272 ON WORKER2: OK
 STARTING SUBJECTS       1273 TO     1660 ON WORKER3: OK
 STARTING SUBJECTS       1661 TO     2069 ON WORKER4: OK
 STARTING SUBJECTS       2070 TO     2500 ON WORKER5: OK
 COLLECTING SUBJECTS        1 TO      405 ON MANAGER
 COLLECTING SUBJECTS      844 TO     1272 ON WORKER2
 COLLECTING SUBJECTS     1273 TO     1660 ON WORKER3
 COLLECTING SUBJECTS     1661 TO     2069 ON WORKER4
 COLLECTING SUBJECTS     2070 TO     2500 ON WORKER5
 COLLECTING SUBJECTS      406 TO      843 ON WORKER1
 ITERATION            3
 STARTING SUBJECTS          1 TO      405 ON MANAGER: OK
 STARTING SUBJECTS        406 TO      843 ON WORKER1: OK
 STARTING SUBJECTS        844 TO     1272 ON WORKER2: OK
 STARTING SUBJECTS       1273 TO     1660 ON WORKER3: OK
 STARTING SUBJECTS       1661 TO     2069 ON WORKER4: OK
 STARTING SUBJECTS       2070 TO     2500 ON WORKER5: OK
 COLLECTING SUBJECTS        1 TO      405 ON MANAGER
 COLLECTING SUBJECTS     1273 TO     1660 ON WORKER3
 COLLECTING SUBJECTS     1661 TO     2069 ON WORKER4
 COLLECTING SUBJECTS     2070 TO     2500 ON WORKER5
 COLLECTING SUBJECTS      406 TO      843 ON WORKER1
 COLLECTING SUBJECTS      844 TO     1272 ON WORKER2
 ITERATION            3
 STARTING SUBJECTS          1 TO      405 ON MANAGER: OK
 STARTING SUBJECTS        406 TO      843 ON WORKER1: OK
 STARTING SUBJECTS        844 TO     1272 ON WORKER2: OK
 STARTING SUBJECTS       1273 TO     1660 ON WORKER3: OK
 STARTING SUBJECTS       1661 TO     2069 ON WORKER4: OK
 STARTING SUBJECTS       2070 TO     2500 ON WORKER5: OK
 COLLECTING SUBJECTS        1 TO      405 ON MANAGER
 COLLECTING SUBJECTS      406 TO      843 ON WORKER1
 COLLECTING SUBJECTS      844 TO     1272 ON WORKER2
 COLLECTING SUBJECTS     1273 TO     1660 ON WORKER3
 COLLECTING SUBJECTS     1661 TO     2069 ON WORKER4
 COLLECTING SUBJECTS     2070 TO     2500 ON WORKER5
 ITERATION            3
 STARTING SUBJECTS          1 TO      405 ON MANAGER: OK
 STARTING SUBJECTS        406 TO      843 ON WORKER1: OK
 STARTING SUBJECTS        844 TO     1272 ON WORKER2: OK
 STARTING SUBJECTS       1273 TO     1660 ON WORKER3: OK
 STARTING SUBJECTS       1661 TO     2069 ON WORKER4: OK
 STARTING SUBJECTS       2070 TO     2500 ON WORKER5: OK
 COLLECTING SUBJECTS        1 TO      405 ON MANAGER
 COLLECTING SUBJECTS      406 TO      843 ON WORKER1
 COLLECTING SUBJECTS      844 TO     1272 ON WORKER2
 COLLECTING SUBJECTS     1273 TO     1660 ON WORKER3
 COLLECTING SUBJECTS     1661 TO     2069 ON WORKER4
 COLLECTING SUBJECTS     2070 TO     2500 ON WORKER5
 Total Load   Time for this  Iteration  (DDD:HH:MM:SS.DD) 000:00:00:01.33
 Total Comp.  Time for this  Iteration  (DDD:HH:MM:SS.DD) 000:00:00:10.02
 Accum. Load  Time among all Iterations (DDD:HH:MM:SS.DD) 000:00:00:06.81
 Accum. Comp. Time among all Iterations (DDD:HH:MM:SS.DD) 000:00:00:40.27
 
 ITERATION            4
 STARTING SUBJECTS          1 TO      409 ON MANAGER: OK
 STARTING SUBJECTS        410 TO      824 ON WORKER1: OK
 STARTING SUBJECTS        825 TO     1250 ON WORKER2: OK
 STARTING SUBJECTS       1251 TO     1644 ON WORKER3: OK
 STARTING SUBJECTS       1645 TO     2065 ON WORKER4: OK
 STARTING SUBJECTS       2066 TO     2500 ON WORKER5: OK
 COLLECTING SUBJECTS        1 TO      409 ON MANAGER
 COLLECTING SUBJECTS      410 TO      824 ON WORKER1
 COLLECTING SUBJECTS      825 TO     1250 ON WORKER2
 COLLECTING SUBJECTS     1251 TO     1644 ON WORKER3
 COLLECTING SUBJECTS     1645 TO     2065 ON WORKER4
 COLLECTING SUBJECTS     2066 TO     2500 ON WORKER5
 ITERATION            4
 STARTING SUBJECTS          1 TO      409 ON MANAGER: OK
 STARTING SUBJECTS        410 TO      824 ON WORKER1: OK
 STARTING SUBJECTS        825 TO     1250 ON WORKER2: OK
 STARTING SUBJECTS       1251 TO     1644 ON WORKER3: OK
 STARTING SUBJECTS       1645 TO     2065 ON WORKER4: OK
 STARTING SUBJECTS       2066 TO     2500 ON WORKER5: OK
 COLLECTING SUBJECTS        1 TO      409 ON MANAGER
 COLLECTING SUBJECTS      410 TO      824 ON WORKER1
 COLLECTING SUBJECTS      825 TO     1250 ON WORKER2
 COLLECTING SUBJECTS     1251 TO     1644 ON WORKER3
 COLLECTING SUBJECTS     1645 TO     2065 ON WORKER4
 COLLECTING SUBJECTS     2066 TO     2500 ON WORKER5
 ITERATION            4
 STARTING SUBJECTS          1 TO      409 ON MANAGER: OK
 STARTING SUBJECTS        410 TO      824 ON WORKER1: OK
 STARTING SUBJECTS        825 TO     1250 ON WORKER2: OK
 STARTING SUBJECTS       1251 TO     1644 ON WORKER3: OK
 STARTING SUBJECTS       1645 TO     2065 ON WORKER4: OK
 STARTING SUBJECTS       2066 TO     2500 ON WORKER5: OK
 COLLECTING SUBJECTS        1 TO      409 ON MANAGER
 COLLECTING SUBJECTS      410 TO      824 ON WORKER1
 COLLECTING SUBJECTS      825 TO     1250 ON WORKER2
 COLLECTING SUBJECTS     1251 TO     1644 ON WORKER3
 COLLECTING SUBJECTS     1645 TO     2065 ON WORKER4
 COLLECTING SUBJECTS     2066 TO     2500 ON WORKER5
 ITERATION            4
 STARTING SUBJECTS          1 TO      409 ON MANAGER: OK
 STARTING SUBJECTS        410 TO      824 ON WORKER1: OK
 STARTING SUBJECTS        825 TO     1250 ON WORKER2: OK
 STARTING SUBJECTS       1251 TO     1644 ON WORKER3: OK
 STARTING SUBJECTS       1645 TO     2065 ON WORKER4: OK
 STARTING SUBJECTS       2066 TO     2500 ON WORKER5: OK
 COLLECTING SUBJECTS        1 TO      409 ON MANAGER
 COLLECTING SUBJECTS      410 TO      824 ON WORKER1
 COLLECTING SUBJECTS      825 TO     1250 ON WORKER2
 COLLECTING SUBJECTS     1251 TO     1644 ON WORKER3
 COLLECTING SUBJECTS     1645 TO     2065 ON WORKER4
 COLLECTING SUBJECTS     2066 TO     2500 ON WORKER5
 Total Load   Time for this  Iteration  (DDD:HH:MM:SS.DD) 000:00:00:01.29
 Total Comp.  Time for this  Iteration  (DDD:HH:MM:SS.DD) 000:00:00:09.88
 Accum. Load  Time among all Iterations (DDD:HH:MM:SS.DD) 000:00:00:08.10
 Accum. Comp. Time among all Iterations (DDD:HH:MM:SS.DD) 000:00:00:50.15
 
 ITERATION            5
 STARTING SUBJECTS          1 TO      394 ON MANAGER: OK
 STARTING SUBJECTS        395 TO      833 ON WORKER1: OK
 STARTING SUBJECTS        834 TO     1239 ON WORKER2: OK
 STARTING SUBJECTS       1240 TO     1674 ON WORKER3: OK
 STARTING SUBJECTS       1675 TO     2081 ON WORKER4: OK
 STARTING SUBJECTS       2082 TO     2500 ON WORKER5: OK
 COLLECTING SUBJECTS        1 TO      394 ON MANAGER
 COLLECTING SUBJECTS      834 TO     1239 ON WORKER2
 COLLECTING SUBJECTS     1240 TO     1674 ON WORKER3
 COLLECTING SUBJECTS     1675 TO     2081 ON WORKER4
 COLLECTING SUBJECTS     2082 TO     2500 ON WORKER5
 COLLECTING SUBJECTS      395 TO      833 ON WORKER1
 ITERATION            5
 STARTING SUBJECTS          1 TO      394 ON MANAGER: OK
 STARTING SUBJECTS        395 TO      833 ON WORKER1: OK
 STARTING SUBJECTS        834 TO     1239 ON WORKER2: OK
 STARTING SUBJECTS       1240 TO     1674 ON WORKER3: OK
 STARTING SUBJECTS       1675 TO     2081 ON WORKER4: OK
 STARTING SUBJECTS       2082 TO     2500 ON WORKER5: OK
 COLLECTING SUBJECTS        1 TO      394 ON MANAGER
 COLLECTING SUBJECTS      395 TO      833 ON WORKER1
 COLLECTING SUBJECTS      834 TO     1239 ON WORKER2
 COLLECTING SUBJECTS     1240 TO     1674 ON WORKER3
 COLLECTING SUBJECTS     1675 TO     2081 ON WORKER4
 COLLECTING SUBJECTS     2082 TO     2500 ON WORKER5
 ITERATION            5
 STARTING SUBJECTS          1 TO      394 ON MANAGER: OK
 STARTING SUBJECTS        395 TO      833 ON WORKER1: OK
 STARTING SUBJECTS        834 TO     1239 ON WORKER2: OK
 STARTING SUBJECTS       1240 TO     1674 ON WORKER3: OK
 STARTING SUBJECTS       1675 TO     2081 ON WORKER4: OK
 STARTING SUBJECTS       2082 TO     2500 ON WORKER5: OK
 COLLECTING SUBJECTS        1 TO      394 ON MANAGER
 COLLECTING SUBJECTS      834 TO     1239 ON WORKER2
 COLLECTING SUBJECTS     1240 TO     1674 ON WORKER3
 COLLECTING SUBJECTS     1675 TO     2081 ON WORKER4
 COLLECTING SUBJECTS     2082 TO     2500 ON WORKER5
 COLLECTING SUBJECTS      395 TO      833 ON WORKER1
 ITERATION            5
 STARTING SUBJECTS          1 TO      394 ON MANAGER: OK
 STARTING SUBJECTS        395 TO      833 ON WORKER1: OK
 STARTING SUBJECTS        834 TO     1239 ON WORKER2: OK
 STARTING SUBJECTS       1240 TO     1674 ON WORKER3: OK
 STARTING SUBJECTS       1675 TO     2081 ON WORKER4: OK
 STARTING SUBJECTS       2082 TO     2500 ON WORKER5: OK
 COLLECTING SUBJECTS        1 TO      394 ON MANAGER
 COLLECTING SUBJECTS      834 TO     1239 ON WORKER2
 COLLECTING SUBJECTS     1675 TO     2081 ON WORKER4
 COLLECTING SUBJECTS      395 TO      833 ON WORKER1
 COLLECTING SUBJECTS     1240 TO     1674 ON WORKER3
 COLLECTING SUBJECTS     2082 TO     2500 ON WORKER5
 Total Load   Time for this  Iteration  (DDD:HH:MM:SS.DD) 000:00:00:01.30
 Total Comp.  Time for this  Iteration  (DDD:HH:MM:SS.DD) 000:00:00:09.69
 Accum. Load  Time among all Iterations (DDD:HH:MM:SS.DD) 000:00:00:09.39
 Accum. Comp. Time among all Iterations (DDD:HH:MM:SS.DD) 000:00:00:59.84
 
 ITERATION            6
 STARTING SUBJECTS          1 TO      392 ON MANAGER: OK
 STARTING SUBJECTS        393 TO      831 ON WORKER1: OK
 STARTING SUBJECTS        832 TO     1255 ON WORKER2: OK
 STARTING SUBJECTS       1256 TO     1662 ON WORKER3: OK
 STARTING SUBJECTS       1663 TO     2071 ON WORKER4: OK
 STARTING SUBJECTS       2072 TO     2500 ON WORKER5: OK
 COLLECTING SUBJECTS        1 TO      392 ON MANAGER
 COLLECTING SUBJECTS      393 TO      831 ON WORKER1
 COLLECTING SUBJECTS      832 TO     1255 ON WORKER2
 COLLECTING SUBJECTS     1256 TO     1662 ON WORKER3
 COLLECTING SUBJECTS     1663 TO     2071 ON WORKER4
 COLLECTING SUBJECTS     2072 TO     2500 ON WORKER5
 ITERATION            6
 STARTING SUBJECTS          1 TO      392 ON MANAGER: OK
 STARTING SUBJECTS        393 TO      831 ON WORKER1: OK
 STARTING SUBJECTS        832 TO     1255 ON WORKER2: OK
 STARTING SUBJECTS       1256 TO     1662 ON WORKER3: OK
 STARTING SUBJECTS       1663 TO     2071 ON WORKER4: OK
 STARTING SUBJECTS       2072 TO     2500 ON WORKER5: OK
 COLLECTING SUBJECTS        1 TO      392 ON MANAGER
 COLLECTING SUBJECTS     1256 TO     1662 ON WORKER3
 COLLECTING SUBJECTS     1663 TO     2071 ON WORKER4
 COLLECTING SUBJECTS     2072 TO     2500 ON WORKER5
 COLLECTING SUBJECTS      393 TO      831 ON WORKER1
 COLLECTING SUBJECTS      832 TO     1255 ON WORKER2
 ITERATION            6
 STARTING SUBJECTS          1 TO      392 ON MANAGER: OK
 STARTING SUBJECTS        393 TO      831 ON WORKER1: OK
 STARTING SUBJECTS        832 TO     1255 ON WORKER2: OK
 STARTING SUBJECTS       1256 TO     1662 ON WORKER3: OK
 STARTING SUBJECTS       1663 TO     2071 ON WORKER4: OK
 STARTING SUBJECTS       2072 TO     2500 ON WORKER5: OK
 COLLECTING SUBJECTS        1 TO      392 ON MANAGER
 COLLECTING SUBJECTS      393 TO      831 ON WORKER1
 COLLECTING SUBJECTS      832 TO     1255 ON WORKER2
 COLLECTING SUBJECTS     1256 TO     1662 ON WORKER3
 COLLECTING SUBJECTS     1663 TO     2071 ON WORKER4
 COLLECTING SUBJECTS     2072 TO     2500 ON WORKER5
 ITERATION            6
 STARTING SUBJECTS          1 TO      392 ON MANAGER: OK
 STARTING SUBJECTS        393 TO      831 ON WORKER1: OK
 STARTING SUBJECTS        832 TO     1255 ON WORKER2: OK
 STARTING SUBJECTS       1256 TO     1662 ON WORKER3: OK
 STARTING SUBJECTS       1663 TO     2071 ON WORKER4: OK
 STARTING SUBJECTS       2072 TO     2500 ON WORKER5: OK
 COLLECTING SUBJECTS        1 TO      392 ON MANAGER
 COLLECTING SUBJECTS      832 TO     1255 ON WORKER2
 COLLECTING SUBJECTS     1256 TO     1662 ON WORKER3
 COLLECTING SUBJECTS     1663 TO     2071 ON WORKER4
 COLLECTING SUBJECTS     2072 TO     2500 ON WORKER5
 COLLECTING SUBJECTS      393 TO      831 ON WORKER1
 Total Load   Time for this  Iteration  (DDD:HH:MM:SS.DD) 000:00:00:01.28
 Total Comp.  Time for this  Iteration  (DDD:HH:MM:SS.DD) 000:00:00:09.53
 Accum. Load  Time among all Iterations (DDD:HH:MM:SS.DD) 000:00:00:10.67
 Accum. Comp. Time among all Iterations (DDD:HH:MM:SS.DD) 000:00:01:09.37
 
 ITERATION            7
 STARTING SUBJECTS          1 TO      395 ON MANAGER: OK
 STARTING SUBJECTS        396 TO      824 ON WORKER1: OK
 STARTING SUBJECTS        825 TO     1253 ON WORKER2: OK
 STARTING SUBJECTS       1254 TO     1666 ON WORKER3: OK
 STARTING SUBJECTS       1667 TO     2073 ON WORKER4: OK
 STARTING SUBJECTS       2074 TO     2500 ON WORKER5: OK
 COLLECTING SUBJECTS        1 TO      395 ON MANAGER
 COLLECTING SUBJECTS      396 TO      824 ON WORKER1
 COLLECTING SUBJECTS      825 TO     1253 ON WORKER2
 COLLECTING SUBJECTS     1254 TO     1666 ON WORKER3
 COLLECTING SUBJECTS     1667 TO     2073 ON WORKER4
 COLLECTING SUBJECTS     2074 TO     2500 ON WORKER5
 ITERATION            7
 STARTING SUBJECTS          1 TO      395 ON MANAGER: OK
 STARTING SUBJECTS        396 TO      824 ON WORKER1: OK
 STARTING SUBJECTS        825 TO     1253 ON WORKER2: OK
 STARTING SUBJECTS       1254 TO     1666 ON WORKER3: OK
 STARTING SUBJECTS       1667 TO     2073 ON WORKER4: OK
 STARTING SUBJECTS       2074 TO     2500 ON WORKER5: OK
 COLLECTING SUBJECTS        1 TO      395 ON MANAGER
 COLLECTING SUBJECTS      396 TO      824 ON WORKER1
 COLLECTING SUBJECTS      825 TO     1253 ON WORKER2
 COLLECTING SUBJECTS     1667 TO     2073 ON WORKER4
 COLLECTING SUBJECTS     2074 TO     2500 ON WORKER5
 COLLECTING SUBJECTS     1254 TO     1666 ON WORKER3
 ITERATION            7
 STARTING SUBJECTS          1 TO      395 ON MANAGER: OK
 STARTING SUBJECTS        396 TO      824 ON WORKER1: OK
 STARTING SUBJECTS        825 TO     1253 ON WORKER2: OK
 STARTING SUBJECTS       1254 TO     1666 ON WORKER3: OK
 STARTING SUBJECTS       1667 TO     2073 ON WORKER4: OK
 STARTING SUBJECTS       2074 TO     2500 ON WORKER5: OK
 COLLECTING SUBJECTS        1 TO      395 ON MANAGER
 COLLECTING SUBJECTS      396 TO      824 ON WORKER1
 COLLECTING SUBJECTS      825 TO     1253 ON WORKER2
 COLLECTING SUBJECTS     1254 TO     1666 ON WORKER3
 COLLECTING SUBJECTS     1667 TO     2073 ON WORKER4
 COLLECTING SUBJECTS     2074 TO     2500 ON WORKER5
 ITERATION            7
 STARTING SUBJECTS          1 TO      395 ON MANAGER: OK
 STARTING SUBJECTS        396 TO      824 ON WORKER1: OK
 STARTING SUBJECTS        825 TO     1253 ON WORKER2: OK
 STARTING SUBJECTS       1254 TO     1666 ON WORKER3: OK
 STARTING SUBJECTS       1667 TO     2073 ON WORKER4: OK
 STARTING SUBJECTS       2074 TO     2500 ON WORKER5: OK
 COLLECTING SUBJECTS        1 TO      395 ON MANAGER
 COLLECTING SUBJECTS      825 TO     1253 ON WORKER2
 COLLECTING SUBJECTS     1254 TO     1666 ON WORKER3
 COLLECTING SUBJECTS     1667 TO     2073 ON WORKER4
 COLLECTING SUBJECTS     2074 TO     2500 ON WORKER5
 COLLECTING SUBJECTS      396 TO      824 ON WORKER1
 Total Load   Time for this  Iteration  (DDD:HH:MM:SS.DD) 000:00:00:01.03
 Total Comp.  Time for this  Iteration  (DDD:HH:MM:SS.DD) 000:00:00:09.31
 Accum. Load  Time among all Iterations (DDD:HH:MM:SS.DD) 000:00:00:11.71
 Accum. Comp. Time among all Iterations (DDD:HH:MM:SS.DD) 000:00:01:18.68
 
 ITERATION            8
 STARTING SUBJECTS          1 TO      420 ON MANAGER: OK
 STARTING SUBJECTS        421 TO      829 ON WORKER1: OK
 STARTING SUBJECTS        830 TO     1245 ON WORKER2: OK
 STARTING SUBJECTS       1246 TO     1651 ON WORKER3: OK
 STARTING SUBJECTS       1652 TO     2065 ON WORKER4: OK
 STARTING SUBJECTS       2066 TO     2500 ON WORKER5: OK
 COLLECTING SUBJECTS        1 TO      420 ON MANAGER
 COLLECTING SUBJECTS      830 TO     1245 ON WORKER2
 COLLECTING SUBJECTS     1246 TO     1651 ON WORKER3
 COLLECTING SUBJECTS     1652 TO     2065 ON WORKER4
 COLLECTING SUBJECTS     2066 TO     2500 ON WORKER5
 COLLECTING SUBJECTS      421 TO      829 ON WORKER1
 ITERATION            8
 STARTING SUBJECTS          1 TO      420 ON MANAGER: OK
 STARTING SUBJECTS        421 TO      829 ON WORKER1: OK
 STARTING SUBJECTS        830 TO     1245 ON WORKER2: OK
 STARTING SUBJECTS       1246 TO     1651 ON WORKER3: OK
 STARTING SUBJECTS       1652 TO     2065 ON WORKER4: OK
 STARTING SUBJECTS       2066 TO     2500 ON WORKER5: OK
 COLLECTING SUBJECTS        1 TO      420 ON MANAGER
 COLLECTING SUBJECTS      421 TO      829 ON WORKER1
 COLLECTING SUBJECTS      830 TO     1245 ON WORKER2
 COLLECTING SUBJECTS     1246 TO     1651 ON WORKER3
 COLLECTING SUBJECTS     1652 TO     2065 ON WORKER4
 COLLECTING SUBJECTS     2066 TO     2500 ON WORKER5
 ITERATION            8
 STARTING SUBJECTS          1 TO      420 ON MANAGER: OK
 STARTING SUBJECTS        421 TO      829 ON WORKER1: OK
 STARTING SUBJECTS        830 TO     1245 ON WORKER2: OK
 STARTING SUBJECTS       1246 TO     1651 ON WORKER3: OK
 STARTING SUBJECTS       1652 TO     2065 ON WORKER4: OK
 STARTING SUBJECTS       2066 TO     2500 ON WORKER5: OK
 COLLECTING SUBJECTS        1 TO      420 ON MANAGER
 COLLECTING SUBJECTS      421 TO      829 ON WORKER1
 COLLECTING SUBJECTS      830 TO     1245 ON WORKER2
 COLLECTING SUBJECTS     1246 TO     1651 ON WORKER3
 COLLECTING SUBJECTS     1652 TO     2065 ON WORKER4
 COLLECTING SUBJECTS     2066 TO     2500 ON WORKER5
 ITERATION            8
 STARTING SUBJECTS          1 TO      420 ON MANAGER: OK
 STARTING SUBJECTS        421 TO      829 ON WORKER1: OK
 STARTING SUBJECTS        830 TO     1245 ON WORKER2: OK
 STARTING SUBJECTS       1246 TO     1651 ON WORKER3: OK
 STARTING SUBJECTS       1652 TO     2065 ON WORKER4: OK
 STARTING SUBJECTS       2066 TO     2500 ON WORKER5: OK
 COLLECTING SUBJECTS        1 TO      420 ON MANAGER
 COLLECTING SUBJECTS      421 TO      829 ON WORKER1
 COLLECTING SUBJECTS      830 TO     1245 ON WORKER2
 COLLECTING SUBJECTS     1246 TO     1651 ON WORKER3
 COLLECTING SUBJECTS     1652 TO     2065 ON WORKER4
 COLLECTING SUBJECTS     2066 TO     2500 ON WORKER5
 Total Load   Time for this  Iteration  (DDD:HH:MM:SS.DD) 000:00:00:01.23
 Total Comp.  Time for this  Iteration  (DDD:HH:MM:SS.DD) 000:00:00:08.74
 Accum. Load  Time among all Iterations (DDD:HH:MM:SS.DD) 000:00:00:12.93
 Accum. Comp. Time among all Iterations (DDD:HH:MM:SS.DD) 000:00:01:27.42
 
 ITERATION            9
 STARTING SUBJECTS          1 TO      423 ON MANAGER: OK
 STARTING SUBJECTS        424 TO      833 ON WORKER1: OK
 STARTING SUBJECTS        834 TO     1264 ON WORKER2: OK
 STARTING SUBJECTS       1265 TO     1646 ON WORKER3: OK
 STARTING SUBJECTS       1647 TO     2073 ON WORKER4: OK
 STARTING SUBJECTS       2074 TO     2500 ON WORKER5: OK
 COLLECTING SUBJECTS        1 TO      423 ON MANAGER
 COLLECTING SUBJECTS      424 TO      833 ON WORKER1
 COLLECTING SUBJECTS      834 TO     1264 ON WORKER2
 COLLECTING SUBJECTS     1265 TO     1646 ON WORKER3
 COLLECTING SUBJECTS     1647 TO     2073 ON WORKER4
 COLLECTING SUBJECTS     2074 TO     2500 ON WORKER5
 ITERATION            9
 STARTING SUBJECTS          1 TO      423 ON MANAGER: OK
 STARTING SUBJECTS        424 TO      833 ON WORKER1: OK
 STARTING SUBJECTS        834 TO     1264 ON WORKER2: OK
 STARTING SUBJECTS       1265 TO     1646 ON WORKER3: OK
 STARTING SUBJECTS       1647 TO     2073 ON WORKER4: OK
 STARTING SUBJECTS       2074 TO     2500 ON WORKER5: OK
 COLLECTING SUBJECTS        1 TO      423 ON MANAGER
 COLLECTING SUBJECTS      424 TO      833 ON WORKER1
 COLLECTING SUBJECTS      834 TO     1264 ON WORKER2
 COLLECTING SUBJECTS     1265 TO     1646 ON WORKER3
 COLLECTING SUBJECTS     1647 TO     2073 ON WORKER4
 COLLECTING SUBJECTS     2074 TO     2500 ON WORKER5
 ITERATION            9
 STARTING SUBJECTS          1 TO      423 ON MANAGER: OK
 STARTING SUBJECTS        424 TO      833 ON WORKER1: OK
 STARTING SUBJECTS        834 TO     1264 ON WORKER2: OK
 STARTING SUBJECTS       1265 TO     1646 ON WORKER3: OK
 STARTING SUBJECTS       1647 TO     2073 ON WORKER4: OK
 STARTING SUBJECTS       2074 TO     2500 ON WORKER5: OK
 COLLECTING SUBJECTS        1 TO      423 ON MANAGER
 COLLECTING SUBJECTS     1265 TO     1646 ON WORKER3
 COLLECTING SUBJECTS     1647 TO     2073 ON WORKER4
 COLLECTING SUBJECTS     2074 TO     2500 ON WORKER5
 COLLECTING SUBJECTS      424 TO      833 ON WORKER1
 COLLECTING SUBJECTS      834 TO     1264 ON WORKER2
 ITERATION            9
 STARTING SUBJECTS          1 TO      423 ON MANAGER: OK
 STARTING SUBJECTS        424 TO      833 ON WORKER1: OK
 STARTING SUBJECTS        834 TO     1264 ON WORKER2: OK
 STARTING SUBJECTS       1265 TO     1646 ON WORKER3: OK
 STARTING SUBJECTS       1647 TO     2073 ON WORKER4: OK
 STARTING SUBJECTS       2074 TO     2500 ON WORKER5: OK
 COLLECTING SUBJECTS        1 TO      423 ON MANAGER
 COLLECTING SUBJECTS      424 TO      833 ON WORKER1
 COLLECTING SUBJECTS      834 TO     1264 ON WORKER2
 COLLECTING SUBJECTS     1265 TO     1646 ON WORKER3
 COLLECTING SUBJECTS     1647 TO     2073 ON WORKER4
 COLLECTING SUBJECTS     2074 TO     2500 ON WORKER5
 Total Load   Time for this  Iteration  (DDD:HH:MM:SS.DD) 000:00:00:01.29
 Total Comp.  Time for this  Iteration  (DDD:HH:MM:SS.DD) 000:00:00:08.72
 Accum. Load  Time among all Iterations (DDD:HH:MM:SS.DD) 000:00:00:14.22
 Accum. Comp. Time among all Iterations (DDD:HH:MM:SS.DD) 000:00:01:36.14
 
 ITERATION           10
 STARTING SUBJECTS          1 TO      407 ON MANAGER: OK
 STARTING SUBJECTS        408 TO      837 ON WORKER1: OK
 STARTING SUBJECTS        838 TO     1261 ON WORKER2: OK
 STARTING SUBJECTS       1262 TO     1667 ON WORKER3: OK
 STARTING SUBJECTS       1668 TO     2095 ON WORKER4: OK
 STARTING SUBJECTS       2096 TO     2500 ON WORKER5: OK
 COLLECTING SUBJECTS        1 TO      407 ON MANAGER
 COLLECTING SUBJECTS      838 TO     1261 ON WORKER2
 COLLECTING SUBJECTS     1262 TO     1667 ON WORKER3
 COLLECTING SUBJECTS     1668 TO     2095 ON WORKER4
 COLLECTING SUBJECTS     2096 TO     2500 ON WORKER5
 COLLECTING SUBJECTS      408 TO      837 ON WORKER1
 ITERATION           10
 STARTING SUBJECTS          1 TO      407 ON MANAGER: OK
 STARTING SUBJECTS        408 TO      837 ON WORKER1: OK
 STARTING SUBJECTS        838 TO     1261 ON WORKER2: OK
 STARTING SUBJECTS       1262 TO     1667 ON WORKER3: OK
 STARTING SUBJECTS       1668 TO     2095 ON WORKER4: OK
 STARTING SUBJECTS       2096 TO     2500 ON WORKER5: OK
 COLLECTING SUBJECTS        1 TO      407 ON MANAGER
 COLLECTING SUBJECTS      838 TO     1261 ON WORKER2
 COLLECTING SUBJECTS     1262 TO     1667 ON WORKER3
 COLLECTING SUBJECTS     1668 TO     2095 ON WORKER4
 COLLECTING SUBJECTS     2096 TO     2500 ON WORKER5
 COLLECTING SUBJECTS      408 TO      837 ON WORKER1
 ITERATION           10
 STARTING SUBJECTS          1 TO      407 ON MANAGER: OK
 STARTING SUBJECTS        408 TO      837 ON WORKER1: OK
 STARTING SUBJECTS        838 TO     1261 ON WORKER2: OK
 STARTING SUBJECTS       1262 TO     1667 ON WORKER3: OK
 STARTING SUBJECTS       1668 TO     2095 ON WORKER4: OK
 STARTING SUBJECTS       2096 TO     2500 ON WORKER5: OK
 COLLECTING SUBJECTS        1 TO      407 ON MANAGER
 COLLECTING SUBJECTS      838 TO     1261 ON WORKER2
 COLLECTING SUBJECTS     1262 TO     1667 ON WORKER3
 COLLECTING SUBJECTS     1668 TO     2095 ON WORKER4
 COLLECTING SUBJECTS     2096 TO     2500 ON WORKER5
 COLLECTING SUBJECTS      408 TO      837 ON WORKER1
 ITERATION           10
 STARTING SUBJECTS          1 TO      407 ON MANAGER: OK
 STARTING SUBJECTS        408 TO      837 ON WORKER1: OK
 STARTING SUBJECTS        838 TO     1261 ON WORKER2: OK
 STARTING SUBJECTS       1262 TO     1667 ON WORKER3: OK
 STARTING SUBJECTS       1668 TO     2095 ON WORKER4: OK
 STARTING SUBJECTS       2096 TO     2500 ON WORKER5: OK
 COLLECTING SUBJECTS        1 TO      407 ON MANAGER
 COLLECTING SUBJECTS      838 TO     1261 ON WORKER2
 COLLECTING SUBJECTS     1262 TO     1667 ON WORKER3
 COLLECTING SUBJECTS     1668 TO     2095 ON WORKER4
 COLLECTING SUBJECTS     2096 TO     2500 ON WORKER5
 COLLECTING SUBJECTS      408 TO      837 ON WORKER1
 Total Load   Time for this  Iteration  (DDD:HH:MM:SS.DD) 000:00:00:01.30
 Total Comp.  Time for this  Iteration  (DDD:HH:MM:SS.DD) 000:00:00:08.76
 Accum. Load  Time among all Iterations (DDD:HH:MM:SS.DD) 000:00:00:15.51
 Accum. Comp. Time among all Iterations (DDD:HH:MM:SS.DD) 000:00:01:44.89
 
 ITERATION           11
 STARTING SUBJECTS          1 TO      389 ON MANAGER: OK
 STARTING SUBJECTS        390 TO      816 ON WORKER1: OK
 STARTING SUBJECTS        817 TO     1256 ON WORKER2: OK
 STARTING SUBJECTS       1257 TO     1669 ON WORKER3: OK
 STARTING SUBJECTS       1670 TO     2091 ON WORKER4: OK
 STARTING SUBJECTS       2092 TO     2500 ON WORKER5: OK
 COLLECTING SUBJECTS        1 TO      389 ON MANAGER
 COLLECTING SUBJECTS      390 TO      816 ON WORKER1
 COLLECTING SUBJECTS      817 TO     1256 ON WORKER2
 COLLECTING SUBJECTS     1257 TO     1669 ON WORKER3
 COLLECTING SUBJECTS     1670 TO     2091 ON WORKER4
 COLLECTING SUBJECTS     2092 TO     2500 ON WORKER5
 ITERATION           11
 STARTING SUBJECTS          1 TO      389 ON MANAGER: OK
 STARTING SUBJECTS        390 TO      816 ON WORKER1: OK
 STARTING SUBJECTS        817 TO     1256 ON WORKER2: OK
 STARTING SUBJECTS       1257 TO     1669 ON WORKER3: OK
 STARTING SUBJECTS       1670 TO     2091 ON WORKER4: OK
 STARTING SUBJECTS       2092 TO     2500 ON WORKER5: OK
 COLLECTING SUBJECTS        1 TO      389 ON MANAGER
 COLLECTING SUBJECTS      817 TO     1256 ON WORKER2
 COLLECTING SUBJECTS     1257 TO     1669 ON WORKER3
 COLLECTING SUBJECTS     1670 TO     2091 ON WORKER4
 COLLECTING SUBJECTS     2092 TO     2500 ON WORKER5
 COLLECTING SUBJECTS      390 TO      816 ON WORKER1
 ITERATION           11
 STARTING SUBJECTS          1 TO      389 ON MANAGER: OK
 STARTING SUBJECTS        390 TO      816 ON WORKER1: OK
 STARTING SUBJECTS        817 TO     1256 ON WORKER2: OK
 STARTING SUBJECTS       1257 TO     1669 ON WORKER3: OK
 STARTING SUBJECTS       1670 TO     2091 ON WORKER4: OK
 STARTING SUBJECTS       2092 TO     2500 ON WORKER5: OK
 COLLECTING SUBJECTS        1 TO      389 ON MANAGER
 COLLECTING SUBJECTS      390 TO      816 ON WORKER1
 COLLECTING SUBJECTS      817 TO     1256 ON WORKER2
 COLLECTING SUBJECTS     1257 TO     1669 ON WORKER3
 COLLECTING SUBJECTS     1670 TO     2091 ON WORKER4
 COLLECTING SUBJECTS     2092 TO     2500 ON WORKER5
 ITERATION           11
 STARTING SUBJECTS          1 TO      389 ON MANAGER: OK
 STARTING SUBJECTS        390 TO      816 ON WORKER1: OK
 STARTING SUBJECTS        817 TO     1256 ON WORKER2: OK
 STARTING SUBJECTS       1257 TO     1669 ON WORKER3: OK
 STARTING SUBJECTS       1670 TO     2091 ON WORKER4: OK
 STARTING SUBJECTS       2092 TO     2500 ON WORKER5: OK
 COLLECTING SUBJECTS        1 TO      389 ON MANAGER
 COLLECTING SUBJECTS      817 TO     1256 ON WORKER2
 COLLECTING SUBJECTS     1257 TO     1669 ON WORKER3
 COLLECTING SUBJECTS     1670 TO     2091 ON WORKER4
 COLLECTING SUBJECTS     2092 TO     2500 ON WORKER5
 COLLECTING SUBJECTS      390 TO      816 ON WORKER1
 Total Load   Time for this  Iteration  (DDD:HH:MM:SS.DD) 000:00:00:01.24
 Total Comp.  Time for this  Iteration  (DDD:HH:MM:SS.DD) 000:00:00:08.95
 Accum. Load  Time among all Iterations (DDD:HH:MM:SS.DD) 000:00:00:16.75
 Accum. Comp. Time among all Iterations (DDD:HH:MM:SS.DD) 000:00:01:53.85
 
 ITERATION           12
 STARTING SUBJECTS          1 TO      406 ON MANAGER: OK
 STARTING SUBJECTS        407 TO      839 ON WORKER1: OK
 STARTING SUBJECTS        840 TO     1253 ON WORKER2: OK
 STARTING SUBJECTS       1254 TO     1663 ON WORKER3: OK
 STARTING SUBJECTS       1664 TO     2075 ON WORKER4: OK
 STARTING SUBJECTS       2076 TO     2500 ON WORKER5: OK
 COLLECTING SUBJECTS        1 TO      406 ON MANAGER
 COLLECTING SUBJECTS      840 TO     1253 ON WORKER2
 COLLECTING SUBJECTS     1254 TO     1663 ON WORKER3
 COLLECTING SUBJECTS     2076 TO     2500 ON WORKER5
 COLLECTING SUBJECTS      407 TO      839 ON WORKER1
 COLLECTING SUBJECTS     1664 TO     2075 ON WORKER4
 ITERATION           12
 STARTING SUBJECTS          1 TO      406 ON MANAGER: OK
 STARTING SUBJECTS        407 TO      839 ON WORKER1: OK
 STARTING SUBJECTS        840 TO     1253 ON WORKER2: OK
 STARTING SUBJECTS       1254 TO     1663 ON WORKER3: OK
 STARTING SUBJECTS       1664 TO     2075 ON WORKER4: OK
 STARTING SUBJECTS       2076 TO     2500 ON WORKER5: OK
 COLLECTING SUBJECTS        1 TO      406 ON MANAGER
 COLLECTING SUBJECTS     1254 TO     1663 ON WORKER3
 COLLECTING SUBJECTS     1664 TO     2075 ON WORKER4
 COLLECTING SUBJECTS     2076 TO     2500 ON WORKER5
 COLLECTING SUBJECTS      407 TO      839 ON WORKER1
 COLLECTING SUBJECTS      840 TO     1253 ON WORKER2
 ITERATION           12
 STARTING SUBJECTS          1 TO      406 ON MANAGER: OK
 STARTING SUBJECTS        407 TO      839 ON WORKER1: OK
 STARTING SUBJECTS        840 TO     1253 ON WORKER2: OK
 STARTING SUBJECTS       1254 TO     1663 ON WORKER3: OK
 STARTING SUBJECTS       1664 TO     2075 ON WORKER4: OK
 STARTING SUBJECTS       2076 TO     2500 ON WORKER5: OK
 COLLECTING SUBJECTS        1 TO      406 ON MANAGER
 COLLECTING SUBJECTS      840 TO     1253 ON WORKER2
 COLLECTING SUBJECTS     1254 TO     1663 ON WORKER3
 COLLECTING SUBJECTS     1664 TO     2075 ON WORKER4
 COLLECTING SUBJECTS     2076 TO     2500 ON WORKER5
 COLLECTING SUBJECTS      407 TO      839 ON WORKER1
 ITERATION           12
 STARTING SUBJECTS          1 TO      406 ON MANAGER: OK
 STARTING SUBJECTS        407 TO      839 ON WORKER1: OK
 STARTING SUBJECTS        840 TO     1253 ON WORKER2: OK
 STARTING SUBJECTS       1254 TO     1663 ON WORKER3: OK
 STARTING SUBJECTS       1664 TO     2075 ON WORKER4: OK
 STARTING SUBJECTS       2076 TO     2500 ON WORKER5: OK
 COLLECTING SUBJECTS        1 TO      406 ON MANAGER
 COLLECTING SUBJECTS     1254 TO     1663 ON WORKER3
 COLLECTING SUBJECTS     1664 TO     2075 ON WORKER4
 COLLECTING SUBJECTS     2076 TO     2500 ON WORKER5
 COLLECTING SUBJECTS      407 TO      839 ON WORKER1
 COLLECTING SUBJECTS      840 TO     1253 ON WORKER2
 Total Load   Time for this  Iteration  (DDD:HH:MM:SS.DD) 000:00:00:01.17
 Total Comp.  Time for this  Iteration  (DDD:HH:MM:SS.DD) 000:00:00:08.96
 Accum. Load  Time among all Iterations (DDD:HH:MM:SS.DD) 000:00:00:17.93
 Accum. Comp. Time among all Iterations (DDD:HH:MM:SS.DD) 000:00:02:02.81
 
 ITERATION           13
 STARTING SUBJECTS          1 TO      410 ON MANAGER: OK
 STARTING SUBJECTS        411 TO      839 ON WORKER1: OK
 STARTING SUBJECTS        840 TO     1250 ON WORKER2: OK
 STARTING SUBJECTS       1251 TO     1670 ON WORKER3: OK
 STARTING SUBJECTS       1671 TO     2068 ON WORKER4: OK
 STARTING SUBJECTS       2069 TO     2500 ON WORKER5: OK
 COLLECTING SUBJECTS        1 TO      410 ON MANAGER
 COLLECTING SUBJECTS      411 TO      839 ON WORKER1
 COLLECTING SUBJECTS      840 TO     1250 ON WORKER2
 COLLECTING SUBJECTS     1251 TO     1670 ON WORKER3
 COLLECTING SUBJECTS     1671 TO     2068 ON WORKER4
 COLLECTING SUBJECTS     2069 TO     2500 ON WORKER5
 ITERATION           13
 STARTING SUBJECTS          1 TO      410 ON MANAGER: OK
 STARTING SUBJECTS        411 TO      839 ON WORKER1: OK
 STARTING SUBJECTS        840 TO     1250 ON WORKER2: OK
 STARTING SUBJECTS       1251 TO     1670 ON WORKER3: OK
 STARTING SUBJECTS       1671 TO     2068 ON WORKER4: OK
 STARTING SUBJECTS       2069 TO     2500 ON WORKER5: OK
 COLLECTING SUBJECTS        1 TO      410 ON MANAGER
 COLLECTING SUBJECTS      411 TO      839 ON WORKER1
 COLLECTING SUBJECTS      840 TO     1250 ON WORKER2
 COLLECTING SUBJECTS     1251 TO     1670 ON WORKER3
 COLLECTING SUBJECTS     1671 TO     2068 ON WORKER4
 COLLECTING SUBJECTS     2069 TO     2500 ON WORKER5
 ITERATION           13
 STARTING SUBJECTS          1 TO      410 ON MANAGER: OK
 STARTING SUBJECTS        411 TO      839 ON WORKER1: OK
 STARTING SUBJECTS        840 TO     1250 ON WORKER2: OK
 STARTING SUBJECTS       1251 TO     1670 ON WORKER3: OK
 STARTING SUBJECTS       1671 TO     2068 ON WORKER4: OK
 STARTING SUBJECTS       2069 TO     2500 ON WORKER5: OK
 COLLECTING SUBJECTS        1 TO      410 ON MANAGER
 COLLECTING SUBJECTS      840 TO     1250 ON WORKER2
 COLLECTING SUBJECTS     1251 TO     1670 ON WORKER3
 COLLECTING SUBJECTS     1671 TO     2068 ON WORKER4
 COLLECTING SUBJECTS     2069 TO     2500 ON WORKER5
 COLLECTING SUBJECTS      411 TO      839 ON WORKER1
 ITERATION           13
 STARTING SUBJECTS          1 TO      410 ON MANAGER: OK
 STARTING SUBJECTS        411 TO      839 ON WORKER1: OK
 STARTING SUBJECTS        840 TO     1250 ON WORKER2: OK
 STARTING SUBJECTS       1251 TO     1670 ON WORKER3: OK
 STARTING SUBJECTS       1671 TO     2068 ON WORKER4: OK
 STARTING SUBJECTS       2069 TO     2500 ON WORKER5: OK
 COLLECTING SUBJECTS        1 TO      410 ON MANAGER
 COLLECTING SUBJECTS      411 TO      839 ON WORKER1
 COLLECTING SUBJECTS      840 TO     1250 ON WORKER2
 COLLECTING SUBJECTS     1251 TO     1670 ON WORKER3
 COLLECTING SUBJECTS     1671 TO     2068 ON WORKER4
 COLLECTING SUBJECTS     2069 TO     2500 ON WORKER5
